[0.124s] Invoking command in '/home/emon/development/ros2-beginners-level-2/ros2_ws/build/my_robot-description': CMAKE_PREFIX_PATH=${CMAKE_PREFIX_PATH}:/home/emon/development/ros2_begginers/install/my_py_pkg_project:/home/emon/development/ros2_begginers/install/my_py_pkg:/opt/ros/humble /usr/bin/cmake --build /home/emon/development/ros2-beginners-level-2/ros2_ws/build/my_robot-description -- -j8 -l8
[0.174s] Invoked command in '/home/emon/development/ros2-beginners-level-2/ros2_ws/build/my_robot-description' returned '0': CMAKE_PREFIX_PATH=${CMAKE_PREFIX_PATH}:/home/emon/development/ros2_begginers/install/my_py_pkg_project:/home/emon/development/ros2_begginers/install/my_py_pkg:/opt/ros/humble /usr/bin/cmake --build /home/emon/development/ros2-beginners-level-2/ros2_ws/build/my_robot-description -- -j8 -l8
[0.216s] Invoking command in '/home/emon/development/ros2-beginners-level-2/ros2_ws/build/my_robot-description': CMAKE_PREFIX_PATH=${CMAKE_PREFIX_PATH}:/home/emon/development/ros2_begginers/install/my_py_pkg_project:/home/emon/development/ros2_begginers/install/my_py_pkg:/opt/ros/humble /usr/bin/cmake --install /home/emon/development/ros2-beginners-level-2/ros2_ws/build/my_robot-description
[0.225s] -- Install configuration: ""
[0.226s] -- Up-to-date: /home/emon/development/ros2-beginners-level-2/ros2_ws/install/my_robot-description/share/my_robot-description//urdf
[0.226s] -- Up-to-date: /home/emon/development/ros2-beginners-level-2/ros2_ws/install/my_robot-description/share/my_robot-description//urdf/robot-wheel.urdf
[0.226s] -- Up-to-date: /home/emon/development/ros2-beginners-level-2/ros2_ws/install/my_robot-description/share/my_robot-description//launch
[0.226s] -- Installing: /home/emon/development/ros2-beginners-level-2/ros2_ws/install/my_robot-description/share/my_robot-description//launch/display.launch.py
[0.226s] -- Up-to-date: /home/emon/development/ros2-beginners-level-2/ros2_ws/install/my_robot-description/share/my_robot-description//launch/display.launch.xml
[0.227s] -- Up-to-date: /home/emon/development/ros2-beginners-level-2/ros2_ws/install/my_robot-description/share/ament_index/resource_index/package_run_dependencies/my_robot-description
[0.227s] -- Up-to-date: /home/emon/development/ros2-beginners-level-2/ros2_ws/install/my_robot-description/share/ament_index/resource_index/parent_prefix_path/my_robot-description
[0.227s] -- Up-to-date: /home/emon/development/ros2-beginners-level-2/ros2_ws/install/my_robot-description/share/my_robot-description/environment/ament_prefix_path.sh
[0.227s] -- Up-to-date: /home/emon/development/ros2-beginners-level-2/ros2_ws/install/my_robot-description/share/my_robot-description/environment/ament_prefix_path.dsv
[0.227s] -- Up-to-date: /home/emon/development/ros2-beginners-level-2/ros2_ws/install/my_robot-description/share/my_robot-description/environment/path.sh
[0.227s] -- Up-to-date: /home/emon/development/ros2-beginners-level-2/ros2_ws/install/my_robot-description/share/my_robot-description/environment/path.dsv
[0.228s] -- Up-to-date: /home/emon/development/ros2-beginners-level-2/ros2_ws/install/my_robot-description/share/my_robot-description/local_setup.bash
[0.228s] -- Up-to-date: /home/emon/development/ros2-beginners-level-2/ros2_ws/install/my_robot-description/share/my_robot-description/local_setup.sh
[0.228s] -- Up-to-date: /home/emon/development/ros2-beginners-level-2/ros2_ws/install/my_robot-description/share/my_robot-description/local_setup.zsh
[0.228s] -- Up-to-date: /home/emon/development/ros2-beginners-level-2/ros2_ws/install/my_robot-description/share/my_robot-description/local_setup.dsv
[0.228s] -- Installing: /home/emon/development/ros2-beginners-level-2/ros2_ws/install/my_robot-description/share/my_robot-description/package.dsv
[0.228s] -- Up-to-date: /home/emon/development/ros2-beginners-level-2/ros2_ws/install/my_robot-description/share/ament_index/resource_index/packages/my_robot-description
[0.228s] -- Up-to-date: /home/emon/development/ros2-beginners-level-2/ros2_ws/install/my_robot-description/share/my_robot-description/cmake/my_robot-descriptionConfig.cmake
[0.228s] -- Up-to-date: /home/emon/development/ros2-beginners-level-2/ros2_ws/install/my_robot-description/share/my_robot-description/cmake/my_robot-descriptionConfig-version.cmake
[0.229s] -- Up-to-date: /home/emon/development/ros2-beginners-level-2/ros2_ws/install/my_robot-description/share/my_robot-description/package.xml
[0.230s] Invoked command in '/home/emon/development/ros2-beginners-level-2/ros2_ws/build/my_robot-description' returned '0': CMAKE_PREFIX_PATH=${CMAKE_PREFIX_PATH}:/home/emon/development/ros2_begginers/install/my_py_pkg_project:/home/emon/development/ros2_begginers/install/my_py_pkg:/opt/ros/humble /usr/bin/cmake --install /home/emon/development/ros2-beginners-level-2/ros2_ws/build/my_robot-description
