[1.265s] DEBUG:colcon:Command line arguments: ['/usr/bin/colcon', 'build']
[1.265s] DEBUG:colcon:Parsed command line arguments: Namespace(log_base=None, log_level=None, verb_name='build', build_base='build', install_base='install', merge_install=False, symlink_install=False, test_result_base=None, continue_on_error=False, executor='parallel', parallel_workers=8, event_handlers=None, ignore_user_meta=False, metas=['./colcon.meta'], base_paths=['.'], packages_ignore=None, packages_ignore_regex=None, paths=None, packages_up_to=None, packages_up_to_regex=None, packages_above=None, packages_above_and_dependencies=None, packages_above_depth=None, packages_select_by_dep=None, packages_skip_by_dep=None, packages_skip_up_to=None, packages_select_build_failed=False, packages_skip_build_finished=False, packages_select_test_failures=False, packages_skip_test_passed=False, packages_select=None, packages_skip=None, packages_select_regex=None, packages_skip_regex=None, packages_start=None, packages_end=None, allow_overriding=[], cmake_args=None, cmake_target=None, cmake_target_skip_unavailable=False, cmake_clean_cache=False, cmake_clean_first=False, cmake_force_configure=False, ament_cmake_args=None, catkin_cmake_args=None, catkin_skip_building_tests=False, verb_parser=<colcon_defaults.argument_parser.defaults.DefaultArgumentsDecorator object at 0x7f464ce3e170>, verb_extension=<colcon_core.verb.build.BuildVerb object at 0x7f464d3df490>, main=<bound method BuildVerb.main of <colcon_core.verb.build.BuildVerb object at 0x7f464d3df490>>)
[1.320s] Level 1:colcon.colcon_core.package_discovery:discover_packages(colcon_meta) check parameters
[1.320s] Level 1:colcon.colcon_core.package_discovery:discover_packages(recursive) check parameters
[1.320s] Level 1:colcon.colcon_core.package_discovery:discover_packages(ignore) check parameters
[1.320s] Level 1:colcon.colcon_core.package_discovery:discover_packages(path) check parameters
[1.320s] Level 1:colcon.colcon_core.package_discovery:discover_packages(colcon_meta) discover
[1.320s] Level 1:colcon.colcon_core.package_discovery:discover_packages(recursive) discover
[1.320s] INFO:colcon.colcon_core.package_discovery:Crawling recursively for packages in '/home/emon/development/ros2-beginners-level-2/ros2_ws'
[1.320s] Level 1:colcon.colcon_core.package_identification:_identify(.) by extensions ['ignore', 'ignore_ament_install']
[1.320s] Level 1:colcon.colcon_core.package_identification:_identify(.) by extension 'ignore'
[1.320s] Level 1:colcon.colcon_core.package_identification:_identify(.) by extension 'ignore_ament_install'
[1.320s] Level 1:colcon.colcon_core.package_identification:_identify(.) by extensions ['colcon_pkg']
[1.320s] Level 1:colcon.colcon_core.package_identification:_identify(.) by extension 'colcon_pkg'
[1.320s] Level 1:colcon.colcon_core.package_identification:_identify(.) by extensions ['colcon_meta']
[1.320s] Level 1:colcon.colcon_core.package_identification:_identify(.) by extension 'colcon_meta'
[1.320s] Level 1:colcon.colcon_core.package_identification:_identify(.) by extensions ['ros']
[1.321s] Level 1:colcon.colcon_core.package_identification:_identify(.) by extension 'ros'
[1.332s] Level 1:colcon.colcon_core.package_identification:_identify(.) by extensions ['cmake', 'python']
[1.332s] Level 1:colcon.colcon_core.package_identification:_identify(.) by extension 'cmake'
[1.332s] Level 1:colcon.colcon_core.package_identification:_identify(.) by extension 'python'
[1.332s] Level 1:colcon.colcon_core.package_identification:_identify(.) by extensions ['python_setup_py']
[1.332s] Level 1:colcon.colcon_core.package_identification:_identify(.) by extension 'python_setup_py'
[1.332s] Level 1:colcon.colcon_core.package_identification:_identify(build) by extensions ['ignore', 'ignore_ament_install']
[1.332s] Level 1:colcon.colcon_core.package_identification:_identify(build) by extension 'ignore'
[1.332s] Level 1:colcon.colcon_core.package_identification:_identify(build) ignored
[1.332s] Level 1:colcon.colcon_core.package_identification:_identify(install) by extensions ['ignore', 'ignore_ament_install']
[1.332s] Level 1:colcon.colcon_core.package_identification:_identify(install) by extension 'ignore'
[1.332s] Level 1:colcon.colcon_core.package_identification:_identify(install) ignored
[1.332s] Level 1:colcon.colcon_core.package_identification:_identify(log) by extensions ['ignore', 'ignore_ament_install']
[1.333s] Level 1:colcon.colcon_core.package_identification:_identify(log) by extension 'ignore'
[1.333s] Level 1:colcon.colcon_core.package_identification:_identify(log) ignored
[1.333s] Level 1:colcon.colcon_core.package_identification:_identify(src) by extensions ['ignore', 'ignore_ament_install']
[1.333s] Level 1:colcon.colcon_core.package_identification:_identify(src) by extension 'ignore'
[1.333s] Level 1:colcon.colcon_core.package_identification:_identify(src) by extension 'ignore_ament_install'
[1.333s] Level 1:colcon.colcon_core.package_identification:_identify(src) by extensions ['colcon_pkg']
[1.333s] Level 1:colcon.colcon_core.package_identification:_identify(src) by extension 'colcon_pkg'
[1.333s] Level 1:colcon.colcon_core.package_identification:_identify(src) by extensions ['colcon_meta']
[1.333s] Level 1:colcon.colcon_core.package_identification:_identify(src) by extension 'colcon_meta'
[1.333s] Level 1:colcon.colcon_core.package_identification:_identify(src) by extensions ['ros']
[1.333s] Level 1:colcon.colcon_core.package_identification:_identify(src) by extension 'ros'
[1.333s] Level 1:colcon.colcon_core.package_identification:_identify(src) by extensions ['cmake', 'python']
[1.333s] Level 1:colcon.colcon_core.package_identification:_identify(src) by extension 'cmake'
[1.333s] Level 1:colcon.colcon_core.package_identification:_identify(src) by extension 'python'
[1.333s] Level 1:colcon.colcon_core.package_identification:_identify(src) by extensions ['python_setup_py']
[1.333s] Level 1:colcon.colcon_core.package_identification:_identify(src) by extension 'python_setup_py'
[1.333s] Level 1:colcon.colcon_core.package_identification:_identify(src/my_robot-description) by extensions ['ignore', 'ignore_ament_install']
[1.333s] Level 1:colcon.colcon_core.package_identification:_identify(src/my_robot-description) by extension 'ignore'
[1.334s] Level 1:colcon.colcon_core.package_identification:_identify(src/my_robot-description) by extension 'ignore_ament_install'
[1.334s] Level 1:colcon.colcon_core.package_identification:_identify(src/my_robot-description) by extensions ['colcon_pkg']
[1.334s] Level 1:colcon.colcon_core.package_identification:_identify(src/my_robot-description) by extension 'colcon_pkg'
[1.334s] Level 1:colcon.colcon_core.package_identification:_identify(src/my_robot-description) by extensions ['colcon_meta']
[1.334s] Level 1:colcon.colcon_core.package_identification:_identify(src/my_robot-description) by extension 'colcon_meta'
[1.334s] Level 1:colcon.colcon_core.package_identification:_identify(src/my_robot-description) by extensions ['ros']
[1.334s] Level 1:colcon.colcon_core.package_identification:_identify(src/my_robot-description) by extension 'ros'
[1.339s] DEBUG:colcon.colcon_core.package_identification:Package 'src/my_robot-description' with type 'ros.ament_cmake' and name 'my_robot-description'
[1.340s] Level 1:colcon.colcon_core.package_identification:_identify(src/my_robot_bringup) by extensions ['ignore', 'ignore_ament_install']
[1.340s] Level 1:colcon.colcon_core.package_identification:_identify(src/my_robot_bringup) by extension 'ignore'
[1.340s] Level 1:colcon.colcon_core.package_identification:_identify(src/my_robot_bringup) by extension 'ignore_ament_install'
[1.340s] Level 1:colcon.colcon_core.package_identification:_identify(src/my_robot_bringup) by extensions ['colcon_pkg']
[1.340s] Level 1:colcon.colcon_core.package_identification:_identify(src/my_robot_bringup) by extension 'colcon_pkg'
[1.340s] Level 1:colcon.colcon_core.package_identification:_identify(src/my_robot_bringup) by extensions ['colcon_meta']
[1.340s] Level 1:colcon.colcon_core.package_identification:_identify(src/my_robot_bringup) by extension 'colcon_meta'
[1.340s] Level 1:colcon.colcon_core.package_identification:_identify(src/my_robot_bringup) by extensions ['ros']
[1.340s] Level 1:colcon.colcon_core.package_identification:_identify(src/my_robot_bringup) by extension 'ros'
[1.341s] DEBUG:colcon.colcon_core.package_identification:Package 'src/my_robot_bringup' with type 'ros.ament_cmake' and name 'my_robot_bringup'
[1.341s] Level 1:colcon.colcon_core.package_discovery:discover_packages(recursive) using defaults
[1.341s] Level 1:colcon.colcon_core.package_discovery:discover_packages(ignore) discover
[1.341s] Level 1:colcon.colcon_core.package_discovery:discover_packages(ignore) using defaults
[1.341s] Level 1:colcon.colcon_core.package_discovery:discover_packages(path) discover
[1.341s] Level 1:colcon.colcon_core.package_discovery:discover_packages(path) using defaults
[1.452s] Level 1:colcon.colcon_core.package_discovery:discover_packages(prefix_path) check parameters
[1.453s] Level 1:colcon.colcon_core.package_discovery:discover_packages(prefix_path) discover
[1.521s] DEBUG:colcon.colcon_installed_package_information.package_discovery:Found 2 installed packages in /home/emon/ros_ws/install
[1.564s] DEBUG:colcon.colcon_installed_package_information.package_discovery:Found 2 installed packages in /home/emon/development/ros2-beginners-level-2/ros2_ws/install
[1.584s] DEBUG:colcon.colcon_installed_package_information.package_discovery:Found 3 installed packages in /home/emon/development/ros2_begginers/install
[1.604s] DEBUG:colcon.colcon_installed_package_information.package_discovery:Found 477 installed packages in /opt/ros/humble
[1.606s] Level 1:colcon.colcon_core.package_discovery:discover_packages(prefix_path) using defaults
[1.736s] Level 5:colcon.colcon_core.verb:set package 'my_robot-description' build argument 'cmake_args' from command line to 'None'
[1.736s] Level 5:colcon.colcon_core.verb:set package 'my_robot-description' build argument 'cmake_target' from command line to 'None'
[1.736s] Level 5:colcon.colcon_core.verb:set package 'my_robot-description' build argument 'cmake_target_skip_unavailable' from command line to 'False'
[1.736s] Level 5:colcon.colcon_core.verb:set package 'my_robot-description' build argument 'cmake_clean_cache' from command line to 'False'
[1.736s] Level 5:colcon.colcon_core.verb:set package 'my_robot-description' build argument 'cmake_clean_first' from command line to 'False'
[1.736s] Level 5:colcon.colcon_core.verb:set package 'my_robot-description' build argument 'cmake_force_configure' from command line to 'False'
[1.737s] Level 5:colcon.colcon_core.verb:set package 'my_robot-description' build argument 'ament_cmake_args' from command line to 'None'
[1.737s] Level 5:colcon.colcon_core.verb:set package 'my_robot-description' build argument 'catkin_cmake_args' from command line to 'None'
[1.737s] Level 5:colcon.colcon_core.verb:set package 'my_robot-description' build argument 'catkin_skip_building_tests' from command line to 'False'
[1.737s] DEBUG:colcon.colcon_core.verb:Building package 'my_robot-description' with the following arguments: {'ament_cmake_args': None, 'build_base': '/home/emon/development/ros2-beginners-level-2/ros2_ws/build/my_robot-description', 'catkin_cmake_args': None, 'catkin_skip_building_tests': False, 'cmake_args': None, 'cmake_clean_cache': False, 'cmake_clean_first': False, 'cmake_force_configure': False, 'cmake_target': None, 'cmake_target_skip_unavailable': False, 'install_base': '/home/emon/development/ros2-beginners-level-2/ros2_ws/install/my_robot-description', 'merge_install': False, 'path': '/home/emon/development/ros2-beginners-level-2/ros2_ws/src/my_robot-description', 'symlink_install': False, 'test_result_base': None}
[1.755s] Level 5:colcon.colcon_core.verb:set package 'my_robot_bringup' build argument 'cmake_args' from command line to 'None'
[1.755s] Level 5:colcon.colcon_core.verb:set package 'my_robot_bringup' build argument 'cmake_target' from command line to 'None'
[1.755s] Level 5:colcon.colcon_core.verb:set package 'my_robot_bringup' build argument 'cmake_target_skip_unavailable' from command line to 'False'
[1.755s] Level 5:colcon.colcon_core.verb:set package 'my_robot_bringup' build argument 'cmake_clean_cache' from command line to 'False'
[1.755s] Level 5:colcon.colcon_core.verb:set package 'my_robot_bringup' build argument 'cmake_clean_first' from command line to 'False'
[1.755s] Level 5:colcon.colcon_core.verb:set package 'my_robot_bringup' build argument 'cmake_force_configure' from command line to 'False'
[1.755s] Level 5:colcon.colcon_core.verb:set package 'my_robot_bringup' build argument 'ament_cmake_args' from command line to 'None'
[1.756s] Level 5:colcon.colcon_core.verb:set package 'my_robot_bringup' build argument 'catkin_cmake_args' from command line to 'None'
[1.756s] Level 5:colcon.colcon_core.verb:set package 'my_robot_bringup' build argument 'catkin_skip_building_tests' from command line to 'False'
[1.756s] DEBUG:colcon.colcon_core.verb:Building package 'my_robot_bringup' with the following arguments: {'ament_cmake_args': None, 'build_base': '/home/emon/development/ros2-beginners-level-2/ros2_ws/build/my_robot_bringup', 'catkin_cmake_args': None, 'catkin_skip_building_tests': False, 'cmake_args': None, 'cmake_clean_cache': False, 'cmake_clean_first': False, 'cmake_force_configure': False, 'cmake_target': None, 'cmake_target_skip_unavailable': False, 'install_base': '/home/emon/development/ros2-beginners-level-2/ros2_ws/install/my_robot_bringup', 'merge_install': False, 'path': '/home/emon/development/ros2-beginners-level-2/ros2_ws/src/my_robot_bringup', 'symlink_install': False, 'test_result_base': None}
[1.774s] INFO:colcon.colcon_core.executor:Executing jobs using 'parallel' executor
[1.794s] DEBUG:colcon.colcon_parallel_executor.executor.parallel:run_until_complete
[1.794s] INFO:colcon.colcon_ros.task.ament_cmake.build:Building ROS package in '/home/emon/development/ros2-beginners-level-2/ros2_ws/src/my_robot-description' with build type 'ament_cmake'
[1.794s] INFO:colcon.colcon_cmake.task.cmake.build:Building CMake package in '/home/emon/development/ros2-beginners-level-2/ros2_ws/src/my_robot-description'
[1.815s] INFO:colcon.colcon_core.plugin_system:Skipping extension 'colcon_core.shell.bat': Not used on non-Windows systems
[1.815s] INFO:colcon.colcon_core.shell:Skip shell extension 'powershell' for command environment: Not usable outside of PowerShell
[1.815s] DEBUG:colcon.colcon_core.shell:Skip shell extension 'dsv' for command environment
[1.931s] DEBUG:colcon.colcon_core.event_handler.log_command:Invoking command in '/home/emon/development/ros2-beginners-level-2/ros2_ws/build/my_robot-description': CMAKE_PREFIX_PATH=${CMAKE_PREFIX_PATH}:/home/emon/development/ros2_begginers/install/my_py_pkg_project:/home/emon/development/ros2_begginers/install/my_py_pkg:/opt/ros/humble /usr/bin/cmake --build /home/emon/development/ros2-beginners-level-2/ros2_ws/build/my_robot-description -- -j8 -l8
[1.972s] DEBUG:colcon.colcon_core.event_handler.log_command:Invoked command in '/home/emon/development/ros2-beginners-level-2/ros2_ws/build/my_robot-description' returned '0': CMAKE_PREFIX_PATH=${CMAKE_PREFIX_PATH}:/home/emon/development/ros2_begginers/install/my_py_pkg_project:/home/emon/development/ros2_begginers/install/my_py_pkg:/opt/ros/humble /usr/bin/cmake --build /home/emon/development/ros2-beginners-level-2/ros2_ws/build/my_robot-description -- -j8 -l8
[2.006s] DEBUG:colcon.colcon_core.event_handler.log_command:Invoking command in '/home/emon/development/ros2-beginners-level-2/ros2_ws/build/my_robot-description': CMAKE_PREFIX_PATH=${CMAKE_PREFIX_PATH}:/home/emon/development/ros2_begginers/install/my_py_pkg_project:/home/emon/development/ros2_begginers/install/my_py_pkg:/opt/ros/humble /usr/bin/cmake --install /home/emon/development/ros2-beginners-level-2/ros2_ws/build/my_robot-description
[2.029s] Level 1:colcon.colcon_core.environment:create_environment_scripts_only(my_robot-description)
[2.030s] DEBUG:colcon.colcon_core.event_handler.log_command:Invoked command in '/home/emon/development/ros2-beginners-level-2/ros2_ws/build/my_robot-description' returned '0': CMAKE_PREFIX_PATH=${CMAKE_PREFIX_PATH}:/home/emon/development/ros2_begginers/install/my_py_pkg_project:/home/emon/development/ros2_begginers/install/my_py_pkg:/opt/ros/humble /usr/bin/cmake --install /home/emon/development/ros2-beginners-level-2/ros2_ws/build/my_robot-description
[2.051s] Level 1:colcon.colcon_core.environment:checking '/home/emon/development/ros2-beginners-level-2/ros2_ws/install/my_robot-description' for CMake module files
[2.052s] Level 1:colcon.colcon_core.environment:checking '/home/emon/development/ros2-beginners-level-2/ros2_ws/install/my_robot-description' for CMake config files
[2.052s] Level 1:colcon.colcon_core.shell:create_environment_hook('my_robot-description', 'cmake_prefix_path')
[2.071s] INFO:colcon.colcon_core.shell:Creating environment hook '/home/emon/development/ros2-beginners-level-2/ros2_ws/install/my_robot-description/share/my_robot-description/hook/cmake_prefix_path.ps1'
[2.071s] INFO:colcon.colcon_core.shell:Creating environment descriptor '/home/emon/development/ros2-beginners-level-2/ros2_ws/install/my_robot-description/share/my_robot-description/hook/cmake_prefix_path.dsv'
[2.072s] INFO:colcon.colcon_core.shell:Creating environment hook '/home/emon/development/ros2-beginners-level-2/ros2_ws/install/my_robot-description/share/my_robot-description/hook/cmake_prefix_path.sh'
[2.072s] Level 1:colcon.colcon_core.environment:checking '/home/emon/development/ros2-beginners-level-2/ros2_ws/install/my_robot-description/bin'
[2.072s] Level 1:colcon.colcon_core.environment:checking '/home/emon/development/ros2-beginners-level-2/ros2_ws/install/my_robot-description/lib/pkgconfig/my_robot-description.pc'
[2.073s] Level 1:colcon.colcon_core.environment:checking '/home/emon/development/ros2-beginners-level-2/ros2_ws/install/my_robot-description/lib/python3.10/site-packages'
[2.073s] Level 1:colcon.colcon_core.environment:checking '/home/emon/development/ros2-beginners-level-2/ros2_ws/install/my_robot-description/bin'
[2.092s] INFO:colcon.colcon_core.shell:Creating package script '/home/emon/development/ros2-beginners-level-2/ros2_ws/install/my_robot-description/share/my_robot-description/package.ps1'
[2.092s] INFO:colcon.colcon_core.shell:Creating package descriptor '/home/emon/development/ros2-beginners-level-2/ros2_ws/install/my_robot-description/share/my_robot-description/package.dsv'
[2.093s] INFO:colcon.colcon_core.shell:Creating package script '/home/emon/development/ros2-beginners-level-2/ros2_ws/install/my_robot-description/share/my_robot-description/package.sh'
[2.094s] INFO:colcon.colcon_core.shell:Creating package script '/home/emon/development/ros2-beginners-level-2/ros2_ws/install/my_robot-description/share/my_robot-description/package.bash'
[2.094s] INFO:colcon.colcon_core.shell:Creating package script '/home/emon/development/ros2-beginners-level-2/ros2_ws/install/my_robot-description/share/my_robot-description/package.zsh'
[2.095s] Level 1:colcon.colcon_core.environment:create_file_with_runtime_dependencies(/home/emon/development/ros2-beginners-level-2/ros2_ws/install/my_robot-description/share/colcon-core/packages/my_robot-description)
[2.138s] Level 1:colcon.colcon_core.environment:create_environment_scripts_only(my_robot-description)
[2.156s] Level 1:colcon.colcon_core.environment:checking '/home/emon/development/ros2-beginners-level-2/ros2_ws/install/my_robot-description' for CMake module files
[2.157s] Level 1:colcon.colcon_core.environment:checking '/home/emon/development/ros2-beginners-level-2/ros2_ws/install/my_robot-description' for CMake config files
[2.157s] Level 1:colcon.colcon_core.shell:create_environment_hook('my_robot-description', 'cmake_prefix_path')
[2.176s] INFO:colcon.colcon_core.shell:Creating environment hook '/home/emon/development/ros2-beginners-level-2/ros2_ws/install/my_robot-description/share/my_robot-description/hook/cmake_prefix_path.ps1'
[2.176s] INFO:colcon.colcon_core.shell:Creating environment descriptor '/home/emon/development/ros2-beginners-level-2/ros2_ws/install/my_robot-description/share/my_robot-description/hook/cmake_prefix_path.dsv'
[2.177s] INFO:colcon.colcon_core.shell:Creating environment hook '/home/emon/development/ros2-beginners-level-2/ros2_ws/install/my_robot-description/share/my_robot-description/hook/cmake_prefix_path.sh'
[2.177s] Level 1:colcon.colcon_core.environment:checking '/home/emon/development/ros2-beginners-level-2/ros2_ws/install/my_robot-description/bin'
[2.177s] Level 1:colcon.colcon_core.environment:checking '/home/emon/development/ros2-beginners-level-2/ros2_ws/install/my_robot-description/lib/pkgconfig/my_robot-description.pc'
[2.177s] Level 1:colcon.colcon_core.environment:checking '/home/emon/development/ros2-beginners-level-2/ros2_ws/install/my_robot-description/lib/python3.10/site-packages'
[2.178s] Level 1:colcon.colcon_core.environment:checking '/home/emon/development/ros2-beginners-level-2/ros2_ws/install/my_robot-description/bin'
[2.197s] INFO:colcon.colcon_core.shell:Creating package script '/home/emon/development/ros2-beginners-level-2/ros2_ws/install/my_robot-description/share/my_robot-description/package.ps1'
[2.197s] INFO:colcon.colcon_core.shell:Creating package descriptor '/home/emon/development/ros2-beginners-level-2/ros2_ws/install/my_robot-description/share/my_robot-description/package.dsv'
[2.198s] INFO:colcon.colcon_core.shell:Creating package script '/home/emon/development/ros2-beginners-level-2/ros2_ws/install/my_robot-description/share/my_robot-description/package.sh'
[2.198s] INFO:colcon.colcon_core.shell:Creating package script '/home/emon/development/ros2-beginners-level-2/ros2_ws/install/my_robot-description/share/my_robot-description/package.bash'
[2.199s] INFO:colcon.colcon_core.shell:Creating package script '/home/emon/development/ros2-beginners-level-2/ros2_ws/install/my_robot-description/share/my_robot-description/package.zsh'
[2.199s] Level 1:colcon.colcon_core.environment:create_file_with_runtime_dependencies(/home/emon/development/ros2-beginners-level-2/ros2_ws/install/my_robot-description/share/colcon-core/packages/my_robot-description)
[2.199s] INFO:colcon.colcon_ros.task.ament_cmake.build:Building ROS package in '/home/emon/development/ros2-beginners-level-2/ros2_ws/src/my_robot_bringup' with build type 'ament_cmake'
[2.199s] INFO:colcon.colcon_cmake.task.cmake.build:Building CMake package in '/home/emon/development/ros2-beginners-level-2/ros2_ws/src/my_robot_bringup'
[2.221s] INFO:colcon.colcon_core.shell:Skip shell extension 'powershell' for command environment: Not usable outside of PowerShell
[2.222s] DEBUG:colcon.colcon_core.shell:Skip shell extension 'dsv' for command environment
[2.330s] DEBUG:colcon.colcon_core.event_handler.log_command:Invoking command in '/home/emon/development/ros2-beginners-level-2/ros2_ws/build/my_robot_bringup': CMAKE_PREFIX_PATH=/home/emon/development/ros2-beginners-level-2/ros2_ws/install/my_robot-description:/home/emon/ros_ws/install/megarover_samples_ros2:/home/emon/development/ros2-beginners-level-2/ros2_ws/install/my_robot_bringup:/home/emon/development/ros2_begginers/install/my_cp_pkg:/home/emon/development/ros2_begginers/install/my_py_pkg_project:/home/emon/development/ros2_begginers/install/my_py_pkg:/opt/ros/humble /usr/bin/cmake --build /home/emon/development/ros2-beginners-level-2/ros2_ws/build/my_robot_bringup -- -j8 -l8
[2.371s] DEBUG:colcon.colcon_core.event_handler.log_command:Invoked command in '/home/emon/development/ros2-beginners-level-2/ros2_ws/build/my_robot_bringup' returned '0': CMAKE_PREFIX_PATH=/home/emon/development/ros2-beginners-level-2/ros2_ws/install/my_robot-description:/home/emon/ros_ws/install/megarover_samples_ros2:/home/emon/development/ros2-beginners-level-2/ros2_ws/install/my_robot_bringup:/home/emon/development/ros2_begginers/install/my_cp_pkg:/home/emon/development/ros2_begginers/install/my_py_pkg_project:/home/emon/development/ros2_begginers/install/my_py_pkg:/opt/ros/humble /usr/bin/cmake --build /home/emon/development/ros2-beginners-level-2/ros2_ws/build/my_robot_bringup -- -j8 -l8
[2.396s] DEBUG:colcon.colcon_core.event_handler.log_command:Invoking command in '/home/emon/development/ros2-beginners-level-2/ros2_ws/build/my_robot_bringup': CMAKE_PREFIX_PATH=/home/emon/development/ros2-beginners-level-2/ros2_ws/install/my_robot-description:/home/emon/ros_ws/install/megarover_samples_ros2:/home/emon/development/ros2-beginners-level-2/ros2_ws/install/my_robot_bringup:/home/emon/development/ros2_begginers/install/my_cp_pkg:/home/emon/development/ros2_begginers/install/my_py_pkg_project:/home/emon/development/ros2_begginers/install/my_py_pkg:/opt/ros/humble /usr/bin/cmake --install /home/emon/development/ros2-beginners-level-2/ros2_ws/build/my_robot_bringup
[2.418s] Level 1:colcon.colcon_core.environment:create_environment_scripts_only(my_robot_bringup)
[2.418s] DEBUG:colcon.colcon_core.event_handler.log_command:Invoked command in '/home/emon/development/ros2-beginners-level-2/ros2_ws/build/my_robot_bringup' returned '0': CMAKE_PREFIX_PATH=/home/emon/development/ros2-beginners-level-2/ros2_ws/install/my_robot-description:/home/emon/ros_ws/install/megarover_samples_ros2:/home/emon/development/ros2-beginners-level-2/ros2_ws/install/my_robot_bringup:/home/emon/development/ros2_begginers/install/my_cp_pkg:/home/emon/development/ros2_begginers/install/my_py_pkg_project:/home/emon/development/ros2_begginers/install/my_py_pkg:/opt/ros/humble /usr/bin/cmake --install /home/emon/development/ros2-beginners-level-2/ros2_ws/build/my_robot_bringup
[2.438s] Level 1:colcon.colcon_core.environment:checking '/home/emon/development/ros2-beginners-level-2/ros2_ws/install/my_robot_bringup' for CMake module files
[2.439s] Level 1:colcon.colcon_core.environment:checking '/home/emon/development/ros2-beginners-level-2/ros2_ws/install/my_robot_bringup' for CMake config files
[2.439s] Level 1:colcon.colcon_core.shell:create_environment_hook('my_robot_bringup', 'cmake_prefix_path')
[2.458s] INFO:colcon.colcon_core.shell:Creating environment hook '/home/emon/development/ros2-beginners-level-2/ros2_ws/install/my_robot_bringup/share/my_robot_bringup/hook/cmake_prefix_path.ps1'
[2.459s] INFO:colcon.colcon_core.shell:Creating environment descriptor '/home/emon/development/ros2-beginners-level-2/ros2_ws/install/my_robot_bringup/share/my_robot_bringup/hook/cmake_prefix_path.dsv'
[2.459s] INFO:colcon.colcon_core.shell:Creating environment hook '/home/emon/development/ros2-beginners-level-2/ros2_ws/install/my_robot_bringup/share/my_robot_bringup/hook/cmake_prefix_path.sh'
[2.460s] Level 1:colcon.colcon_core.environment:checking '/home/emon/development/ros2-beginners-level-2/ros2_ws/install/my_robot_bringup/bin'
[2.460s] Level 1:colcon.colcon_core.environment:checking '/home/emon/development/ros2-beginners-level-2/ros2_ws/install/my_robot_bringup/lib/pkgconfig/my_robot_bringup.pc'
[2.460s] Level 1:colcon.colcon_core.environment:checking '/home/emon/development/ros2-beginners-level-2/ros2_ws/install/my_robot_bringup/lib/python3.10/site-packages'
[2.460s] Level 1:colcon.colcon_core.environment:checking '/home/emon/development/ros2-beginners-level-2/ros2_ws/install/my_robot_bringup/bin'
[2.479s] INFO:colcon.colcon_core.shell:Creating package script '/home/emon/development/ros2-beginners-level-2/ros2_ws/install/my_robot_bringup/share/my_robot_bringup/package.ps1'
[2.479s] INFO:colcon.colcon_core.shell:Creating package descriptor '/home/emon/development/ros2-beginners-level-2/ros2_ws/install/my_robot_bringup/share/my_robot_bringup/package.dsv'
[2.480s] INFO:colcon.colcon_core.shell:Creating package script '/home/emon/development/ros2-beginners-level-2/ros2_ws/install/my_robot_bringup/share/my_robot_bringup/package.sh'
[2.480s] INFO:colcon.colcon_core.shell:Creating package script '/home/emon/development/ros2-beginners-level-2/ros2_ws/install/my_robot_bringup/share/my_robot_bringup/package.bash'
[2.480s] INFO:colcon.colcon_core.shell:Creating package script '/home/emon/development/ros2-beginners-level-2/ros2_ws/install/my_robot_bringup/share/my_robot_bringup/package.zsh'
[2.481s] Level 1:colcon.colcon_core.environment:create_file_with_runtime_dependencies(/home/emon/development/ros2-beginners-level-2/ros2_ws/install/my_robot_bringup/share/colcon-core/packages/my_robot_bringup)
[2.523s] Level 1:colcon.colcon_core.environment:create_environment_scripts_only(my_robot_bringup)
[2.542s] Level 1:colcon.colcon_core.environment:checking '/home/emon/development/ros2-beginners-level-2/ros2_ws/install/my_robot_bringup' for CMake module files
[2.542s] Level 1:colcon.colcon_core.environment:checking '/home/emon/development/ros2-beginners-level-2/ros2_ws/install/my_robot_bringup' for CMake config files
[2.542s] Level 1:colcon.colcon_core.shell:create_environment_hook('my_robot_bringup', 'cmake_prefix_path')
[2.561s] INFO:colcon.colcon_core.shell:Creating environment hook '/home/emon/development/ros2-beginners-level-2/ros2_ws/install/my_robot_bringup/share/my_robot_bringup/hook/cmake_prefix_path.ps1'
[2.562s] INFO:colcon.colcon_core.shell:Creating environment descriptor '/home/emon/development/ros2-beginners-level-2/ros2_ws/install/my_robot_bringup/share/my_robot_bringup/hook/cmake_prefix_path.dsv'
[2.562s] INFO:colcon.colcon_core.shell:Creating environment hook '/home/emon/development/ros2-beginners-level-2/ros2_ws/install/my_robot_bringup/share/my_robot_bringup/hook/cmake_prefix_path.sh'
[2.563s] Level 1:colcon.colcon_core.environment:checking '/home/emon/development/ros2-beginners-level-2/ros2_ws/install/my_robot_bringup/bin'
[2.563s] Level 1:colcon.colcon_core.environment:checking '/home/emon/development/ros2-beginners-level-2/ros2_ws/install/my_robot_bringup/lib/pkgconfig/my_robot_bringup.pc'
[2.563s] Level 1:colcon.colcon_core.environment:checking '/home/emon/development/ros2-beginners-level-2/ros2_ws/install/my_robot_bringup/lib/python3.10/site-packages'
[2.563s] Level 1:colcon.colcon_core.environment:checking '/home/emon/development/ros2-beginners-level-2/ros2_ws/install/my_robot_bringup/bin'
[2.583s] INFO:colcon.colcon_core.shell:Creating package script '/home/emon/development/ros2-beginners-level-2/ros2_ws/install/my_robot_bringup/share/my_robot_bringup/package.ps1'
[2.583s] INFO:colcon.colcon_core.shell:Creating package descriptor '/home/emon/development/ros2-beginners-level-2/ros2_ws/install/my_robot_bringup/share/my_robot_bringup/package.dsv'
[2.584s] INFO:colcon.colcon_core.shell:Creating package script '/home/emon/development/ros2-beginners-level-2/ros2_ws/install/my_robot_bringup/share/my_robot_bringup/package.sh'
[2.584s] INFO:colcon.colcon_core.shell:Creating package script '/home/emon/development/ros2-beginners-level-2/ros2_ws/install/my_robot_bringup/share/my_robot_bringup/package.bash'
[2.584s] INFO:colcon.colcon_core.shell:Creating package script '/home/emon/development/ros2-beginners-level-2/ros2_ws/install/my_robot_bringup/share/my_robot_bringup/package.zsh'
[2.585s] Level 1:colcon.colcon_core.environment:create_file_with_runtime_dependencies(/home/emon/development/ros2-beginners-level-2/ros2_ws/install/my_robot_bringup/share/colcon-core/packages/my_robot_bringup)
[2.585s] DEBUG:colcon.colcon_parallel_executor.executor.parallel:closing loop
[2.585s] DEBUG:colcon.colcon_parallel_executor.executor.parallel:loop closed
[2.586s] DEBUG:colcon.colcon_parallel_executor.executor.parallel:run_until_complete finished with '0'
[2.586s] DEBUG:colcon.colcon_core.event_reactor:joining thread
[2.609s] INFO:colcon.colcon_core.plugin_system:Skipping extension 'colcon_notification.desktop_notification.terminal_notifier': Not used on non-Darwin systems
[2.610s] INFO:colcon.colcon_core.plugin_system:Skipping extension 'colcon_notification.desktop_notification.win32': Not used on non-Windows systems
[2.610s] INFO:colcon.colcon_notification.desktop_notification:Sending desktop notification using 'notify2'
[2.624s] DEBUG:colcon.colcon_core.event_reactor:joined thread
[2.644s] INFO:colcon.colcon_core.shell:Creating prefix script '/home/emon/development/ros2-beginners-level-2/ros2_ws/install/local_setup.ps1'
[2.645s] INFO:colcon.colcon_core.shell:Creating prefix util module '/home/emon/development/ros2-beginners-level-2/ros2_ws/install/_local_setup_util_ps1.py'
[2.646s] INFO:colcon.colcon_core.shell:Creating prefix chain script '/home/emon/development/ros2-beginners-level-2/ros2_ws/install/setup.ps1'
[2.667s] INFO:colcon.colcon_core.shell:Creating prefix script '/home/emon/development/ros2-beginners-level-2/ros2_ws/install/local_setup.sh'
[2.667s] INFO:colcon.colcon_core.shell:Creating prefix util module '/home/emon/development/ros2-beginners-level-2/ros2_ws/install/_local_setup_util_sh.py'
[2.668s] INFO:colcon.colcon_core.shell:Creating prefix chain script '/home/emon/development/ros2-beginners-level-2/ros2_ws/install/setup.sh'
[2.688s] INFO:colcon.colcon_core.shell:Creating prefix script '/home/emon/development/ros2-beginners-level-2/ros2_ws/install/local_setup.bash'
[2.689s] INFO:colcon.colcon_core.shell:Creating prefix chain script '/home/emon/development/ros2-beginners-level-2/ros2_ws/install/setup.bash'
[2.709s] INFO:colcon.colcon_core.shell:Creating prefix script '/home/emon/development/ros2-beginners-level-2/ros2_ws/install/local_setup.zsh'
[2.709s] INFO:colcon.colcon_core.shell:Creating prefix chain script '/home/emon/development/ros2-beginners-level-2/ros2_ws/install/setup.zsh'
