[1.355s] DEBUG:colcon:Command line arguments: ['/usr/bin/colcon', 'build']
[1.355s] DEBUG:colcon:Parsed command line arguments: Namespace(log_base=None, log_level=None, verb_name='build', build_base='build', install_base='install', merge_install=False, symlink_install=False, test_result_base=None, continue_on_error=False, executor='parallel', parallel_workers=8, event_handlers=None, ignore_user_meta=False, metas=['./colcon.meta'], base_paths=['.'], packages_ignore=None, packages_ignore_regex=None, paths=None, packages_up_to=None, packages_up_to_regex=None, packages_above=None, packages_above_and_dependencies=None, packages_above_depth=None, packages_select_by_dep=None, packages_skip_by_dep=None, packages_skip_up_to=None, packages_select_build_failed=False, packages_skip_build_finished=False, packages_select_test_failures=False, packages_skip_test_passed=False, packages_select=None, packages_skip=None, packages_select_regex=None, packages_skip_regex=None, packages_start=None, packages_end=None, allow_overriding=[], cmake_args=None, cmake_target=None, cmake_target_skip_unavailable=False, cmake_clean_cache=False, cmake_clean_first=False, cmake_force_configure=False, ament_cmake_args=None, catkin_cmake_args=None, catkin_skip_building_tests=False, verb_parser=<colcon_defaults.argument_parser.defaults.DefaultArgumentsDecorator object at 0x7f37c463c6a0>, verb_extension=<colcon_core.verb.build.BuildVerb object at 0x7f37c4be3700>, main=<bound method BuildVerb.main of <colcon_core.verb.build.BuildVerb object at 0x7f37c4be3700>>)
[1.410s] Level 1:colcon.colcon_core.package_discovery:discover_packages(colcon_meta) check parameters
[1.410s] Level 1:colcon.colcon_core.package_discovery:discover_packages(recursive) check parameters
[1.410s] Level 1:colcon.colcon_core.package_discovery:discover_packages(ignore) check parameters
[1.410s] Level 1:colcon.colcon_core.package_discovery:discover_packages(path) check parameters
[1.410s] Level 1:colcon.colcon_core.package_discovery:discover_packages(colcon_meta) discover
[1.410s] Level 1:colcon.colcon_core.package_discovery:discover_packages(recursive) discover
[1.410s] INFO:colcon.colcon_core.package_discovery:Crawling recursively for packages in '/home/emon/development/ros2-beginners-level-2/ros2_ws'
[1.410s] Level 1:colcon.colcon_core.package_identification:_identify(.) by extensions ['ignore', 'ignore_ament_install']
[1.410s] Level 1:colcon.colcon_core.package_identification:_identify(.) by extension 'ignore'
[1.410s] Level 1:colcon.colcon_core.package_identification:_identify(.) by extension 'ignore_ament_install'
[1.411s] Level 1:colcon.colcon_core.package_identification:_identify(.) by extensions ['colcon_pkg']
[1.411s] Level 1:colcon.colcon_core.package_identification:_identify(.) by extension 'colcon_pkg'
[1.411s] Level 1:colcon.colcon_core.package_identification:_identify(.) by extensions ['colcon_meta']
[1.411s] Level 1:colcon.colcon_core.package_identification:_identify(.) by extension 'colcon_meta'
[1.411s] Level 1:colcon.colcon_core.package_identification:_identify(.) by extensions ['ros']
[1.411s] Level 1:colcon.colcon_core.package_identification:_identify(.) by extension 'ros'
[1.422s] Level 1:colcon.colcon_core.package_identification:_identify(.) by extensions ['cmake', 'python']
[1.422s] Level 1:colcon.colcon_core.package_identification:_identify(.) by extension 'cmake'
[1.422s] Level 1:colcon.colcon_core.package_identification:_identify(.) by extension 'python'
[1.422s] Level 1:colcon.colcon_core.package_identification:_identify(.) by extensions ['python_setup_py']
[1.422s] Level 1:colcon.colcon_core.package_identification:_identify(.) by extension 'python_setup_py'
[1.422s] Level 1:colcon.colcon_core.package_identification:_identify(build) by extensions ['ignore', 'ignore_ament_install']
[1.423s] Level 1:colcon.colcon_core.package_identification:_identify(build) by extension 'ignore'
[1.423s] Level 1:colcon.colcon_core.package_identification:_identify(build) ignored
[1.423s] Level 1:colcon.colcon_core.package_identification:_identify(install) by extensions ['ignore', 'ignore_ament_install']
[1.423s] Level 1:colcon.colcon_core.package_identification:_identify(install) by extension 'ignore'
[1.423s] Level 1:colcon.colcon_core.package_identification:_identify(install) ignored
[1.423s] Level 1:colcon.colcon_core.package_identification:_identify(log) by extensions ['ignore', 'ignore_ament_install']
[1.423s] Level 1:colcon.colcon_core.package_identification:_identify(log) by extension 'ignore'
[1.423s] Level 1:colcon.colcon_core.package_identification:_identify(log) ignored
[1.423s] Level 1:colcon.colcon_core.package_identification:_identify(src) by extensions ['ignore', 'ignore_ament_install']
[1.423s] Level 1:colcon.colcon_core.package_identification:_identify(src) by extension 'ignore'
[1.423s] Level 1:colcon.colcon_core.package_identification:_identify(src) by extension 'ignore_ament_install'
[1.423s] Level 1:colcon.colcon_core.package_identification:_identify(src) by extensions ['colcon_pkg']
[1.423s] Level 1:colcon.colcon_core.package_identification:_identify(src) by extension 'colcon_pkg'
[1.423s] Level 1:colcon.colcon_core.package_identification:_identify(src) by extensions ['colcon_meta']
[1.423s] Level 1:colcon.colcon_core.package_identification:_identify(src) by extension 'colcon_meta'
[1.424s] Level 1:colcon.colcon_core.package_identification:_identify(src) by extensions ['ros']
[1.424s] Level 1:colcon.colcon_core.package_identification:_identify(src) by extension 'ros'
[1.424s] Level 1:colcon.colcon_core.package_identification:_identify(src) by extensions ['cmake', 'python']
[1.424s] Level 1:colcon.colcon_core.package_identification:_identify(src) by extension 'cmake'
[1.424s] Level 1:colcon.colcon_core.package_identification:_identify(src) by extension 'python'
[1.424s] Level 1:colcon.colcon_core.package_identification:_identify(src) by extensions ['python_setup_py']
[1.424s] Level 1:colcon.colcon_core.package_identification:_identify(src) by extension 'python_setup_py'
[1.424s] Level 1:colcon.colcon_core.package_identification:_identify(src/my_robot-description) by extensions ['ignore', 'ignore_ament_install']
[1.424s] Level 1:colcon.colcon_core.package_identification:_identify(src/my_robot-description) by extension 'ignore'
[1.424s] Level 1:colcon.colcon_core.package_identification:_identify(src/my_robot-description) by extension 'ignore_ament_install'
[1.424s] Level 1:colcon.colcon_core.package_identification:_identify(src/my_robot-description) by extensions ['colcon_pkg']
[1.424s] Level 1:colcon.colcon_core.package_identification:_identify(src/my_robot-description) by extension 'colcon_pkg'
[1.424s] Level 1:colcon.colcon_core.package_identification:_identify(src/my_robot-description) by extensions ['colcon_meta']
[1.424s] Level 1:colcon.colcon_core.package_identification:_identify(src/my_robot-description) by extension 'colcon_meta'
[1.424s] Level 1:colcon.colcon_core.package_identification:_identify(src/my_robot-description) by extensions ['ros']
[1.424s] Level 1:colcon.colcon_core.package_identification:_identify(src/my_robot-description) by extension 'ros'
[1.427s] DEBUG:colcon.colcon_core.package_identification:Package 'src/my_robot-description' with type 'ros.ament_cmake' and name 'my_robot-description'
[1.427s] Level 1:colcon.colcon_core.package_identification:_identify(src/my_robot_bringup) by extensions ['ignore', 'ignore_ament_install']
[1.427s] Level 1:colcon.colcon_core.package_identification:_identify(src/my_robot_bringup) by extension 'ignore'
[1.427s] Level 1:colcon.colcon_core.package_identification:_identify(src/my_robot_bringup) by extension 'ignore_ament_install'
[1.427s] Level 1:colcon.colcon_core.package_identification:_identify(src/my_robot_bringup) by extensions ['colcon_pkg']
[1.427s] Level 1:colcon.colcon_core.package_identification:_identify(src/my_robot_bringup) by extension 'colcon_pkg'
[1.427s] Level 1:colcon.colcon_core.package_identification:_identify(src/my_robot_bringup) by extensions ['colcon_meta']
[1.427s] Level 1:colcon.colcon_core.package_identification:_identify(src/my_robot_bringup) by extension 'colcon_meta'
[1.427s] Level 1:colcon.colcon_core.package_identification:_identify(src/my_robot_bringup) by extensions ['ros']
[1.427s] Level 1:colcon.colcon_core.package_identification:_identify(src/my_robot_bringup) by extension 'ros'
[1.428s] DEBUG:colcon.colcon_core.package_identification:Package 'src/my_robot_bringup' with type 'ros.ament_cmake' and name 'my_robot_bringup'
[1.428s] Level 1:colcon.colcon_core.package_discovery:discover_packages(recursive) using defaults
[1.428s] Level 1:colcon.colcon_core.package_discovery:discover_packages(ignore) discover
[1.428s] Level 1:colcon.colcon_core.package_discovery:discover_packages(ignore) using defaults
[1.428s] Level 1:colcon.colcon_core.package_discovery:discover_packages(path) discover
[1.428s] Level 1:colcon.colcon_core.package_discovery:discover_packages(path) using defaults
[1.558s] Level 1:colcon.colcon_core.package_discovery:discover_packages(prefix_path) check parameters
[1.558s] Level 1:colcon.colcon_core.package_discovery:discover_packages(prefix_path) discover
[1.596s] DEBUG:colcon.colcon_installed_package_information.package_discovery:Found 1 installed packages in /home/emon/ros_ws/install
[1.625s] DEBUG:colcon.colcon_installed_package_information.package_discovery:Found 2 installed packages in /home/emon/development/ros2-beginners-level-2/ros2_ws/install
[1.644s] DEBUG:colcon.colcon_installed_package_information.package_discovery:Found 3 installed packages in /home/emon/development/ros2_begginers/install
[1.666s] DEBUG:colcon.colcon_installed_package_information.package_discovery:Found 468 installed packages in /opt/ros/humble
[1.670s] Level 1:colcon.colcon_core.package_discovery:discover_packages(prefix_path) using defaults
[1.803s] Level 5:colcon.colcon_core.verb:set package 'my_robot-description' build argument 'cmake_args' from command line to 'None'
[1.803s] Level 5:colcon.colcon_core.verb:set package 'my_robot-description' build argument 'cmake_target' from command line to 'None'
[1.803s] Level 5:colcon.colcon_core.verb:set package 'my_robot-description' build argument 'cmake_target_skip_unavailable' from command line to 'False'
[1.803s] Level 5:colcon.colcon_core.verb:set package 'my_robot-description' build argument 'cmake_clean_cache' from command line to 'False'
[1.803s] Level 5:colcon.colcon_core.verb:set package 'my_robot-description' build argument 'cmake_clean_first' from command line to 'False'
[1.803s] Level 5:colcon.colcon_core.verb:set package 'my_robot-description' build argument 'cmake_force_configure' from command line to 'False'
[1.803s] Level 5:colcon.colcon_core.verb:set package 'my_robot-description' build argument 'ament_cmake_args' from command line to 'None'
[1.803s] Level 5:colcon.colcon_core.verb:set package 'my_robot-description' build argument 'catkin_cmake_args' from command line to 'None'
[1.803s] Level 5:colcon.colcon_core.verb:set package 'my_robot-description' build argument 'catkin_skip_building_tests' from command line to 'False'
[1.803s] DEBUG:colcon.colcon_core.verb:Building package 'my_robot-description' with the following arguments: {'ament_cmake_args': None, 'build_base': '/home/emon/development/ros2-beginners-level-2/ros2_ws/build/my_robot-description', 'catkin_cmake_args': None, 'catkin_skip_building_tests': False, 'cmake_args': None, 'cmake_clean_cache': False, 'cmake_clean_first': False, 'cmake_force_configure': False, 'cmake_target': None, 'cmake_target_skip_unavailable': False, 'install_base': '/home/emon/development/ros2-beginners-level-2/ros2_ws/install/my_robot-description', 'merge_install': False, 'path': '/home/emon/development/ros2-beginners-level-2/ros2_ws/src/my_robot-description', 'symlink_install': False, 'test_result_base': None}
[1.822s] Level 5:colcon.colcon_core.verb:set package 'my_robot_bringup' build argument 'cmake_args' from command line to 'None'
[1.822s] Level 5:colcon.colcon_core.verb:set package 'my_robot_bringup' build argument 'cmake_target' from command line to 'None'
[1.822s] Level 5:colcon.colcon_core.verb:set package 'my_robot_bringup' build argument 'cmake_target_skip_unavailable' from command line to 'False'
[1.822s] Level 5:colcon.colcon_core.verb:set package 'my_robot_bringup' build argument 'cmake_clean_cache' from command line to 'False'
[1.822s] Level 5:colcon.colcon_core.verb:set package 'my_robot_bringup' build argument 'cmake_clean_first' from command line to 'False'
[1.822s] Level 5:colcon.colcon_core.verb:set package 'my_robot_bringup' build argument 'cmake_force_configure' from command line to 'False'
[1.822s] Level 5:colcon.colcon_core.verb:set package 'my_robot_bringup' build argument 'ament_cmake_args' from command line to 'None'
[1.822s] Level 5:colcon.colcon_core.verb:set package 'my_robot_bringup' build argument 'catkin_cmake_args' from command line to 'None'
[1.822s] Level 5:colcon.colcon_core.verb:set package 'my_robot_bringup' build argument 'catkin_skip_building_tests' from command line to 'False'
[1.822s] DEBUG:colcon.colcon_core.verb:Building package 'my_robot_bringup' with the following arguments: {'ament_cmake_args': None, 'build_base': '/home/emon/development/ros2-beginners-level-2/ros2_ws/build/my_robot_bringup', 'catkin_cmake_args': None, 'catkin_skip_building_tests': False, 'cmake_args': None, 'cmake_clean_cache': False, 'cmake_clean_first': False, 'cmake_force_configure': False, 'cmake_target': None, 'cmake_target_skip_unavailable': False, 'install_base': '/home/emon/development/ros2-beginners-level-2/ros2_ws/install/my_robot_bringup', 'merge_install': False, 'path': '/home/emon/development/ros2-beginners-level-2/ros2_ws/src/my_robot_bringup', 'symlink_install': False, 'test_result_base': None}
[1.841s] INFO:colcon.colcon_core.executor:Executing jobs using 'parallel' executor
[1.860s] DEBUG:colcon.colcon_parallel_executor.executor.parallel:run_until_complete
[1.861s] INFO:colcon.colcon_ros.task.ament_cmake.build:Building ROS package in '/home/emon/development/ros2-beginners-level-2/ros2_ws/src/my_robot-description' with build type 'ament_cmake'
[1.861s] INFO:colcon.colcon_cmake.task.cmake.build:Building CMake package in '/home/emon/development/ros2-beginners-level-2/ros2_ws/src/my_robot-description'
[1.883s] INFO:colcon.colcon_core.plugin_system:Skipping extension 'colcon_core.shell.bat': Not used on non-Windows systems
[1.883s] INFO:colcon.colcon_core.shell:Skip shell extension 'powershell' for command environment: Not usable outside of PowerShell
[1.883s] DEBUG:colcon.colcon_core.shell:Skip shell extension 'dsv' for command environment
[2.003s] DEBUG:colcon.colcon_core.event_handler.log_command:Invoking command in '/home/emon/development/ros2-beginners-level-2/ros2_ws/build/my_robot-description': CMAKE_PREFIX_PATH=${CMAKE_PREFIX_PATH}:/home/emon/development/ros2_begginers/install/my_py_pkg_project:/home/emon/development/ros2_begginers/install/my_py_pkg:/opt/ros/humble /usr/bin/cmake --build /home/emon/development/ros2-beginners-level-2/ros2_ws/build/my_robot-description -- -j8 -l8
[2.049s] DEBUG:colcon.colcon_core.event_handler.log_command:Invoked command in '/home/emon/development/ros2-beginners-level-2/ros2_ws/build/my_robot-description' returned '0': CMAKE_PREFIX_PATH=${CMAKE_PREFIX_PATH}:/home/emon/development/ros2_begginers/install/my_py_pkg_project:/home/emon/development/ros2_begginers/install/my_py_pkg:/opt/ros/humble /usr/bin/cmake --build /home/emon/development/ros2-beginners-level-2/ros2_ws/build/my_robot-description -- -j8 -l8
[2.091s] DEBUG:colcon.colcon_core.event_handler.log_command:Invoking command in '/home/emon/development/ros2-beginners-level-2/ros2_ws/build/my_robot-description': CMAKE_PREFIX_PATH=${CMAKE_PREFIX_PATH}:/home/emon/development/ros2_begginers/install/my_py_pkg_project:/home/emon/development/ros2_begginers/install/my_py_pkg:/opt/ros/humble /usr/bin/cmake --install /home/emon/development/ros2-beginners-level-2/ros2_ws/build/my_robot-description
[2.117s] Level 1:colcon.colcon_core.environment:create_environment_scripts_only(my_robot-description)
[2.118s] DEBUG:colcon.colcon_core.event_handler.log_command:Invoked command in '/home/emon/development/ros2-beginners-level-2/ros2_ws/build/my_robot-description' returned '0': CMAKE_PREFIX_PATH=${CMAKE_PREFIX_PATH}:/home/emon/development/ros2_begginers/install/my_py_pkg_project:/home/emon/development/ros2_begginers/install/my_py_pkg:/opt/ros/humble /usr/bin/cmake --install /home/emon/development/ros2-beginners-level-2/ros2_ws/build/my_robot-description
[2.141s] Level 1:colcon.colcon_core.environment:checking '/home/emon/development/ros2-beginners-level-2/ros2_ws/install/my_robot-description' for CMake module files
[2.141s] Level 1:colcon.colcon_core.environment:checking '/home/emon/development/ros2-beginners-level-2/ros2_ws/install/my_robot-description' for CMake config files
[2.141s] Level 1:colcon.colcon_core.shell:create_environment_hook('my_robot-description', 'cmake_prefix_path')
[2.160s] INFO:colcon.colcon_core.shell:Creating environment hook '/home/emon/development/ros2-beginners-level-2/ros2_ws/install/my_robot-description/share/my_robot-description/hook/cmake_prefix_path.ps1'
[2.161s] INFO:colcon.colcon_core.shell:Creating environment descriptor '/home/emon/development/ros2-beginners-level-2/ros2_ws/install/my_robot-description/share/my_robot-description/hook/cmake_prefix_path.dsv'
[2.161s] INFO:colcon.colcon_core.shell:Creating environment hook '/home/emon/development/ros2-beginners-level-2/ros2_ws/install/my_robot-description/share/my_robot-description/hook/cmake_prefix_path.sh'
[2.162s] Level 1:colcon.colcon_core.environment:checking '/home/emon/development/ros2-beginners-level-2/ros2_ws/install/my_robot-description/bin'
[2.162s] Level 1:colcon.colcon_core.environment:checking '/home/emon/development/ros2-beginners-level-2/ros2_ws/install/my_robot-description/lib/pkgconfig/my_robot-description.pc'
[2.162s] Level 1:colcon.colcon_core.environment:checking '/home/emon/development/ros2-beginners-level-2/ros2_ws/install/my_robot-description/lib/python3.10/site-packages'
[2.162s] Level 1:colcon.colcon_core.environment:checking '/home/emon/development/ros2-beginners-level-2/ros2_ws/install/my_robot-description/bin'
[2.181s] INFO:colcon.colcon_core.shell:Creating package script '/home/emon/development/ros2-beginners-level-2/ros2_ws/install/my_robot-description/share/my_robot-description/package.ps1'
[2.182s] INFO:colcon.colcon_core.shell:Creating package descriptor '/home/emon/development/ros2-beginners-level-2/ros2_ws/install/my_robot-description/share/my_robot-description/package.dsv'
[2.183s] INFO:colcon.colcon_core.shell:Creating package script '/home/emon/development/ros2-beginners-level-2/ros2_ws/install/my_robot-description/share/my_robot-description/package.sh'
[2.183s] INFO:colcon.colcon_core.shell:Creating package script '/home/emon/development/ros2-beginners-level-2/ros2_ws/install/my_robot-description/share/my_robot-description/package.bash'
[2.184s] INFO:colcon.colcon_core.shell:Creating package script '/home/emon/development/ros2-beginners-level-2/ros2_ws/install/my_robot-description/share/my_robot-description/package.zsh'
[2.184s] Level 1:colcon.colcon_core.environment:create_file_with_runtime_dependencies(/home/emon/development/ros2-beginners-level-2/ros2_ws/install/my_robot-description/share/colcon-core/packages/my_robot-description)
[2.231s] Level 1:colcon.colcon_core.environment:create_environment_scripts_only(my_robot-description)
[2.249s] Level 1:colcon.colcon_core.environment:checking '/home/emon/development/ros2-beginners-level-2/ros2_ws/install/my_robot-description' for CMake module files
[2.250s] Level 1:colcon.colcon_core.environment:checking '/home/emon/development/ros2-beginners-level-2/ros2_ws/install/my_robot-description' for CMake config files
[2.250s] Level 1:colcon.colcon_core.shell:create_environment_hook('my_robot-description', 'cmake_prefix_path')
[2.269s] INFO:colcon.colcon_core.shell:Creating environment hook '/home/emon/development/ros2-beginners-level-2/ros2_ws/install/my_robot-description/share/my_robot-description/hook/cmake_prefix_path.ps1'
[2.270s] INFO:colcon.colcon_core.shell:Creating environment descriptor '/home/emon/development/ros2-beginners-level-2/ros2_ws/install/my_robot-description/share/my_robot-description/hook/cmake_prefix_path.dsv'
[2.270s] INFO:colcon.colcon_core.shell:Creating environment hook '/home/emon/development/ros2-beginners-level-2/ros2_ws/install/my_robot-description/share/my_robot-description/hook/cmake_prefix_path.sh'
[2.271s] Level 1:colcon.colcon_core.environment:checking '/home/emon/development/ros2-beginners-level-2/ros2_ws/install/my_robot-description/bin'
[2.271s] Level 1:colcon.colcon_core.environment:checking '/home/emon/development/ros2-beginners-level-2/ros2_ws/install/my_robot-description/lib/pkgconfig/my_robot-description.pc'
[2.271s] Level 1:colcon.colcon_core.environment:checking '/home/emon/development/ros2-beginners-level-2/ros2_ws/install/my_robot-description/lib/python3.10/site-packages'
[2.271s] Level 1:colcon.colcon_core.environment:checking '/home/emon/development/ros2-beginners-level-2/ros2_ws/install/my_robot-description/bin'
[2.290s] INFO:colcon.colcon_core.shell:Creating package script '/home/emon/development/ros2-beginners-level-2/ros2_ws/install/my_robot-description/share/my_robot-description/package.ps1'
[2.291s] INFO:colcon.colcon_core.shell:Creating package descriptor '/home/emon/development/ros2-beginners-level-2/ros2_ws/install/my_robot-description/share/my_robot-description/package.dsv'
[2.291s] INFO:colcon.colcon_core.shell:Creating package script '/home/emon/development/ros2-beginners-level-2/ros2_ws/install/my_robot-description/share/my_robot-description/package.sh'
[2.292s] INFO:colcon.colcon_core.shell:Creating package script '/home/emon/development/ros2-beginners-level-2/ros2_ws/install/my_robot-description/share/my_robot-description/package.bash'
[2.292s] INFO:colcon.colcon_core.shell:Creating package script '/home/emon/development/ros2-beginners-level-2/ros2_ws/install/my_robot-description/share/my_robot-description/package.zsh'
[2.292s] Level 1:colcon.colcon_core.environment:create_file_with_runtime_dependencies(/home/emon/development/ros2-beginners-level-2/ros2_ws/install/my_robot-description/share/colcon-core/packages/my_robot-description)
[2.293s] INFO:colcon.colcon_ros.task.ament_cmake.build:Building ROS package in '/home/emon/development/ros2-beginners-level-2/ros2_ws/src/my_robot_bringup' with build type 'ament_cmake'
[2.293s] INFO:colcon.colcon_cmake.task.cmake.build:Building CMake package in '/home/emon/development/ros2-beginners-level-2/ros2_ws/src/my_robot_bringup'
[2.314s] INFO:colcon.colcon_core.shell:Skip shell extension 'powershell' for command environment: Not usable outside of PowerShell
[2.314s] DEBUG:colcon.colcon_core.shell:Skip shell extension 'dsv' for command environment
[2.426s] DEBUG:colcon.colcon_core.event_handler.log_command:Invoking command in '/home/emon/development/ros2-beginners-level-2/ros2_ws/build/my_robot_bringup': CMAKE_PREFIX_PATH=/home/emon/development/ros2-beginners-level-2/ros2_ws/install/my_robot-description:/home/emon/development/ros2-beginners-level-2/ros2_ws/install/my_robot_bringup:/home/emon/development/ros2_begginers/install/my_cp_pkg:/home/emon/development/ros2_begginers/install/my_py_pkg_project:/home/emon/development/ros2_begginers/install/my_py_pkg:/opt/ros/humble /usr/bin/cmake --build /home/emon/development/ros2-beginners-level-2/ros2_ws/build/my_robot_bringup -- -j8 -l8
[2.467s] DEBUG:colcon.colcon_core.event_handler.log_command:Invoked command in '/home/emon/development/ros2-beginners-level-2/ros2_ws/build/my_robot_bringup' returned '0': CMAKE_PREFIX_PATH=/home/emon/development/ros2-beginners-level-2/ros2_ws/install/my_robot-description:/home/emon/development/ros2-beginners-level-2/ros2_ws/install/my_robot_bringup:/home/emon/development/ros2_begginers/install/my_cp_pkg:/home/emon/development/ros2_begginers/install/my_py_pkg_project:/home/emon/development/ros2_begginers/install/my_py_pkg:/opt/ros/humble /usr/bin/cmake --build /home/emon/development/ros2-beginners-level-2/ros2_ws/build/my_robot_bringup -- -j8 -l8
[2.494s] DEBUG:colcon.colcon_core.event_handler.log_command:Invoking command in '/home/emon/development/ros2-beginners-level-2/ros2_ws/build/my_robot_bringup': CMAKE_PREFIX_PATH=/home/emon/development/ros2-beginners-level-2/ros2_ws/install/my_robot-description:/home/emon/development/ros2-beginners-level-2/ros2_ws/install/my_robot_bringup:/home/emon/development/ros2_begginers/install/my_cp_pkg:/home/emon/development/ros2_begginers/install/my_py_pkg_project:/home/emon/development/ros2_begginers/install/my_py_pkg:/opt/ros/humble /usr/bin/cmake --install /home/emon/development/ros2-beginners-level-2/ros2_ws/build/my_robot_bringup
[2.521s] Level 1:colcon.colcon_core.environment:create_environment_scripts_only(my_robot_bringup)
[2.521s] DEBUG:colcon.colcon_core.event_handler.log_command:Invoked command in '/home/emon/development/ros2-beginners-level-2/ros2_ws/build/my_robot_bringup' returned '0': CMAKE_PREFIX_PATH=/home/emon/development/ros2-beginners-level-2/ros2_ws/install/my_robot-description:/home/emon/development/ros2-beginners-level-2/ros2_ws/install/my_robot_bringup:/home/emon/development/ros2_begginers/install/my_cp_pkg:/home/emon/development/ros2_begginers/install/my_py_pkg_project:/home/emon/development/ros2_begginers/install/my_py_pkg:/opt/ros/humble /usr/bin/cmake --install /home/emon/development/ros2-beginners-level-2/ros2_ws/build/my_robot_bringup
[2.544s] Level 1:colcon.colcon_core.environment:checking '/home/emon/development/ros2-beginners-level-2/ros2_ws/install/my_robot_bringup' for CMake module files
[2.544s] Level 1:colcon.colcon_core.environment:checking '/home/emon/development/ros2-beginners-level-2/ros2_ws/install/my_robot_bringup' for CMake config files
[2.544s] Level 1:colcon.colcon_core.shell:create_environment_hook('my_robot_bringup', 'cmake_prefix_path')
[2.563s] INFO:colcon.colcon_core.shell:Creating environment hook '/home/emon/development/ros2-beginners-level-2/ros2_ws/install/my_robot_bringup/share/my_robot_bringup/hook/cmake_prefix_path.ps1'
[2.564s] INFO:colcon.colcon_core.shell:Creating environment descriptor '/home/emon/development/ros2-beginners-level-2/ros2_ws/install/my_robot_bringup/share/my_robot_bringup/hook/cmake_prefix_path.dsv'
[2.564s] INFO:colcon.colcon_core.shell:Creating environment hook '/home/emon/development/ros2-beginners-level-2/ros2_ws/install/my_robot_bringup/share/my_robot_bringup/hook/cmake_prefix_path.sh'
[2.564s] Level 1:colcon.colcon_core.environment:checking '/home/emon/development/ros2-beginners-level-2/ros2_ws/install/my_robot_bringup/bin'
[2.564s] Level 1:colcon.colcon_core.environment:checking '/home/emon/development/ros2-beginners-level-2/ros2_ws/install/my_robot_bringup/lib/pkgconfig/my_robot_bringup.pc'
[2.565s] Level 1:colcon.colcon_core.environment:checking '/home/emon/development/ros2-beginners-level-2/ros2_ws/install/my_robot_bringup/lib/python3.10/site-packages'
[2.565s] Level 1:colcon.colcon_core.environment:checking '/home/emon/development/ros2-beginners-level-2/ros2_ws/install/my_robot_bringup/bin'
[2.584s] INFO:colcon.colcon_core.shell:Creating package script '/home/emon/development/ros2-beginners-level-2/ros2_ws/install/my_robot_bringup/share/my_robot_bringup/package.ps1'
[2.584s] INFO:colcon.colcon_core.shell:Creating package descriptor '/home/emon/development/ros2-beginners-level-2/ros2_ws/install/my_robot_bringup/share/my_robot_bringup/package.dsv'
[2.585s] INFO:colcon.colcon_core.shell:Creating package script '/home/emon/development/ros2-beginners-level-2/ros2_ws/install/my_robot_bringup/share/my_robot_bringup/package.sh'
[2.585s] INFO:colcon.colcon_core.shell:Creating package script '/home/emon/development/ros2-beginners-level-2/ros2_ws/install/my_robot_bringup/share/my_robot_bringup/package.bash'
[2.585s] INFO:colcon.colcon_core.shell:Creating package script '/home/emon/development/ros2-beginners-level-2/ros2_ws/install/my_robot_bringup/share/my_robot_bringup/package.zsh'
[2.586s] Level 1:colcon.colcon_core.environment:create_file_with_runtime_dependencies(/home/emon/development/ros2-beginners-level-2/ros2_ws/install/my_robot_bringup/share/colcon-core/packages/my_robot_bringup)
[2.631s] Level 1:colcon.colcon_core.environment:create_environment_scripts_only(my_robot_bringup)
[2.650s] Level 1:colcon.colcon_core.environment:checking '/home/emon/development/ros2-beginners-level-2/ros2_ws/install/my_robot_bringup' for CMake module files
[2.650s] Level 1:colcon.colcon_core.environment:checking '/home/emon/development/ros2-beginners-level-2/ros2_ws/install/my_robot_bringup' for CMake config files
[2.651s] Level 1:colcon.colcon_core.shell:create_environment_hook('my_robot_bringup', 'cmake_prefix_path')
[2.670s] INFO:colcon.colcon_core.shell:Creating environment hook '/home/emon/development/ros2-beginners-level-2/ros2_ws/install/my_robot_bringup/share/my_robot_bringup/hook/cmake_prefix_path.ps1'
[2.670s] INFO:colcon.colcon_core.shell:Creating environment descriptor '/home/emon/development/ros2-beginners-level-2/ros2_ws/install/my_robot_bringup/share/my_robot_bringup/hook/cmake_prefix_path.dsv'
[2.670s] INFO:colcon.colcon_core.shell:Creating environment hook '/home/emon/development/ros2-beginners-level-2/ros2_ws/install/my_robot_bringup/share/my_robot_bringup/hook/cmake_prefix_path.sh'
[2.671s] Level 1:colcon.colcon_core.environment:checking '/home/emon/development/ros2-beginners-level-2/ros2_ws/install/my_robot_bringup/bin'
[2.671s] Level 1:colcon.colcon_core.environment:checking '/home/emon/development/ros2-beginners-level-2/ros2_ws/install/my_robot_bringup/lib/pkgconfig/my_robot_bringup.pc'
[2.671s] Level 1:colcon.colcon_core.environment:checking '/home/emon/development/ros2-beginners-level-2/ros2_ws/install/my_robot_bringup/lib/python3.10/site-packages'
[2.671s] Level 1:colcon.colcon_core.environment:checking '/home/emon/development/ros2-beginners-level-2/ros2_ws/install/my_robot_bringup/bin'
[2.690s] INFO:colcon.colcon_core.shell:Creating package script '/home/emon/development/ros2-beginners-level-2/ros2_ws/install/my_robot_bringup/share/my_robot_bringup/package.ps1'
[2.691s] INFO:colcon.colcon_core.shell:Creating package descriptor '/home/emon/development/ros2-beginners-level-2/ros2_ws/install/my_robot_bringup/share/my_robot_bringup/package.dsv'
[2.691s] INFO:colcon.colcon_core.shell:Creating package script '/home/emon/development/ros2-beginners-level-2/ros2_ws/install/my_robot_bringup/share/my_robot_bringup/package.sh'
[2.692s] INFO:colcon.colcon_core.shell:Creating package script '/home/emon/development/ros2-beginners-level-2/ros2_ws/install/my_robot_bringup/share/my_robot_bringup/package.bash'
[2.692s] INFO:colcon.colcon_core.shell:Creating package script '/home/emon/development/ros2-beginners-level-2/ros2_ws/install/my_robot_bringup/share/my_robot_bringup/package.zsh'
[2.693s] Level 1:colcon.colcon_core.environment:create_file_with_runtime_dependencies(/home/emon/development/ros2-beginners-level-2/ros2_ws/install/my_robot_bringup/share/colcon-core/packages/my_robot_bringup)
[2.693s] DEBUG:colcon.colcon_parallel_executor.executor.parallel:closing loop
[2.693s] DEBUG:colcon.colcon_parallel_executor.executor.parallel:loop closed
[2.693s] DEBUG:colcon.colcon_parallel_executor.executor.parallel:run_until_complete finished with '0'
[2.694s] DEBUG:colcon.colcon_core.event_reactor:joining thread
[2.720s] INFO:colcon.colcon_core.plugin_system:Skipping extension 'colcon_notification.desktop_notification.terminal_notifier': Not used on non-Darwin systems
[2.720s] INFO:colcon.colcon_core.plugin_system:Skipping extension 'colcon_notification.desktop_notification.win32': Not used on non-Windows systems
[2.720s] INFO:colcon.colcon_notification.desktop_notification:Sending desktop notification using 'notify2'
[2.734s] DEBUG:colcon.colcon_core.event_reactor:joined thread
[2.760s] INFO:colcon.colcon_core.shell:Creating prefix script '/home/emon/development/ros2-beginners-level-2/ros2_ws/install/local_setup.ps1'
[2.761s] INFO:colcon.colcon_core.shell:Creating prefix util module '/home/emon/development/ros2-beginners-level-2/ros2_ws/install/_local_setup_util_ps1.py'
[2.763s] INFO:colcon.colcon_core.shell:Creating prefix chain script '/home/emon/development/ros2-beginners-level-2/ros2_ws/install/setup.ps1'
[2.785s] INFO:colcon.colcon_core.shell:Creating prefix script '/home/emon/development/ros2-beginners-level-2/ros2_ws/install/local_setup.sh'
[2.786s] INFO:colcon.colcon_core.shell:Creating prefix util module '/home/emon/development/ros2-beginners-level-2/ros2_ws/install/_local_setup_util_sh.py'
[2.787s] INFO:colcon.colcon_core.shell:Creating prefix chain script '/home/emon/development/ros2-beginners-level-2/ros2_ws/install/setup.sh'
[2.806s] INFO:colcon.colcon_core.shell:Creating prefix script '/home/emon/development/ros2-beginners-level-2/ros2_ws/install/local_setup.bash'
[2.807s] INFO:colcon.colcon_core.shell:Creating prefix chain script '/home/emon/development/ros2-beginners-level-2/ros2_ws/install/setup.bash'
[2.827s] INFO:colcon.colcon_core.shell:Creating prefix script '/home/emon/development/ros2-beginners-level-2/ros2_ws/install/local_setup.zsh'
[2.828s] INFO:colcon.colcon_core.shell:Creating prefix chain script '/home/emon/development/ros2-beginners-level-2/ros2_ws/install/setup.zsh'
