-- Found ament_cmake: 1.3.8 (/opt/ros/humble/share/ament_cmake/cmake)
-- Override CMake install command with custom implementation using symlinks instead of copying resources
-- Found ament_lint_auto: 0.12.10 (/opt/ros/humble/share/ament_lint_auto/cmake)
-- Added test 'flake8' to check Python code syntax and style conventions
-- Added test 'lint_cmake' to check CMake code style
-- Added test 'pep257' to check Python code against some of the docstring style conventions in PEP 257
-- Added test 'xmllint' to check XML markup files
-- Configuring done
-- Generating done
-- Build files have been written to: /home/poridhi/development/ros2-beginners-level-2/my_bot/build/my_rover
-- Install configuration: ""
-- Execute custom install script
-- Symlinking: /home/poridhi/development/ros2-beginners-level-2/my_bot/install/my_rover/share/my_rover//config/empty.yaml
-- Symlinking: /home/poridhi/development/ros2-beginners-level-2/my_bot/install/my_rover/share/my_rover//description/inertial_macros.xacro
-- Symlinking: /home/poridhi/development/ros2-beginners-level-2/my_bot/install/my_rover/share/my_rover//description/robot.urdf.xacro
-- Symlinking: /home/poridhi/development/ros2-beginners-level-2/my_bot/install/my_rover/share/my_rover//description/robot_core.xacro
-- Symlinking: /home/poridhi/development/ros2-beginners-level-2/my_bot/install/my_rover/share/my_rover//launch/rsp.launch.py
-- Symlinking: /home/poridhi/development/ros2-beginners-level-2/my_bot/install/my_rover/share/my_rover//worlds/empty.world
-- Up-to-date symlink: /home/poridhi/development/ros2-beginners-level-2/my_bot/install/my_rover/share/ament_index/resource_index/package_run_dependencies/my_rover
-- Up-to-date symlink: /home/poridhi/development/ros2-beginners-level-2/my_bot/install/my_rover/share/ament_index/resource_index/parent_prefix_path/my_rover
-- Up-to-date symlink: /home/poridhi/development/ros2-beginners-level-2/my_bot/install/my_rover/share/my_rover/environment/ament_prefix_path.sh
-- Up-to-date symlink: /home/poridhi/development/ros2-beginners-level-2/my_bot/install/my_rover/share/my_rover/environment/ament_prefix_path.dsv
-- Up-to-date symlink: /home/poridhi/development/ros2-beginners-level-2/my_bot/install/my_rover/share/my_rover/environment/path.sh
-- Up-to-date symlink: /home/poridhi/development/ros2-beginners-level-2/my_bot/install/my_rover/share/my_rover/environment/path.dsv
-- Up-to-date symlink: /home/poridhi/development/ros2-beginners-level-2/my_bot/install/my_rover/share/my_rover/local_setup.bash
-- Up-to-date symlink: /home/poridhi/development/ros2-beginners-level-2/my_bot/install/my_rover/share/my_rover/local_setup.sh
-- Up-to-date symlink: /home/poridhi/development/ros2-beginners-level-2/my_bot/install/my_rover/share/my_rover/local_setup.zsh
-- Up-to-date symlink: /home/poridhi/development/ros2-beginners-level-2/my_bot/install/my_rover/share/my_rover/local_setup.dsv
-- Symlinking: /home/poridhi/development/ros2-beginners-level-2/my_bot/install/my_rover/share/my_rover/package.dsv
-- Up-to-date symlink: /home/poridhi/development/ros2-beginners-level-2/my_bot/install/my_rover/share/ament_index/resource_index/packages/my_rover
-- Up-to-date symlink: /home/poridhi/development/ros2-beginners-level-2/my_bot/install/my_rover/share/my_rover/cmake/my_roverConfig.cmake
-- Up-to-date symlink: /home/poridhi/development/ros2-beginners-level-2/my_bot/install/my_rover/share/my_rover/cmake/my_roverConfig-version.cmake
-- Up-to-date symlink: /home/poridhi/development/ros2-beginners-level-2/my_bot/install/my_rover/share/my_rover/package.xml
