[1.596s] DEBUG:colcon:Command line arguments: ['/usr/bin/colcon', 'build']
[1.596s] DEBUG:colcon:Parsed command line arguments: Namespace(log_base=None, log_level=None, verb_name='build', build_base='build', install_base='install', merge_install=False, symlink_install=False, test_result_base=None, continue_on_error=False, executor='parallel', parallel_workers=8, event_handlers=None, ignore_user_meta=False, metas=['./colcon.meta'], base_paths=['.'], packages_ignore=None, packages_ignore_regex=None, paths=None, packages_up_to=None, packages_up_to_regex=None, packages_above=None, packages_above_and_dependencies=None, packages_above_depth=None, packages_select_by_dep=None, packages_skip_by_dep=None, packages_skip_up_to=None, packages_select_build_failed=False, packages_skip_build_finished=False, packages_select_test_failures=False, packages_skip_test_passed=False, packages_select=None, packages_skip=None, packages_select_regex=None, packages_skip_regex=None, packages_start=None, packages_end=None, allow_overriding=[], cmake_args=None, cmake_target=None, cmake_target_skip_unavailable=False, cmake_clean_cache=False, cmake_clean_first=False, cmake_force_configure=False, ament_cmake_args=None, catkin_cmake_args=None, catkin_skip_building_tests=False, verb_parser=<colcon_defaults.argument_parser.defaults.DefaultArgumentsDecorator object at 0x7f97ad930a90>, verb_extension=<colcon_core.verb.build.BuildVerb object at 0x7f97adedb190>, main=<bound method BuildVerb.main of <colcon_core.verb.build.BuildVerb object at 0x7f97adedb190>>)
[1.680s] Level 1:colcon.colcon_core.package_discovery:discover_packages(colcon_meta) check parameters
[1.680s] Level 1:colcon.colcon_core.package_discovery:discover_packages(recursive) check parameters
[1.680s] Level 1:colcon.colcon_core.package_discovery:discover_packages(ignore) check parameters
[1.680s] Level 1:colcon.colcon_core.package_discovery:discover_packages(path) check parameters
[1.680s] Level 1:colcon.colcon_core.package_discovery:discover_packages(colcon_meta) discover
[1.680s] Level 1:colcon.colcon_core.package_discovery:discover_packages(recursive) discover
[1.680s] INFO:colcon.colcon_core.package_discovery:Crawling recursively for packages in '/home/emon/development/ros2-beginners-level-2/ros2_ws'
[1.680s] Level 1:colcon.colcon_core.package_identification:_identify(.) by extensions ['ignore', 'ignore_ament_install']
[1.681s] Level 1:colcon.colcon_core.package_identification:_identify(.) by extension 'ignore'
[1.681s] Level 1:colcon.colcon_core.package_identification:_identify(.) by extension 'ignore_ament_install'
[1.681s] Level 1:colcon.colcon_core.package_identification:_identify(.) by extensions ['colcon_pkg']
[1.681s] Level 1:colcon.colcon_core.package_identification:_identify(.) by extension 'colcon_pkg'
[1.681s] Level 1:colcon.colcon_core.package_identification:_identify(.) by extensions ['colcon_meta']
[1.681s] Level 1:colcon.colcon_core.package_identification:_identify(.) by extension 'colcon_meta'
[1.681s] Level 1:colcon.colcon_core.package_identification:_identify(.) by extensions ['ros']
[1.681s] Level 1:colcon.colcon_core.package_identification:_identify(.) by extension 'ros'
[1.695s] Level 1:colcon.colcon_core.package_identification:_identify(.) by extensions ['cmake', 'python']
[1.695s] Level 1:colcon.colcon_core.package_identification:_identify(.) by extension 'cmake'
[1.696s] Level 1:colcon.colcon_core.package_identification:_identify(.) by extension 'python'
[1.696s] Level 1:colcon.colcon_core.package_identification:_identify(.) by extensions ['python_setup_py']
[1.696s] Level 1:colcon.colcon_core.package_identification:_identify(.) by extension 'python_setup_py'
[1.696s] Level 1:colcon.colcon_core.package_identification:_identify(build) by extensions ['ignore', 'ignore_ament_install']
[1.696s] Level 1:colcon.colcon_core.package_identification:_identify(build) by extension 'ignore'
[1.696s] Level 1:colcon.colcon_core.package_identification:_identify(build) ignored
[1.696s] Level 1:colcon.colcon_core.package_identification:_identify(install) by extensions ['ignore', 'ignore_ament_install']
[1.696s] Level 1:colcon.colcon_core.package_identification:_identify(install) by extension 'ignore'
[1.696s] Level 1:colcon.colcon_core.package_identification:_identify(install) ignored
[1.696s] Level 1:colcon.colcon_core.package_identification:_identify(log) by extensions ['ignore', 'ignore_ament_install']
[1.696s] Level 1:colcon.colcon_core.package_identification:_identify(log) by extension 'ignore'
[1.696s] Level 1:colcon.colcon_core.package_identification:_identify(log) ignored
[1.697s] Level 1:colcon.colcon_core.package_identification:_identify(src) by extensions ['ignore', 'ignore_ament_install']
[1.697s] Level 1:colcon.colcon_core.package_identification:_identify(src) by extension 'ignore'
[1.697s] Level 1:colcon.colcon_core.package_identification:_identify(src) by extension 'ignore_ament_install'
[1.697s] Level 1:colcon.colcon_core.package_identification:_identify(src) by extensions ['colcon_pkg']
[1.697s] Level 1:colcon.colcon_core.package_identification:_identify(src) by extension 'colcon_pkg'
[1.697s] Level 1:colcon.colcon_core.package_identification:_identify(src) by extensions ['colcon_meta']
[1.697s] Level 1:colcon.colcon_core.package_identification:_identify(src) by extension 'colcon_meta'
[1.697s] Level 1:colcon.colcon_core.package_identification:_identify(src) by extensions ['ros']
[1.697s] Level 1:colcon.colcon_core.package_identification:_identify(src) by extension 'ros'
[1.697s] Level 1:colcon.colcon_core.package_identification:_identify(src) by extensions ['cmake', 'python']
[1.697s] Level 1:colcon.colcon_core.package_identification:_identify(src) by extension 'cmake'
[1.697s] Level 1:colcon.colcon_core.package_identification:_identify(src) by extension 'python'
[1.697s] Level 1:colcon.colcon_core.package_identification:_identify(src) by extensions ['python_setup_py']
[1.697s] Level 1:colcon.colcon_core.package_identification:_identify(src) by extension 'python_setup_py'
[1.698s] Level 1:colcon.colcon_core.package_identification:_identify(src/my_robot-description) by extensions ['ignore', 'ignore_ament_install']
[1.698s] Level 1:colcon.colcon_core.package_identification:_identify(src/my_robot-description) by extension 'ignore'
[1.698s] Level 1:colcon.colcon_core.package_identification:_identify(src/my_robot-description) by extension 'ignore_ament_install'
[1.698s] Level 1:colcon.colcon_core.package_identification:_identify(src/my_robot-description) by extensions ['colcon_pkg']
[1.698s] Level 1:colcon.colcon_core.package_identification:_identify(src/my_robot-description) by extension 'colcon_pkg'
[1.698s] Level 1:colcon.colcon_core.package_identification:_identify(src/my_robot-description) by extensions ['colcon_meta']
[1.698s] Level 1:colcon.colcon_core.package_identification:_identify(src/my_robot-description) by extension 'colcon_meta'
[1.698s] Level 1:colcon.colcon_core.package_identification:_identify(src/my_robot-description) by extensions ['ros']
[1.698s] Level 1:colcon.colcon_core.package_identification:_identify(src/my_robot-description) by extension 'ros'
[1.701s] DEBUG:colcon.colcon_core.package_identification:Package 'src/my_robot-description' with type 'ros.ament_cmake' and name 'my_robot-description'
[1.701s] Level 1:colcon.colcon_core.package_discovery:discover_packages(recursive) using defaults
[1.701s] Level 1:colcon.colcon_core.package_discovery:discover_packages(ignore) discover
[1.702s] Level 1:colcon.colcon_core.package_discovery:discover_packages(ignore) using defaults
[1.702s] Level 1:colcon.colcon_core.package_discovery:discover_packages(path) discover
[1.702s] Level 1:colcon.colcon_core.package_discovery:discover_packages(path) using defaults
[1.828s] Level 1:colcon.colcon_core.package_discovery:discover_packages(prefix_path) check parameters
[1.828s] Level 1:colcon.colcon_core.package_discovery:discover_packages(prefix_path) discover
[1.875s] DEBUG:colcon.colcon_installed_package_information.package_discovery:Found 1 installed packages in /home/emon/ros_ws/install
[1.908s] DEBUG:colcon.colcon_installed_package_information.package_discovery:Found 1 installed packages in /home/emon/development/ros2-beginners-level-2/ros2_ws/install
[1.930s] DEBUG:colcon.colcon_installed_package_information.package_discovery:Found 3 installed packages in /home/emon/development/ros2_begginers/install
[1.953s] DEBUG:colcon.colcon_installed_package_information.package_discovery:Found 463 installed packages in /opt/ros/humble
[1.955s] Level 1:colcon.colcon_core.package_discovery:discover_packages(prefix_path) using defaults
[2.167s] Level 5:colcon.colcon_core.verb:set package 'my_robot-description' build argument 'cmake_args' from command line to 'None'
[2.167s] Level 5:colcon.colcon_core.verb:set package 'my_robot-description' build argument 'cmake_target' from command line to 'None'
[2.167s] Level 5:colcon.colcon_core.verb:set package 'my_robot-description' build argument 'cmake_target_skip_unavailable' from command line to 'False'
[2.167s] Level 5:colcon.colcon_core.verb:set package 'my_robot-description' build argument 'cmake_clean_cache' from command line to 'False'
[2.168s] Level 5:colcon.colcon_core.verb:set package 'my_robot-description' build argument 'cmake_clean_first' from command line to 'False'
[2.168s] Level 5:colcon.colcon_core.verb:set package 'my_robot-description' build argument 'cmake_force_configure' from command line to 'False'
[2.168s] Level 5:colcon.colcon_core.verb:set package 'my_robot-description' build argument 'ament_cmake_args' from command line to 'None'
[2.168s] Level 5:colcon.colcon_core.verb:set package 'my_robot-description' build argument 'catkin_cmake_args' from command line to 'None'
[2.168s] Level 5:colcon.colcon_core.verb:set package 'my_robot-description' build argument 'catkin_skip_building_tests' from command line to 'False'
[2.168s] DEBUG:colcon.colcon_core.verb:Building package 'my_robot-description' with the following arguments: {'ament_cmake_args': None, 'build_base': '/home/emon/development/ros2-beginners-level-2/ros2_ws/build/my_robot-description', 'catkin_cmake_args': None, 'catkin_skip_building_tests': False, 'cmake_args': None, 'cmake_clean_cache': False, 'cmake_clean_first': False, 'cmake_force_configure': False, 'cmake_target': None, 'cmake_target_skip_unavailable': False, 'install_base': '/home/emon/development/ros2-beginners-level-2/ros2_ws/install/my_robot-description', 'merge_install': False, 'path': '/home/emon/development/ros2-beginners-level-2/ros2_ws/src/my_robot-description', 'symlink_install': False, 'test_result_base': None}
[2.189s] INFO:colcon.colcon_core.executor:Executing jobs using 'parallel' executor
[2.212s] DEBUG:colcon.colcon_parallel_executor.executor.parallel:run_until_complete
[2.212s] INFO:colcon.colcon_ros.task.ament_cmake.build:Building ROS package in '/home/emon/development/ros2-beginners-level-2/ros2_ws/src/my_robot-description' with build type 'ament_cmake'
[2.212s] INFO:colcon.colcon_cmake.task.cmake.build:Building CMake package in '/home/emon/development/ros2-beginners-level-2/ros2_ws/src/my_robot-description'
[2.240s] INFO:colcon.colcon_core.plugin_system:Skipping extension 'colcon_core.shell.bat': Not used on non-Windows systems
[2.240s] INFO:colcon.colcon_core.shell:Skip shell extension 'powershell' for command environment: Not usable outside of PowerShell
[2.240s] DEBUG:colcon.colcon_core.shell:Skip shell extension 'dsv' for command environment
[2.358s] DEBUG:colcon.colcon_core.event_handler.log_command:Invoking command in '/home/emon/development/ros2-beginners-level-2/ros2_ws/build/my_robot-description': CMAKE_PREFIX_PATH=${CMAKE_PREFIX_PATH}:/home/emon/development/ros2_begginers/install/my_py_pkg_project:/home/emon/development/ros2_begginers/install/my_py_pkg:/opt/ros/humble /usr/bin/cmake --build /home/emon/development/ros2-beginners-level-2/ros2_ws/build/my_robot-description -- -j8 -l8
[2.417s] DEBUG:colcon.colcon_core.event_handler.log_command:Invoked command in '/home/emon/development/ros2-beginners-level-2/ros2_ws/build/my_robot-description' returned '0': CMAKE_PREFIX_PATH=${CMAKE_PREFIX_PATH}:/home/emon/development/ros2_begginers/install/my_py_pkg_project:/home/emon/development/ros2_begginers/install/my_py_pkg:/opt/ros/humble /usr/bin/cmake --build /home/emon/development/ros2-beginners-level-2/ros2_ws/build/my_robot-description -- -j8 -l8
[2.462s] DEBUG:colcon.colcon_core.event_handler.log_command:Invoking command in '/home/emon/development/ros2-beginners-level-2/ros2_ws/build/my_robot-description': CMAKE_PREFIX_PATH=${CMAKE_PREFIX_PATH}:/home/emon/development/ros2_begginers/install/my_py_pkg_project:/home/emon/development/ros2_begginers/install/my_py_pkg:/opt/ros/humble /usr/bin/cmake --install /home/emon/development/ros2-beginners-level-2/ros2_ws/build/my_robot-description
[2.493s] Level 1:colcon.colcon_core.environment:create_environment_scripts_only(my_robot-description)
[2.494s] DEBUG:colcon.colcon_core.event_handler.log_command:Invoked command in '/home/emon/development/ros2-beginners-level-2/ros2_ws/build/my_robot-description' returned '0': CMAKE_PREFIX_PATH=${CMAKE_PREFIX_PATH}:/home/emon/development/ros2_begginers/install/my_py_pkg_project:/home/emon/development/ros2_begginers/install/my_py_pkg:/opt/ros/humble /usr/bin/cmake --install /home/emon/development/ros2-beginners-level-2/ros2_ws/build/my_robot-description
[2.520s] Level 1:colcon.colcon_core.environment:checking '/home/emon/development/ros2-beginners-level-2/ros2_ws/install/my_robot-description' for CMake module files
[2.521s] Level 1:colcon.colcon_core.environment:checking '/home/emon/development/ros2-beginners-level-2/ros2_ws/install/my_robot-description' for CMake config files
[2.521s] Level 1:colcon.colcon_core.shell:create_environment_hook('my_robot-description', 'cmake_prefix_path')
[2.542s] INFO:colcon.colcon_core.shell:Creating environment hook '/home/emon/development/ros2-beginners-level-2/ros2_ws/install/my_robot-description/share/my_robot-description/hook/cmake_prefix_path.ps1'
[2.543s] INFO:colcon.colcon_core.shell:Creating environment descriptor '/home/emon/development/ros2-beginners-level-2/ros2_ws/install/my_robot-description/share/my_robot-description/hook/cmake_prefix_path.dsv'
[2.544s] INFO:colcon.colcon_core.shell:Creating environment hook '/home/emon/development/ros2-beginners-level-2/ros2_ws/install/my_robot-description/share/my_robot-description/hook/cmake_prefix_path.sh'
[2.545s] Level 1:colcon.colcon_core.environment:checking '/home/emon/development/ros2-beginners-level-2/ros2_ws/install/my_robot-description/bin'
[2.545s] Level 1:colcon.colcon_core.environment:checking '/home/emon/development/ros2-beginners-level-2/ros2_ws/install/my_robot-description/lib/pkgconfig/my_robot-description.pc'
[2.545s] Level 1:colcon.colcon_core.environment:checking '/home/emon/development/ros2-beginners-level-2/ros2_ws/install/my_robot-description/lib/python3.10/site-packages'
[2.545s] Level 1:colcon.colcon_core.environment:checking '/home/emon/development/ros2-beginners-level-2/ros2_ws/install/my_robot-description/bin'
[2.565s] INFO:colcon.colcon_core.shell:Creating package script '/home/emon/development/ros2-beginners-level-2/ros2_ws/install/my_robot-description/share/my_robot-description/package.ps1'
[2.566s] INFO:colcon.colcon_core.shell:Creating package descriptor '/home/emon/development/ros2-beginners-level-2/ros2_ws/install/my_robot-description/share/my_robot-description/package.dsv'
[2.567s] INFO:colcon.colcon_core.shell:Creating package script '/home/emon/development/ros2-beginners-level-2/ros2_ws/install/my_robot-description/share/my_robot-description/package.sh'
[2.568s] INFO:colcon.colcon_core.shell:Creating package script '/home/emon/development/ros2-beginners-level-2/ros2_ws/install/my_robot-description/share/my_robot-description/package.bash'
[2.569s] INFO:colcon.colcon_core.shell:Creating package script '/home/emon/development/ros2-beginners-level-2/ros2_ws/install/my_robot-description/share/my_robot-description/package.zsh'
[2.570s] Level 1:colcon.colcon_core.environment:create_file_with_runtime_dependencies(/home/emon/development/ros2-beginners-level-2/ros2_ws/install/my_robot-description/share/colcon-core/packages/my_robot-description)
[2.619s] Level 1:colcon.colcon_core.environment:create_environment_scripts_only(my_robot-description)
[2.638s] Level 1:colcon.colcon_core.environment:checking '/home/emon/development/ros2-beginners-level-2/ros2_ws/install/my_robot-description' for CMake module files
[2.639s] Level 1:colcon.colcon_core.environment:checking '/home/emon/development/ros2-beginners-level-2/ros2_ws/install/my_robot-description' for CMake config files
[2.639s] Level 1:colcon.colcon_core.shell:create_environment_hook('my_robot-description', 'cmake_prefix_path')
[2.660s] INFO:colcon.colcon_core.shell:Creating environment hook '/home/emon/development/ros2-beginners-level-2/ros2_ws/install/my_robot-description/share/my_robot-description/hook/cmake_prefix_path.ps1'
[2.660s] INFO:colcon.colcon_core.shell:Creating environment descriptor '/home/emon/development/ros2-beginners-level-2/ros2_ws/install/my_robot-description/share/my_robot-description/hook/cmake_prefix_path.dsv'
[2.661s] INFO:colcon.colcon_core.shell:Creating environment hook '/home/emon/development/ros2-beginners-level-2/ros2_ws/install/my_robot-description/share/my_robot-description/hook/cmake_prefix_path.sh'
[2.661s] Level 1:colcon.colcon_core.environment:checking '/home/emon/development/ros2-beginners-level-2/ros2_ws/install/my_robot-description/bin'
[2.661s] Level 1:colcon.colcon_core.environment:checking '/home/emon/development/ros2-beginners-level-2/ros2_ws/install/my_robot-description/lib/pkgconfig/my_robot-description.pc'
[2.662s] Level 1:colcon.colcon_core.environment:checking '/home/emon/development/ros2-beginners-level-2/ros2_ws/install/my_robot-description/lib/python3.10/site-packages'
[2.662s] Level 1:colcon.colcon_core.environment:checking '/home/emon/development/ros2-beginners-level-2/ros2_ws/install/my_robot-description/bin'
[2.682s] INFO:colcon.colcon_core.shell:Creating package script '/home/emon/development/ros2-beginners-level-2/ros2_ws/install/my_robot-description/share/my_robot-description/package.ps1'
[2.684s] INFO:colcon.colcon_core.shell:Creating package descriptor '/home/emon/development/ros2-beginners-level-2/ros2_ws/install/my_robot-description/share/my_robot-description/package.dsv'
[2.684s] INFO:colcon.colcon_core.shell:Creating package script '/home/emon/development/ros2-beginners-level-2/ros2_ws/install/my_robot-description/share/my_robot-description/package.sh'
[2.685s] INFO:colcon.colcon_core.shell:Creating package script '/home/emon/development/ros2-beginners-level-2/ros2_ws/install/my_robot-description/share/my_robot-description/package.bash'
[2.685s] INFO:colcon.colcon_core.shell:Creating package script '/home/emon/development/ros2-beginners-level-2/ros2_ws/install/my_robot-description/share/my_robot-description/package.zsh'
[2.686s] Level 1:colcon.colcon_core.environment:create_file_with_runtime_dependencies(/home/emon/development/ros2-beginners-level-2/ros2_ws/install/my_robot-description/share/colcon-core/packages/my_robot-description)
[2.686s] DEBUG:colcon.colcon_parallel_executor.executor.parallel:closing loop
[2.687s] DEBUG:colcon.colcon_parallel_executor.executor.parallel:loop closed
[2.687s] DEBUG:colcon.colcon_parallel_executor.executor.parallel:run_until_complete finished with '0'
[2.687s] DEBUG:colcon.colcon_core.event_reactor:joining thread
[2.719s] INFO:colcon.colcon_core.plugin_system:Skipping extension 'colcon_notification.desktop_notification.terminal_notifier': Not used on non-Darwin systems
[2.719s] INFO:colcon.colcon_core.plugin_system:Skipping extension 'colcon_notification.desktop_notification.win32': Not used on non-Windows systems
[2.719s] INFO:colcon.colcon_notification.desktop_notification:Sending desktop notification using 'notify2'
[2.731s] DEBUG:colcon.colcon_core.event_reactor:joined thread
[2.754s] INFO:colcon.colcon_core.shell:Creating prefix script '/home/emon/development/ros2-beginners-level-2/ros2_ws/install/local_setup.ps1'
[2.756s] INFO:colcon.colcon_core.shell:Creating prefix util module '/home/emon/development/ros2-beginners-level-2/ros2_ws/install/_local_setup_util_ps1.py'
[2.757s] INFO:colcon.colcon_core.shell:Creating prefix chain script '/home/emon/development/ros2-beginners-level-2/ros2_ws/install/setup.ps1'
[2.782s] INFO:colcon.colcon_core.shell:Creating prefix script '/home/emon/development/ros2-beginners-level-2/ros2_ws/install/local_setup.sh'
[2.783s] INFO:colcon.colcon_core.shell:Creating prefix util module '/home/emon/development/ros2-beginners-level-2/ros2_ws/install/_local_setup_util_sh.py'
[2.784s] INFO:colcon.colcon_core.shell:Creating prefix chain script '/home/emon/development/ros2-beginners-level-2/ros2_ws/install/setup.sh'
[2.806s] INFO:colcon.colcon_core.shell:Creating prefix script '/home/emon/development/ros2-beginners-level-2/ros2_ws/install/local_setup.bash'
[2.806s] INFO:colcon.colcon_core.shell:Creating prefix chain script '/home/emon/development/ros2-beginners-level-2/ros2_ws/install/setup.bash'
[2.827s] INFO:colcon.colcon_core.shell:Creating prefix script '/home/emon/development/ros2-beginners-level-2/ros2_ws/install/local_setup.zsh'
[2.828s] INFO:colcon.colcon_core.shell:Creating prefix chain script '/home/emon/development/ros2-beginners-level-2/ros2_ws/install/setup.zsh'
