[1.318s] DEBUG:colcon:Command line arguments: ['/usr/bin/colcon', 'build']
[1.318s] DEBUG:colcon:Parsed command line arguments: Namespace(log_base=None, log_level=None, verb_name='build', build_base='build', install_base='install', merge_install=False, symlink_install=False, test_result_base=None, continue_on_error=False, executor='parallel', parallel_workers=8, event_handlers=None, ignore_user_meta=False, metas=['./colcon.meta'], base_paths=['.'], packages_ignore=None, packages_ignore_regex=None, paths=None, packages_up_to=None, packages_up_to_regex=None, packages_above=None, packages_above_and_dependencies=None, packages_above_depth=None, packages_select_by_dep=None, packages_skip_by_dep=None, packages_skip_up_to=None, packages_select_build_failed=False, packages_skip_build_finished=False, packages_select_test_failures=False, packages_skip_test_passed=False, packages_select=None, packages_skip=None, packages_select_regex=None, packages_skip_regex=None, packages_start=None, packages_end=None, allow_overriding=[], cmake_args=None, cmake_target=None, cmake_target_skip_unavailable=False, cmake_clean_cache=False, cmake_clean_first=False, cmake_force_configure=False, ament_cmake_args=None, catkin_cmake_args=None, catkin_skip_building_tests=False, verb_parser=<colcon_defaults.argument_parser.defaults.DefaultArgumentsDecorator object at 0x7f81bd326170>, verb_extension=<colcon_core.verb.build.BuildVerb object at 0x7f81bd8cf700>, main=<bound method BuildVerb.main of <colcon_core.verb.build.BuildVerb object at 0x7f81bd8cf700>>)
[1.373s] Level 1:colcon.colcon_core.package_discovery:discover_packages(colcon_meta) check parameters
[1.374s] Level 1:colcon.colcon_core.package_discovery:discover_packages(recursive) check parameters
[1.374s] Level 1:colcon.colcon_core.package_discovery:discover_packages(ignore) check parameters
[1.374s] Level 1:colcon.colcon_core.package_discovery:discover_packages(path) check parameters
[1.374s] Level 1:colcon.colcon_core.package_discovery:discover_packages(colcon_meta) discover
[1.374s] Level 1:colcon.colcon_core.package_discovery:discover_packages(recursive) discover
[1.374s] INFO:colcon.colcon_core.package_discovery:Crawling recursively for packages in '/home/emon/development/ros2-beginners-level-2/ros2_ws'
[1.374s] Level 1:colcon.colcon_core.package_identification:_identify(.) by extensions ['ignore', 'ignore_ament_install']
[1.374s] Level 1:colcon.colcon_core.package_identification:_identify(.) by extension 'ignore'
[1.374s] Level 1:colcon.colcon_core.package_identification:_identify(.) by extension 'ignore_ament_install'
[1.374s] Level 1:colcon.colcon_core.package_identification:_identify(.) by extensions ['colcon_pkg']
[1.374s] Level 1:colcon.colcon_core.package_identification:_identify(.) by extension 'colcon_pkg'
[1.374s] Level 1:colcon.colcon_core.package_identification:_identify(.) by extensions ['colcon_meta']
[1.374s] Level 1:colcon.colcon_core.package_identification:_identify(.) by extension 'colcon_meta'
[1.374s] Level 1:colcon.colcon_core.package_identification:_identify(.) by extensions ['ros']
[1.374s] Level 1:colcon.colcon_core.package_identification:_identify(.) by extension 'ros'
[1.386s] Level 1:colcon.colcon_core.package_identification:_identify(.) by extensions ['cmake', 'python']
[1.386s] Level 1:colcon.colcon_core.package_identification:_identify(.) by extension 'cmake'
[1.386s] Level 1:colcon.colcon_core.package_identification:_identify(.) by extension 'python'
[1.386s] Level 1:colcon.colcon_core.package_identification:_identify(.) by extensions ['python_setup_py']
[1.386s] Level 1:colcon.colcon_core.package_identification:_identify(.) by extension 'python_setup_py'
[1.386s] Level 1:colcon.colcon_core.package_identification:_identify(build) by extensions ['ignore', 'ignore_ament_install']
[1.386s] Level 1:colcon.colcon_core.package_identification:_identify(build) by extension 'ignore'
[1.386s] Level 1:colcon.colcon_core.package_identification:_identify(build) ignored
[1.386s] Level 1:colcon.colcon_core.package_identification:_identify(install) by extensions ['ignore', 'ignore_ament_install']
[1.387s] Level 1:colcon.colcon_core.package_identification:_identify(install) by extension 'ignore'
[1.387s] Level 1:colcon.colcon_core.package_identification:_identify(install) ignored
[1.387s] Level 1:colcon.colcon_core.package_identification:_identify(log) by extensions ['ignore', 'ignore_ament_install']
[1.387s] Level 1:colcon.colcon_core.package_identification:_identify(log) by extension 'ignore'
[1.387s] Level 1:colcon.colcon_core.package_identification:_identify(log) ignored
[1.387s] Level 1:colcon.colcon_core.package_identification:_identify(src) by extensions ['ignore', 'ignore_ament_install']
[1.387s] Level 1:colcon.colcon_core.package_identification:_identify(src) by extension 'ignore'
[1.387s] Level 1:colcon.colcon_core.package_identification:_identify(src) by extension 'ignore_ament_install'
[1.387s] Level 1:colcon.colcon_core.package_identification:_identify(src) by extensions ['colcon_pkg']
[1.387s] Level 1:colcon.colcon_core.package_identification:_identify(src) by extension 'colcon_pkg'
[1.387s] Level 1:colcon.colcon_core.package_identification:_identify(src) by extensions ['colcon_meta']
[1.387s] Level 1:colcon.colcon_core.package_identification:_identify(src) by extension 'colcon_meta'
[1.387s] Level 1:colcon.colcon_core.package_identification:_identify(src) by extensions ['ros']
[1.387s] Level 1:colcon.colcon_core.package_identification:_identify(src) by extension 'ros'
[1.387s] Level 1:colcon.colcon_core.package_identification:_identify(src) by extensions ['cmake', 'python']
[1.387s] Level 1:colcon.colcon_core.package_identification:_identify(src) by extension 'cmake'
[1.388s] Level 1:colcon.colcon_core.package_identification:_identify(src) by extension 'python'
[1.388s] Level 1:colcon.colcon_core.package_identification:_identify(src) by extensions ['python_setup_py']
[1.388s] Level 1:colcon.colcon_core.package_identification:_identify(src) by extension 'python_setup_py'
[1.388s] Level 1:colcon.colcon_core.package_identification:_identify(src/my_robot-description) by extensions ['ignore', 'ignore_ament_install']
[1.388s] Level 1:colcon.colcon_core.package_identification:_identify(src/my_robot-description) by extension 'ignore'
[1.388s] Level 1:colcon.colcon_core.package_identification:_identify(src/my_robot-description) by extension 'ignore_ament_install'
[1.388s] Level 1:colcon.colcon_core.package_identification:_identify(src/my_robot-description) by extensions ['colcon_pkg']
[1.388s] Level 1:colcon.colcon_core.package_identification:_identify(src/my_robot-description) by extension 'colcon_pkg'
[1.388s] Level 1:colcon.colcon_core.package_identification:_identify(src/my_robot-description) by extensions ['colcon_meta']
[1.388s] Level 1:colcon.colcon_core.package_identification:_identify(src/my_robot-description) by extension 'colcon_meta'
[1.388s] Level 1:colcon.colcon_core.package_identification:_identify(src/my_robot-description) by extensions ['ros']
[1.388s] Level 1:colcon.colcon_core.package_identification:_identify(src/my_robot-description) by extension 'ros'
[1.390s] DEBUG:colcon.colcon_core.package_identification:Package 'src/my_robot-description' with type 'ros.ament_cmake' and name 'my_robot-description'
[1.391s] Level 1:colcon.colcon_core.package_identification:_identify(src/my_robot_bringup) by extensions ['ignore', 'ignore_ament_install']
[1.391s] Level 1:colcon.colcon_core.package_identification:_identify(src/my_robot_bringup) by extension 'ignore'
[1.391s] Level 1:colcon.colcon_core.package_identification:_identify(src/my_robot_bringup) by extension 'ignore_ament_install'
[1.391s] Level 1:colcon.colcon_core.package_identification:_identify(src/my_robot_bringup) by extensions ['colcon_pkg']
[1.391s] Level 1:colcon.colcon_core.package_identification:_identify(src/my_robot_bringup) by extension 'colcon_pkg'
[1.391s] Level 1:colcon.colcon_core.package_identification:_identify(src/my_robot_bringup) by extensions ['colcon_meta']
[1.391s] Level 1:colcon.colcon_core.package_identification:_identify(src/my_robot_bringup) by extension 'colcon_meta'
[1.391s] Level 1:colcon.colcon_core.package_identification:_identify(src/my_robot_bringup) by extensions ['ros']
[1.391s] Level 1:colcon.colcon_core.package_identification:_identify(src/my_robot_bringup) by extension 'ros'
[1.391s] DEBUG:colcon.colcon_core.package_identification:Package 'src/my_robot_bringup' with type 'ros.ament_cmake' and name 'my_robot_bringup'
[1.392s] Level 1:colcon.colcon_core.package_discovery:discover_packages(recursive) using defaults
[1.392s] Level 1:colcon.colcon_core.package_discovery:discover_packages(ignore) discover
[1.392s] Level 1:colcon.colcon_core.package_discovery:discover_packages(ignore) using defaults
[1.392s] Level 1:colcon.colcon_core.package_discovery:discover_packages(path) discover
[1.392s] Level 1:colcon.colcon_core.package_discovery:discover_packages(path) using defaults
[1.505s] Level 1:colcon.colcon_core.package_discovery:discover_packages(prefix_path) check parameters
[1.505s] Level 1:colcon.colcon_core.package_discovery:discover_packages(prefix_path) discover
[1.546s] DEBUG:colcon.colcon_installed_package_information.package_discovery:Found 1 installed packages in /home/emon/ros_ws/install
[1.574s] DEBUG:colcon.colcon_installed_package_information.package_discovery:Found 2 installed packages in /home/emon/development/ros2-beginners-level-2/ros2_ws/install
[1.593s] DEBUG:colcon.colcon_installed_package_information.package_discovery:Found 3 installed packages in /home/emon/development/ros2_begginers/install
[1.614s] DEBUG:colcon.colcon_installed_package_information.package_discovery:Found 474 installed packages in /opt/ros/humble
[1.616s] Level 1:colcon.colcon_core.package_discovery:discover_packages(prefix_path) using defaults
[1.751s] Level 5:colcon.colcon_core.verb:set package 'my_robot-description' build argument 'cmake_args' from command line to 'None'
[1.751s] Level 5:colcon.colcon_core.verb:set package 'my_robot-description' build argument 'cmake_target' from command line to 'None'
[1.751s] Level 5:colcon.colcon_core.verb:set package 'my_robot-description' build argument 'cmake_target_skip_unavailable' from command line to 'False'
[1.751s] Level 5:colcon.colcon_core.verb:set package 'my_robot-description' build argument 'cmake_clean_cache' from command line to 'False'
[1.751s] Level 5:colcon.colcon_core.verb:set package 'my_robot-description' build argument 'cmake_clean_first' from command line to 'False'
[1.751s] Level 5:colcon.colcon_core.verb:set package 'my_robot-description' build argument 'cmake_force_configure' from command line to 'False'
[1.751s] Level 5:colcon.colcon_core.verb:set package 'my_robot-description' build argument 'ament_cmake_args' from command line to 'None'
[1.751s] Level 5:colcon.colcon_core.verb:set package 'my_robot-description' build argument 'catkin_cmake_args' from command line to 'None'
[1.751s] Level 5:colcon.colcon_core.verb:set package 'my_robot-description' build argument 'catkin_skip_building_tests' from command line to 'False'
[1.752s] DEBUG:colcon.colcon_core.verb:Building package 'my_robot-description' with the following arguments: {'ament_cmake_args': None, 'build_base': '/home/emon/development/ros2-beginners-level-2/ros2_ws/build/my_robot-description', 'catkin_cmake_args': None, 'catkin_skip_building_tests': False, 'cmake_args': None, 'cmake_clean_cache': False, 'cmake_clean_first': False, 'cmake_force_configure': False, 'cmake_target': None, 'cmake_target_skip_unavailable': False, 'install_base': '/home/emon/development/ros2-beginners-level-2/ros2_ws/install/my_robot-description', 'merge_install': False, 'path': '/home/emon/development/ros2-beginners-level-2/ros2_ws/src/my_robot-description', 'symlink_install': False, 'test_result_base': None}
[1.771s] Level 5:colcon.colcon_core.verb:set package 'my_robot_bringup' build argument 'cmake_args' from command line to 'None'
[1.771s] Level 5:colcon.colcon_core.verb:set package 'my_robot_bringup' build argument 'cmake_target' from command line to 'None'
[1.771s] Level 5:colcon.colcon_core.verb:set package 'my_robot_bringup' build argument 'cmake_target_skip_unavailable' from command line to 'False'
[1.771s] Level 5:colcon.colcon_core.verb:set package 'my_robot_bringup' build argument 'cmake_clean_cache' from command line to 'False'
[1.771s] Level 5:colcon.colcon_core.verb:set package 'my_robot_bringup' build argument 'cmake_clean_first' from command line to 'False'
[1.771s] Level 5:colcon.colcon_core.verb:set package 'my_robot_bringup' build argument 'cmake_force_configure' from command line to 'False'
[1.771s] Level 5:colcon.colcon_core.verb:set package 'my_robot_bringup' build argument 'ament_cmake_args' from command line to 'None'
[1.771s] Level 5:colcon.colcon_core.verb:set package 'my_robot_bringup' build argument 'catkin_cmake_args' from command line to 'None'
[1.771s] Level 5:colcon.colcon_core.verb:set package 'my_robot_bringup' build argument 'catkin_skip_building_tests' from command line to 'False'
[1.771s] DEBUG:colcon.colcon_core.verb:Building package 'my_robot_bringup' with the following arguments: {'ament_cmake_args': None, 'build_base': '/home/emon/development/ros2-beginners-level-2/ros2_ws/build/my_robot_bringup', 'catkin_cmake_args': None, 'catkin_skip_building_tests': False, 'cmake_args': None, 'cmake_clean_cache': False, 'cmake_clean_first': False, 'cmake_force_configure': False, 'cmake_target': None, 'cmake_target_skip_unavailable': False, 'install_base': '/home/emon/development/ros2-beginners-level-2/ros2_ws/install/my_robot_bringup', 'merge_install': False, 'path': '/home/emon/development/ros2-beginners-level-2/ros2_ws/src/my_robot_bringup', 'symlink_install': False, 'test_result_base': None}
[1.789s] INFO:colcon.colcon_core.executor:Executing jobs using 'parallel' executor
[1.808s] DEBUG:colcon.colcon_parallel_executor.executor.parallel:run_until_complete
[1.808s] INFO:colcon.colcon_ros.task.ament_cmake.build:Building ROS package in '/home/emon/development/ros2-beginners-level-2/ros2_ws/src/my_robot-description' with build type 'ament_cmake'
[1.808s] INFO:colcon.colcon_cmake.task.cmake.build:Building CMake package in '/home/emon/development/ros2-beginners-level-2/ros2_ws/src/my_robot-description'
[1.829s] INFO:colcon.colcon_core.plugin_system:Skipping extension 'colcon_core.shell.bat': Not used on non-Windows systems
[1.829s] INFO:colcon.colcon_core.shell:Skip shell extension 'powershell' for command environment: Not usable outside of PowerShell
[1.829s] DEBUG:colcon.colcon_core.shell:Skip shell extension 'dsv' for command environment
[1.939s] INFO:colcon.colcon_ros.task.ament_cmake.build:Building ROS package in '/home/emon/development/ros2-beginners-level-2/ros2_ws/src/my_robot_bringup' with build type 'ament_cmake'
[1.939s] INFO:colcon.colcon_cmake.task.cmake.build:Building CMake package in '/home/emon/development/ros2-beginners-level-2/ros2_ws/src/my_robot_bringup'
[1.962s] INFO:colcon.colcon_core.shell:Skip shell extension 'powershell' for command environment: Not usable outside of PowerShell
[1.962s] DEBUG:colcon.colcon_core.shell:Skip shell extension 'dsv' for command environment
[2.110s] DEBUG:colcon.colcon_core.event_handler.log_command:Invoking command in '/home/emon/development/ros2-beginners-level-2/ros2_ws/build/my_robot-description': CMAKE_PREFIX_PATH=${CMAKE_PREFIX_PATH}:/home/emon/development/ros2_begginers/install/my_py_pkg_project:/home/emon/development/ros2_begginers/install/my_py_pkg:/opt/ros/humble /usr/bin/cmake --build /home/emon/development/ros2-beginners-level-2/ros2_ws/build/my_robot-description -- -j8 -l8
[2.113s] DEBUG:colcon.colcon_core.event_handler.log_command:Invoking command in '/home/emon/development/ros2-beginners-level-2/ros2_ws/build/my_robot_bringup': CMAKE_PREFIX_PATH=${CMAKE_PREFIX_PATH}:/home/emon/development/ros2_begginers/install/my_py_pkg_project:/home/emon/development/ros2_begginers/install/my_py_pkg:/opt/ros/humble /usr/bin/cmake --build /home/emon/development/ros2-beginners-level-2/ros2_ws/build/my_robot_bringup -- -j8 -l8
[2.150s] DEBUG:colcon.colcon_core.event_handler.log_command:Invoked command in '/home/emon/development/ros2-beginners-level-2/ros2_ws/build/my_robot-description' returned '0': CMAKE_PREFIX_PATH=${CMAKE_PREFIX_PATH}:/home/emon/development/ros2_begginers/install/my_py_pkg_project:/home/emon/development/ros2_begginers/install/my_py_pkg:/opt/ros/humble /usr/bin/cmake --build /home/emon/development/ros2-beginners-level-2/ros2_ws/build/my_robot-description -- -j8 -l8
[2.154s] DEBUG:colcon.colcon_core.event_handler.log_command:Invoked command in '/home/emon/development/ros2-beginners-level-2/ros2_ws/build/my_robot_bringup' returned '0': CMAKE_PREFIX_PATH=${CMAKE_PREFIX_PATH}:/home/emon/development/ros2_begginers/install/my_py_pkg_project:/home/emon/development/ros2_begginers/install/my_py_pkg:/opt/ros/humble /usr/bin/cmake --build /home/emon/development/ros2-beginners-level-2/ros2_ws/build/my_robot_bringup -- -j8 -l8
[2.186s] DEBUG:colcon.colcon_core.event_handler.log_command:Invoking command in '/home/emon/development/ros2-beginners-level-2/ros2_ws/build/my_robot-description': CMAKE_PREFIX_PATH=${CMAKE_PREFIX_PATH}:/home/emon/development/ros2_begginers/install/my_py_pkg_project:/home/emon/development/ros2_begginers/install/my_py_pkg:/opt/ros/humble /usr/bin/cmake --install /home/emon/development/ros2-beginners-level-2/ros2_ws/build/my_robot-description
[2.189s] DEBUG:colcon.colcon_core.event_handler.log_command:Invoking command in '/home/emon/development/ros2-beginners-level-2/ros2_ws/build/my_robot_bringup': CMAKE_PREFIX_PATH=${CMAKE_PREFIX_PATH}:/home/emon/development/ros2_begginers/install/my_py_pkg_project:/home/emon/development/ros2_begginers/install/my_py_pkg:/opt/ros/humble /usr/bin/cmake --install /home/emon/development/ros2-beginners-level-2/ros2_ws/build/my_robot_bringup
[2.209s] Level 1:colcon.colcon_core.environment:create_environment_scripts_only(my_robot-description)
[2.210s] DEBUG:colcon.colcon_core.event_handler.log_command:Invoked command in '/home/emon/development/ros2-beginners-level-2/ros2_ws/build/my_robot-description' returned '0': CMAKE_PREFIX_PATH=${CMAKE_PREFIX_PATH}:/home/emon/development/ros2_begginers/install/my_py_pkg_project:/home/emon/development/ros2_begginers/install/my_py_pkg:/opt/ros/humble /usr/bin/cmake --install /home/emon/development/ros2-beginners-level-2/ros2_ws/build/my_robot-description
[2.235s] Level 1:colcon.colcon_core.environment:checking '/home/emon/development/ros2-beginners-level-2/ros2_ws/install/my_robot-description' for CMake module files
[2.236s] Level 1:colcon.colcon_core.environment:checking '/home/emon/development/ros2-beginners-level-2/ros2_ws/install/my_robot-description' for CMake config files
[2.236s] Level 1:colcon.colcon_core.shell:create_environment_hook('my_robot-description', 'cmake_prefix_path')
[2.257s] INFO:colcon.colcon_core.shell:Creating environment hook '/home/emon/development/ros2-beginners-level-2/ros2_ws/install/my_robot-description/share/my_robot-description/hook/cmake_prefix_path.ps1'
[2.257s] INFO:colcon.colcon_core.shell:Creating environment descriptor '/home/emon/development/ros2-beginners-level-2/ros2_ws/install/my_robot-description/share/my_robot-description/hook/cmake_prefix_path.dsv'
[2.259s] INFO:colcon.colcon_core.shell:Creating environment hook '/home/emon/development/ros2-beginners-level-2/ros2_ws/install/my_robot-description/share/my_robot-description/hook/cmake_prefix_path.sh'
[2.262s] Level 1:colcon.colcon_core.environment:checking '/home/emon/development/ros2-beginners-level-2/ros2_ws/install/my_robot-description/bin'
[2.262s] Level 1:colcon.colcon_core.environment:checking '/home/emon/development/ros2-beginners-level-2/ros2_ws/install/my_robot-description/lib/pkgconfig/my_robot-description.pc'
[2.263s] Level 1:colcon.colcon_core.environment:checking '/home/emon/development/ros2-beginners-level-2/ros2_ws/install/my_robot-description/lib/python3.10/site-packages'
[2.263s] Level 1:colcon.colcon_core.environment:checking '/home/emon/development/ros2-beginners-level-2/ros2_ws/install/my_robot-description/bin'
[2.282s] INFO:colcon.colcon_core.shell:Creating package script '/home/emon/development/ros2-beginners-level-2/ros2_ws/install/my_robot-description/share/my_robot-description/package.ps1'
[2.283s] INFO:colcon.colcon_core.shell:Creating package descriptor '/home/emon/development/ros2-beginners-level-2/ros2_ws/install/my_robot-description/share/my_robot-description/package.dsv'
[2.283s] INFO:colcon.colcon_core.shell:Creating package script '/home/emon/development/ros2-beginners-level-2/ros2_ws/install/my_robot-description/share/my_robot-description/package.sh'
[2.284s] INFO:colcon.colcon_core.shell:Creating package script '/home/emon/development/ros2-beginners-level-2/ros2_ws/install/my_robot-description/share/my_robot-description/package.bash'
[2.284s] INFO:colcon.colcon_core.shell:Creating package script '/home/emon/development/ros2-beginners-level-2/ros2_ws/install/my_robot-description/share/my_robot-description/package.zsh'
[2.285s] Level 1:colcon.colcon_core.environment:create_file_with_runtime_dependencies(/home/emon/development/ros2-beginners-level-2/ros2_ws/install/my_robot-description/share/colcon-core/packages/my_robot-description)
[2.287s] Level 1:colcon.colcon_core.environment:create_environment_scripts_only(my_robot_bringup)
[2.288s] DEBUG:colcon.colcon_core.event_handler.log_command:Invoked command in '/home/emon/development/ros2-beginners-level-2/ros2_ws/build/my_robot_bringup' returned '0': CMAKE_PREFIX_PATH=${CMAKE_PREFIX_PATH}:/home/emon/development/ros2_begginers/install/my_py_pkg_project:/home/emon/development/ros2_begginers/install/my_py_pkg:/opt/ros/humble /usr/bin/cmake --install /home/emon/development/ros2-beginners-level-2/ros2_ws/build/my_robot_bringup
[2.310s] Level 1:colcon.colcon_core.environment:checking '/home/emon/development/ros2-beginners-level-2/ros2_ws/install/my_robot_bringup' for CMake module files
[2.311s] Level 1:colcon.colcon_core.environment:checking '/home/emon/development/ros2-beginners-level-2/ros2_ws/install/my_robot_bringup' for CMake config files
[2.312s] Level 1:colcon.colcon_core.shell:create_environment_hook('my_robot_bringup', 'cmake_prefix_path')
[2.335s] INFO:colcon.colcon_core.shell:Creating environment hook '/home/emon/development/ros2-beginners-level-2/ros2_ws/install/my_robot_bringup/share/my_robot_bringup/hook/cmake_prefix_path.ps1'
[2.335s] INFO:colcon.colcon_core.shell:Creating environment descriptor '/home/emon/development/ros2-beginners-level-2/ros2_ws/install/my_robot_bringup/share/my_robot_bringup/hook/cmake_prefix_path.dsv'
[2.335s] INFO:colcon.colcon_core.shell:Creating environment hook '/home/emon/development/ros2-beginners-level-2/ros2_ws/install/my_robot_bringup/share/my_robot_bringup/hook/cmake_prefix_path.sh'
[2.336s] Level 1:colcon.colcon_core.environment:checking '/home/emon/development/ros2-beginners-level-2/ros2_ws/install/my_robot_bringup/bin'
[2.336s] Level 1:colcon.colcon_core.environment:checking '/home/emon/development/ros2-beginners-level-2/ros2_ws/install/my_robot_bringup/lib/pkgconfig/my_robot_bringup.pc'
[2.336s] Level 1:colcon.colcon_core.environment:checking '/home/emon/development/ros2-beginners-level-2/ros2_ws/install/my_robot_bringup/lib/python3.10/site-packages'
[2.336s] Level 1:colcon.colcon_core.environment:checking '/home/emon/development/ros2-beginners-level-2/ros2_ws/install/my_robot_bringup/bin'
[2.356s] INFO:colcon.colcon_core.shell:Creating package script '/home/emon/development/ros2-beginners-level-2/ros2_ws/install/my_robot_bringup/share/my_robot_bringup/package.ps1'
[2.357s] INFO:colcon.colcon_core.shell:Creating package descriptor '/home/emon/development/ros2-beginners-level-2/ros2_ws/install/my_robot_bringup/share/my_robot_bringup/package.dsv'
[2.357s] INFO:colcon.colcon_core.shell:Creating package script '/home/emon/development/ros2-beginners-level-2/ros2_ws/install/my_robot_bringup/share/my_robot_bringup/package.sh'
[2.358s] INFO:colcon.colcon_core.shell:Creating package script '/home/emon/development/ros2-beginners-level-2/ros2_ws/install/my_robot_bringup/share/my_robot_bringup/package.bash'
[2.360s] INFO:colcon.colcon_core.shell:Creating package script '/home/emon/development/ros2-beginners-level-2/ros2_ws/install/my_robot_bringup/share/my_robot_bringup/package.zsh'
[2.361s] Level 1:colcon.colcon_core.environment:create_file_with_runtime_dependencies(/home/emon/development/ros2-beginners-level-2/ros2_ws/install/my_robot_bringup/share/colcon-core/packages/my_robot_bringup)
[2.382s] Level 1:colcon.colcon_core.environment:create_environment_scripts_only(my_robot-description)
[2.404s] Level 1:colcon.colcon_core.environment:checking '/home/emon/development/ros2-beginners-level-2/ros2_ws/install/my_robot-description' for CMake module files
[2.405s] Level 1:colcon.colcon_core.environment:checking '/home/emon/development/ros2-beginners-level-2/ros2_ws/install/my_robot-description' for CMake config files
[2.405s] Level 1:colcon.colcon_core.shell:create_environment_hook('my_robot-description', 'cmake_prefix_path')
[2.424s] INFO:colcon.colcon_core.shell:Creating environment hook '/home/emon/development/ros2-beginners-level-2/ros2_ws/install/my_robot-description/share/my_robot-description/hook/cmake_prefix_path.ps1'
[2.425s] INFO:colcon.colcon_core.shell:Creating environment descriptor '/home/emon/development/ros2-beginners-level-2/ros2_ws/install/my_robot-description/share/my_robot-description/hook/cmake_prefix_path.dsv'
[2.425s] INFO:colcon.colcon_core.shell:Creating environment hook '/home/emon/development/ros2-beginners-level-2/ros2_ws/install/my_robot-description/share/my_robot-description/hook/cmake_prefix_path.sh'
[2.425s] Level 1:colcon.colcon_core.environment:checking '/home/emon/development/ros2-beginners-level-2/ros2_ws/install/my_robot-description/bin'
[2.425s] Level 1:colcon.colcon_core.environment:checking '/home/emon/development/ros2-beginners-level-2/ros2_ws/install/my_robot-description/lib/pkgconfig/my_robot-description.pc'
[2.426s] Level 1:colcon.colcon_core.environment:checking '/home/emon/development/ros2-beginners-level-2/ros2_ws/install/my_robot-description/lib/python3.10/site-packages'
[2.426s] Level 1:colcon.colcon_core.environment:checking '/home/emon/development/ros2-beginners-level-2/ros2_ws/install/my_robot-description/bin'
[2.446s] INFO:colcon.colcon_core.shell:Creating package script '/home/emon/development/ros2-beginners-level-2/ros2_ws/install/my_robot-description/share/my_robot-description/package.ps1'
[2.446s] INFO:colcon.colcon_core.shell:Creating package descriptor '/home/emon/development/ros2-beginners-level-2/ros2_ws/install/my_robot-description/share/my_robot-description/package.dsv'
[2.446s] INFO:colcon.colcon_core.shell:Creating package script '/home/emon/development/ros2-beginners-level-2/ros2_ws/install/my_robot-description/share/my_robot-description/package.sh'
[2.447s] INFO:colcon.colcon_core.shell:Creating package script '/home/emon/development/ros2-beginners-level-2/ros2_ws/install/my_robot-description/share/my_robot-description/package.bash'
[2.447s] INFO:colcon.colcon_core.shell:Creating package script '/home/emon/development/ros2-beginners-level-2/ros2_ws/install/my_robot-description/share/my_robot-description/package.zsh'
[2.447s] Level 1:colcon.colcon_core.environment:create_file_with_runtime_dependencies(/home/emon/development/ros2-beginners-level-2/ros2_ws/install/my_robot-description/share/colcon-core/packages/my_robot-description)
[2.469s] Level 1:colcon.colcon_core.environment:create_environment_scripts_only(my_robot_bringup)
[2.488s] Level 1:colcon.colcon_core.environment:checking '/home/emon/development/ros2-beginners-level-2/ros2_ws/install/my_robot_bringup' for CMake module files
[2.489s] Level 1:colcon.colcon_core.environment:checking '/home/emon/development/ros2-beginners-level-2/ros2_ws/install/my_robot_bringup' for CMake config files
[2.489s] Level 1:colcon.colcon_core.shell:create_environment_hook('my_robot_bringup', 'cmake_prefix_path')
[2.514s] INFO:colcon.colcon_core.shell:Creating environment hook '/home/emon/development/ros2-beginners-level-2/ros2_ws/install/my_robot_bringup/share/my_robot_bringup/hook/cmake_prefix_path.ps1'
[2.515s] INFO:colcon.colcon_core.shell:Creating environment descriptor '/home/emon/development/ros2-beginners-level-2/ros2_ws/install/my_robot_bringup/share/my_robot_bringup/hook/cmake_prefix_path.dsv'
[2.515s] INFO:colcon.colcon_core.shell:Creating environment hook '/home/emon/development/ros2-beginners-level-2/ros2_ws/install/my_robot_bringup/share/my_robot_bringup/hook/cmake_prefix_path.sh'
[2.516s] Level 1:colcon.colcon_core.environment:checking '/home/emon/development/ros2-beginners-level-2/ros2_ws/install/my_robot_bringup/bin'
[2.516s] Level 1:colcon.colcon_core.environment:checking '/home/emon/development/ros2-beginners-level-2/ros2_ws/install/my_robot_bringup/lib/pkgconfig/my_robot_bringup.pc'
[2.516s] Level 1:colcon.colcon_core.environment:checking '/home/emon/development/ros2-beginners-level-2/ros2_ws/install/my_robot_bringup/lib/python3.10/site-packages'
[2.516s] Level 1:colcon.colcon_core.environment:checking '/home/emon/development/ros2-beginners-level-2/ros2_ws/install/my_robot_bringup/bin'
[2.540s] INFO:colcon.colcon_core.shell:Creating package script '/home/emon/development/ros2-beginners-level-2/ros2_ws/install/my_robot_bringup/share/my_robot_bringup/package.ps1'
[2.540s] INFO:colcon.colcon_core.shell:Creating package descriptor '/home/emon/development/ros2-beginners-level-2/ros2_ws/install/my_robot_bringup/share/my_robot_bringup/package.dsv'
[2.541s] INFO:colcon.colcon_core.shell:Creating package script '/home/emon/development/ros2-beginners-level-2/ros2_ws/install/my_robot_bringup/share/my_robot_bringup/package.sh'
[2.543s] INFO:colcon.colcon_core.shell:Creating package script '/home/emon/development/ros2-beginners-level-2/ros2_ws/install/my_robot_bringup/share/my_robot_bringup/package.bash'
[2.545s] INFO:colcon.colcon_core.shell:Creating package script '/home/emon/development/ros2-beginners-level-2/ros2_ws/install/my_robot_bringup/share/my_robot_bringup/package.zsh'
[2.547s] Level 1:colcon.colcon_core.environment:create_file_with_runtime_dependencies(/home/emon/development/ros2-beginners-level-2/ros2_ws/install/my_robot_bringup/share/colcon-core/packages/my_robot_bringup)
[2.547s] DEBUG:colcon.colcon_parallel_executor.executor.parallel:closing loop
[2.548s] DEBUG:colcon.colcon_parallel_executor.executor.parallel:loop closed
[2.548s] DEBUG:colcon.colcon_parallel_executor.executor.parallel:run_until_complete finished with '0'
[2.548s] DEBUG:colcon.colcon_core.event_reactor:joining thread
[2.576s] INFO:colcon.colcon_core.plugin_system:Skipping extension 'colcon_notification.desktop_notification.terminal_notifier': Not used on non-Darwin systems
[2.576s] INFO:colcon.colcon_core.plugin_system:Skipping extension 'colcon_notification.desktop_notification.win32': Not used on non-Windows systems
[2.576s] INFO:colcon.colcon_notification.desktop_notification:Sending desktop notification using 'notify2'
[2.587s] DEBUG:colcon.colcon_core.event_reactor:joined thread
[2.612s] INFO:colcon.colcon_core.shell:Creating prefix script '/home/emon/development/ros2-beginners-level-2/ros2_ws/install/local_setup.ps1'
[2.613s] INFO:colcon.colcon_core.shell:Creating prefix util module '/home/emon/development/ros2-beginners-level-2/ros2_ws/install/_local_setup_util_ps1.py'
[2.615s] INFO:colcon.colcon_core.shell:Creating prefix chain script '/home/emon/development/ros2-beginners-level-2/ros2_ws/install/setup.ps1'
[2.636s] INFO:colcon.colcon_core.shell:Creating prefix script '/home/emon/development/ros2-beginners-level-2/ros2_ws/install/local_setup.sh'
[2.637s] INFO:colcon.colcon_core.shell:Creating prefix util module '/home/emon/development/ros2-beginners-level-2/ros2_ws/install/_local_setup_util_sh.py'
[2.637s] INFO:colcon.colcon_core.shell:Creating prefix chain script '/home/emon/development/ros2-beginners-level-2/ros2_ws/install/setup.sh'
[2.663s] INFO:colcon.colcon_core.shell:Creating prefix script '/home/emon/development/ros2-beginners-level-2/ros2_ws/install/local_setup.bash'
[2.664s] INFO:colcon.colcon_core.shell:Creating prefix chain script '/home/emon/development/ros2-beginners-level-2/ros2_ws/install/setup.bash'
[2.688s] INFO:colcon.colcon_core.shell:Creating prefix script '/home/emon/development/ros2-beginners-level-2/ros2_ws/install/local_setup.zsh'
[2.689s] INFO:colcon.colcon_core.shell:Creating prefix chain script '/home/emon/development/ros2-beginners-level-2/ros2_ws/install/setup.zsh'
