[0.006s] Invoking command in '/home/poridhi/development/ros2-beginners-level-2/my_bot/build/my_rover': CMAKE_PREFIX_PATH=/opt/ros/humble /usr/bin/cmake /home/poridhi/development/ros2-beginners-level-2/my_bot/src/my_rover -DAMENT_CMAKE_SYMLINK_INSTALL=1 -DCMAKE_INSTALL_PREFIX=/home/poridhi/development/ros2-beginners-level-2/my_bot/install/my_rover
[0.015s] -- Found ament_cmake: 1.3.8 (/opt/ros/humble/share/ament_cmake/cmake)
[0.087s] -- Override CMake install command with custom implementation using symlinks instead of copying resources
[0.130s] -- Configuring done
[0.131s] -- Generating done
[0.132s] -- Build files have been written to: /home/poridhi/development/ros2-beginners-level-2/my_bot/build/my_rover
[0.134s] Invoked command in '/home/poridhi/development/ros2-beginners-level-2/my_bot/build/my_rover' returned '0': CMAKE_PREFIX_PATH=/opt/ros/humble /usr/bin/cmake /home/poridhi/development/ros2-beginners-level-2/my_bot/src/my_rover -DAMENT_CMAKE_SYMLINK_INSTALL=1 -DCMAKE_INSTALL_PREFIX=/home/poridhi/development/ros2-beginners-level-2/my_bot/install/my_rover
[0.135s] Invoking command in '/home/poridhi/development/ros2-beginners-level-2/my_bot/build/my_rover': CMAKE_PREFIX_PATH=/opt/ros/humble /usr/bin/cmake --build /home/poridhi/development/ros2-beginners-level-2/my_bot/build/my_rover -- -j12 -l12
[0.159s] Invoked command in '/home/poridhi/development/ros2-beginners-level-2/my_bot/build/my_rover' returned '0': CMAKE_PREFIX_PATH=/opt/ros/humble /usr/bin/cmake --build /home/poridhi/development/ros2-beginners-level-2/my_bot/build/my_rover -- -j12 -l12
[0.174s] Invoking command in '/home/poridhi/development/ros2-beginners-level-2/my_bot/build/my_rover': CMAKE_PREFIX_PATH=/opt/ros/humble /usr/bin/cmake --install /home/poridhi/development/ros2-beginners-level-2/my_bot/build/my_rover
[0.178s] -- Install configuration: ""
[0.179s] -- Execute custom install script
[0.179s] -- Up-to-date symlink: /home/poridhi/development/ros2-beginners-level-2/my_bot/install/my_rover/share/my_rover//config/empty.yaml
[0.179s] -- Symlinking: /home/poridhi/development/ros2-beginners-level-2/my_bot/install/my_rover/share/my_rover//config/joystick.aml
[0.184s] -- Symlinking: /home/poridhi/development/ros2-beginners-level-2/my_bot/install/my_rover/share/my_rover//config/twist_mux.yaml
[0.189s] -- Up-to-date symlink: /home/poridhi/development/ros2-beginners-level-2/my_bot/install/my_rover/share/my_rover//description/gazebo_control.xacro
[0.189s] -- Up-to-date symlink: /home/poridhi/development/ros2-beginners-level-2/my_bot/install/my_rover/share/my_rover//description/inertial_macros.xacro
[0.189s] -- Up-to-date symlink: /home/poridhi/development/ros2-beginners-level-2/my_bot/install/my_rover/share/my_rover//description/robot.urdf.xacro
[0.190s] -- Up-to-date symlink: /home/poridhi/development/ros2-beginners-level-2/my_bot/install/my_rover/share/my_rover//description/robot_core.xacro
[0.190s] -- Up-to-date symlink: /home/poridhi/development/ros2-beginners-level-2/my_bot/install/my_rover/share/my_rover//launch/joystick.launch.py
[0.190s] -- Up-to-date symlink: /home/poridhi/development/ros2-beginners-level-2/my_bot/install/my_rover/share/my_rover//launch/launch_sim.launch.py
[0.190s] -- Up-to-date symlink: /home/poridhi/development/ros2-beginners-level-2/my_bot/install/my_rover/share/my_rover//launch/rsp.launch.py
[0.190s] -- Up-to-date symlink: /home/poridhi/development/ros2-beginners-level-2/my_bot/install/my_rover/share/my_rover//worlds/empty.world
[0.190s] -- Up-to-date symlink: /home/poridhi/development/ros2-beginners-level-2/my_bot/install/my_rover/share/my_rover//worlds/obstacle.world
[0.190s] -- Up-to-date symlink: /home/poridhi/development/ros2-beginners-level-2/my_bot/install/my_rover/share/ament_index/resource_index/package_run_dependencies/my_rover
[0.190s] -- Up-to-date symlink: /home/poridhi/development/ros2-beginners-level-2/my_bot/install/my_rover/share/ament_index/resource_index/parent_prefix_path/my_rover
[0.190s] -- Up-to-date symlink: /home/poridhi/development/ros2-beginners-level-2/my_bot/install/my_rover/share/my_rover/environment/ament_prefix_path.sh
[0.190s] -- Up-to-date symlink: /home/poridhi/development/ros2-beginners-level-2/my_bot/install/my_rover/share/my_rover/environment/ament_prefix_path.dsv
[0.190s] -- Up-to-date symlink: /home/poridhi/development/ros2-beginners-level-2/my_bot/install/my_rover/share/my_rover/environment/path.sh
[0.190s] -- Up-to-date symlink: /home/poridhi/development/ros2-beginners-level-2/my_bot/install/my_rover/share/my_rover/environment/path.dsv
[0.191s] -- Up-to-date symlink: /home/poridhi/development/ros2-beginners-level-2/my_bot/install/my_rover/share/my_rover/local_setup.bash
[0.191s] -- Up-to-date symlink: /home/poridhi/development/ros2-beginners-level-2/my_bot/install/my_rover/share/my_rover/local_setup.sh
[0.191s] -- Up-to-date symlink: /home/poridhi/development/ros2-beginners-level-2/my_bot/install/my_rover/share/my_rover/local_setup.zsh
[0.191s] -- Up-to-date symlink: /home/poridhi/development/ros2-beginners-level-2/my_bot/install/my_rover/share/my_rover/local_setup.dsv
[0.191s] -- Symlinking: /home/poridhi/development/ros2-beginners-level-2/my_bot/install/my_rover/share/my_rover/package.dsv
[0.196s] -- Up-to-date symlink: /home/poridhi/development/ros2-beginners-level-2/my_bot/install/my_rover/share/ament_index/resource_index/packages/my_rover
[0.196s] -- Up-to-date symlink: /home/poridhi/development/ros2-beginners-level-2/my_bot/install/my_rover/share/my_rover/cmake/my_roverConfig.cmake
[0.196s] -- Up-to-date symlink: /home/poridhi/development/ros2-beginners-level-2/my_bot/install/my_rover/share/my_rover/cmake/my_roverConfig-version.cmake
[0.196s] -- Up-to-date symlink: /home/poridhi/development/ros2-beginners-level-2/my_bot/install/my_rover/share/my_rover/package.xml
[0.198s] Invoked command in '/home/poridhi/development/ros2-beginners-level-2/my_bot/build/my_rover' returned '0': CMAKE_PREFIX_PATH=/opt/ros/humble /usr/bin/cmake --install /home/poridhi/development/ros2-beginners-level-2/my_bot/build/my_rover
