[0.174s] Invoking command in '/home/emon/development/ros2-beginners-level-2/ros2_ws/build/my_robot_bringup': CMAKE_PREFIX_PATH=${CMAKE_PREFIX_PATH}:/home/emon/development/ros2_begginers/install/my_py_pkg_project:/home/emon/development/ros2_begginers/install/my_py_pkg:/opt/ros/humble /usr/bin/cmake --build /home/emon/development/ros2-beginners-level-2/ros2_ws/build/my_robot_bringup -- -j8 -l8
[0.214s] Invoked command in '/home/emon/development/ros2-beginners-level-2/ros2_ws/build/my_robot_bringup' returned '0': CMAKE_PREFIX_PATH=${CMAKE_PREFIX_PATH}:/home/emon/development/ros2_begginers/install/my_py_pkg_project:/home/emon/development/ros2_begginers/install/my_py_pkg:/opt/ros/humble /usr/bin/cmake --build /home/emon/development/ros2-beginners-level-2/ros2_ws/build/my_robot_bringup -- -j8 -l8
[0.249s] Invoking command in '/home/emon/development/ros2-beginners-level-2/ros2_ws/build/my_robot_bringup': CMAKE_PREFIX_PATH=${CMAKE_PREFIX_PATH}:/home/emon/development/ros2_begginers/install/my_py_pkg_project:/home/emon/development/ros2_begginers/install/my_py_pkg:/opt/ros/humble /usr/bin/cmake --install /home/emon/development/ros2-beginners-level-2/ros2_ws/build/my_robot_bringup
[0.257s] -- Install configuration: ""
[0.257s] -- Execute custom install script
[0.258s] -- Up-to-date symlink: /home/emon/development/ros2-beginners-level-2/ros2_ws/install/my_robot_bringup/share/my_robot_bringup/launch/my_robot_gazebo.launch.xml
[0.258s] -- Up-to-date symlink: /home/emon/development/ros2-beginners-level-2/ros2_ws/install/my_robot_bringup/share/ament_index/resource_index/package_run_dependencies/my_robot_bringup
[0.258s] -- Up-to-date symlink: /home/emon/development/ros2-beginners-level-2/ros2_ws/install/my_robot_bringup/share/ament_index/resource_index/parent_prefix_path/my_robot_bringup
[0.259s] -- Up-to-date symlink: /home/emon/development/ros2-beginners-level-2/ros2_ws/install/my_robot_bringup/share/my_robot_bringup/environment/ament_prefix_path.sh
[0.259s] -- Up-to-date symlink: /home/emon/development/ros2-beginners-level-2/ros2_ws/install/my_robot_bringup/share/my_robot_bringup/environment/ament_prefix_path.dsv
[0.259s] -- Up-to-date symlink: /home/emon/development/ros2-beginners-level-2/ros2_ws/install/my_robot_bringup/share/my_robot_bringup/environment/path.sh
[0.259s] -- Up-to-date symlink: /home/emon/development/ros2-beginners-level-2/ros2_ws/install/my_robot_bringup/share/my_robot_bringup/environment/path.dsv
[0.260s] -- Up-to-date symlink: /home/emon/development/ros2-beginners-level-2/ros2_ws/install/my_robot_bringup/share/my_robot_bringup/local_setup.bash
[0.260s] -- Up-to-date symlink: /home/emon/development/ros2-beginners-level-2/ros2_ws/install/my_robot_bringup/share/my_robot_bringup/local_setup.sh
[0.260s] -- Up-to-date symlink: /home/emon/development/ros2-beginners-level-2/ros2_ws/install/my_robot_bringup/share/my_robot_bringup/local_setup.zsh
[0.261s] -- Up-to-date symlink: /home/emon/development/ros2-beginners-level-2/ros2_ws/install/my_robot_bringup/share/my_robot_bringup/local_setup.dsv
[0.261s] -- Symlinking: /home/emon/development/ros2-beginners-level-2/ros2_ws/install/my_robot_bringup/share/my_robot_bringup/package.dsv
[0.271s] -- Up-to-date symlink: /home/emon/development/ros2-beginners-level-2/ros2_ws/install/my_robot_bringup/share/ament_index/resource_index/packages/my_robot_bringup
[0.271s] -- Up-to-date symlink: /home/emon/development/ros2-beginners-level-2/ros2_ws/install/my_robot_bringup/share/my_robot_bringup/cmake/my_robot_bringupConfig.cmake
[0.272s] -- Up-to-date symlink: /home/emon/development/ros2-beginners-level-2/ros2_ws/install/my_robot_bringup/share/my_robot_bringup/cmake/my_robot_bringupConfig-version.cmake
[0.272s] -- Up-to-date symlink: /home/emon/development/ros2-beginners-level-2/ros2_ws/install/my_robot_bringup/share/my_robot_bringup/package.xml
[0.348s] Invoked command in '/home/emon/development/ros2-beginners-level-2/ros2_ws/build/my_robot_bringup' returned '0': CMAKE_PREFIX_PATH=${CMAKE_PREFIX_PATH}:/home/emon/development/ros2_begginers/install/my_py_pkg_project:/home/emon/development/ros2_begginers/install/my_py_pkg:/opt/ros/humble /usr/bin/cmake --install /home/emon/development/ros2-beginners-level-2/ros2_ws/build/my_robot_bringup
