-- Install configuration: ""
-- Execute custom install script
-- Up-to-date symlink: /home/poridhi/development/ros2-beginners-level-2/my_bot/install/my_rover/share/my_rover//config/empty.yaml
-- Up-to-date symlink: /home/poridhi/development/ros2-beginners-level-2/my_bot/install/my_rover/share/my_rover//config/gazebo_params.yaml
-- Up-to-date symlink: /home/poridhi/development/ros2-beginners-level-2/my_bot/install/my_rover/share/my_rover//config/joystick.yaml
-- Up-to-date symlink: /home/poridhi/development/ros2-beginners-level-2/my_bot/install/my_rover/share/my_rover//config/my_controllers.yaml
-- Up-to-date symlink: /home/poridhi/development/ros2-beginners-level-2/my_bot/install/my_rover/share/my_rover//config/twist_mux.yaml
-- Up-to-date symlink: /home/poridhi/development/ros2-beginners-level-2/my_bot/install/my_rover/share/my_rover//description/camera.xacro
-- Up-to-date symlink: /home/poridhi/development/ros2-beginners-level-2/my_bot/install/my_rover/share/my_rover//description/depth_camera.xacro
-- Up-to-date symlink: /home/poridhi/development/ros2-beginners-level-2/my_bot/install/my_rover/share/my_rover//description/gazebo_control.xacro
-- Up-to-date symlink: /home/poridhi/development/ros2-beginners-level-2/my_bot/install/my_rover/share/my_rover//description/inertial_macros.xacro
-- Up-to-date symlink: /home/poridhi/development/ros2-beginners-level-2/my_bot/install/my_rover/share/my_rover//description/lidar.xacro
-- Up-to-date symlink: /home/poridhi/development/ros2-beginners-level-2/my_bot/install/my_rover/share/my_rover//description/robot.urdf.xacro
-- Up-to-date symlink: /home/poridhi/development/ros2-beginners-level-2/my_bot/install/my_rover/share/my_rover//description/robot_core.xacro
-- Up-to-date symlink: /home/poridhi/development/ros2-beginners-level-2/my_bot/install/my_rover/share/my_rover//description/ros2_control.xacro
-- Up-to-date symlink: /home/poridhi/development/ros2-beginners-level-2/my_bot/install/my_rover/share/my_rover//launch/joystick.launch.py
-- Up-to-date symlink: /home/poridhi/development/ros2-beginners-level-2/my_bot/install/my_rover/share/my_rover//launch/launch_sim.launch.py
-- Up-to-date symlink: /home/poridhi/development/ros2-beginners-level-2/my_bot/install/my_rover/share/my_rover//launch/rplidar.launch.py
-- Up-to-date symlink: /home/poridhi/development/ros2-beginners-level-2/my_bot/install/my_rover/share/my_rover//launch/rsp.launch.py
-- Up-to-date symlink: /home/poridhi/development/ros2-beginners-level-2/my_bot/install/my_rover/share/my_rover//worlds/empty.world
-- Up-to-date symlink: /home/poridhi/development/ros2-beginners-level-2/my_bot/install/my_rover/share/my_rover//worlds/obstacle.world
-- Up-to-date symlink: /home/poridhi/development/ros2-beginners-level-2/my_bot/install/my_rover/share/ament_index/resource_index/package_run_dependencies/my_rover
-- Up-to-date symlink: /home/poridhi/development/ros2-beginners-level-2/my_bot/install/my_rover/share/ament_index/resource_index/parent_prefix_path/my_rover
-- Up-to-date symlink: /home/poridhi/development/ros2-beginners-level-2/my_bot/install/my_rover/share/my_rover/environment/ament_prefix_path.sh
-- Up-to-date symlink: /home/poridhi/development/ros2-beginners-level-2/my_bot/install/my_rover/share/my_rover/environment/ament_prefix_path.dsv
-- Up-to-date symlink: /home/poridhi/development/ros2-beginners-level-2/my_bot/install/my_rover/share/my_rover/environment/path.sh
-- Up-to-date symlink: /home/poridhi/development/ros2-beginners-level-2/my_bot/install/my_rover/share/my_rover/environment/path.dsv
-- Up-to-date symlink: /home/poridhi/development/ros2-beginners-level-2/my_bot/install/my_rover/share/my_rover/local_setup.bash
-- Up-to-date symlink: /home/poridhi/development/ros2-beginners-level-2/my_bot/install/my_rover/share/my_rover/local_setup.sh
-- Up-to-date symlink: /home/poridhi/development/ros2-beginners-level-2/my_bot/install/my_rover/share/my_rover/local_setup.zsh
-- Up-to-date symlink: /home/poridhi/development/ros2-beginners-level-2/my_bot/install/my_rover/share/my_rover/local_setup.dsv
-- Symlinking: /home/poridhi/development/ros2-beginners-level-2/my_bot/install/my_rover/share/my_rover/package.dsv
-- Up-to-date symlink: /home/poridhi/development/ros2-beginners-level-2/my_bot/install/my_rover/share/ament_index/resource_index/packages/my_rover
-- Up-to-date symlink: /home/poridhi/development/ros2-beginners-level-2/my_bot/install/my_rover/share/my_rover/cmake/my_roverConfig.cmake
-- Up-to-date symlink: /home/poridhi/development/ros2-beginners-level-2/my_bot/install/my_rover/share/my_rover/cmake/my_roverConfig-version.cmake
-- Up-to-date symlink: /home/poridhi/development/ros2-beginners-level-2/my_bot/install/my_rover/share/my_rover/package.xml
