[0.128s] Invoking command in '/home/emon/development/ros2-beginners-level-2/ros2_ws/build/my_robot-description': CMAKE_PREFIX_PATH=${CMAKE_PREFIX_PATH}:/home/emon/development/ros2_begginers/install/my_py_pkg_project:/home/emon/development/ros2_begginers/install/my_py_pkg:/opt/ros/humble /usr/bin/cmake /home/emon/development/ros2-beginners-level-2/ros2_ws/src/my_robot-description -DAMENT_CMAKE_SYMLINK_INSTALL=1 -DCMAKE_INSTALL_PREFIX=/home/emon/development/ros2-beginners-level-2/ros2_ws/install/my_robot-description
[0.143s] -- Found ament_cmake: 1.3.6 (/opt/ros/humble/share/ament_cmake/cmake)
[0.290s] -- Override CMake install command with custom implementation using symlinks instead of copying resources
[0.404s] -- Configuring done
[0.409s] -- Generating done
[0.411s] -- Build files have been written to: /home/emon/development/ros2-beginners-level-2/ros2_ws/build/my_robot-description
[0.414s] Invoked command in '/home/emon/development/ros2-beginners-level-2/ros2_ws/build/my_robot-description' returned '0': CMAKE_PREFIX_PATH=${CMAKE_PREFIX_PATH}:/home/emon/development/ros2_begginers/install/my_py_pkg_project:/home/emon/development/ros2_begginers/install/my_py_pkg:/opt/ros/humble /usr/bin/cmake /home/emon/development/ros2-beginners-level-2/ros2_ws/src/my_robot-description -DAMENT_CMAKE_SYMLINK_INSTALL=1 -DCMAKE_INSTALL_PREFIX=/home/emon/development/ros2-beginners-level-2/ros2_ws/install/my_robot-description
[0.416s] Invoking command in '/home/emon/development/ros2-beginners-level-2/ros2_ws/build/my_robot-description': CMAKE_PREFIX_PATH=${CMAKE_PREFIX_PATH}:/home/emon/development/ros2_begginers/install/my_py_pkg_project:/home/emon/development/ros2_begginers/install/my_py_pkg:/opt/ros/humble /usr/bin/cmake --build /home/emon/development/ros2-beginners-level-2/ros2_ws/build/my_robot-description -- -j8 -l8
[0.458s] Invoked command in '/home/emon/development/ros2-beginners-level-2/ros2_ws/build/my_robot-description' returned '0': CMAKE_PREFIX_PATH=${CMAKE_PREFIX_PATH}:/home/emon/development/ros2_begginers/install/my_py_pkg_project:/home/emon/development/ros2_begginers/install/my_py_pkg:/opt/ros/humble /usr/bin/cmake --build /home/emon/development/ros2-beginners-level-2/ros2_ws/build/my_robot-description -- -j8 -l8
[0.492s] Invoking command in '/home/emon/development/ros2-beginners-level-2/ros2_ws/build/my_robot-description': CMAKE_PREFIX_PATH=${CMAKE_PREFIX_PATH}:/home/emon/development/ros2_begginers/install/my_py_pkg_project:/home/emon/development/ros2_begginers/install/my_py_pkg:/opt/ros/humble /usr/bin/cmake --install /home/emon/development/ros2-beginners-level-2/ros2_ws/build/my_robot-description
[0.500s] -- Install configuration: ""
[0.500s] -- Execute custom install script
[0.501s] -- Symlinking: /home/emon/development/ros2-beginners-level-2/ros2_ws/install/my_robot-description/share/my_robot-description//urdf/robot-wheel.urdf.xacro
[0.510s] -- Symlinking: /home/emon/development/ros2-beginners-level-2/ros2_ws/install/my_robot-description/share/my_robot-description//launch/display.launch.py
[0.520s] -- Symlinking: /home/emon/development/ros2-beginners-level-2/ros2_ws/install/my_robot-description/share/my_robot-description//launch/display.launch.xml
[0.529s] -- Symlinking: /home/emon/development/ros2-beginners-level-2/ros2_ws/install/my_robot-description/share/my_robot-description//rviz/my_robot.rviz
[0.539s] -- Symlinking: /home/emon/development/ros2-beginners-level-2/ros2_ws/install/my_robot-description/share/ament_index/resource_index/package_run_dependencies/my_robot-description
[0.548s] -- Symlinking: /home/emon/development/ros2-beginners-level-2/ros2_ws/install/my_robot-description/share/ament_index/resource_index/parent_prefix_path/my_robot-description
[0.558s] -- Symlinking: /home/emon/development/ros2-beginners-level-2/ros2_ws/install/my_robot-description/share/my_robot-description/environment/ament_prefix_path.sh
[0.568s] -- Symlinking: /home/emon/development/ros2-beginners-level-2/ros2_ws/install/my_robot-description/share/my_robot-description/environment/ament_prefix_path.dsv
[0.578s] -- Symlinking: /home/emon/development/ros2-beginners-level-2/ros2_ws/install/my_robot-description/share/my_robot-description/environment/path.sh
[0.587s] -- Symlinking: /home/emon/development/ros2-beginners-level-2/ros2_ws/install/my_robot-description/share/my_robot-description/environment/path.dsv
[0.596s] -- Symlinking: /home/emon/development/ros2-beginners-level-2/ros2_ws/install/my_robot-description/share/my_robot-description/local_setup.bash
[0.605s] -- Symlinking: /home/emon/development/ros2-beginners-level-2/ros2_ws/install/my_robot-description/share/my_robot-description/local_setup.sh
[0.614s] -- Symlinking: /home/emon/development/ros2-beginners-level-2/ros2_ws/install/my_robot-description/share/my_robot-description/local_setup.zsh
[0.624s] -- Symlinking: /home/emon/development/ros2-beginners-level-2/ros2_ws/install/my_robot-description/share/my_robot-description/local_setup.dsv
[0.634s] -- Symlinking: /home/emon/development/ros2-beginners-level-2/ros2_ws/install/my_robot-description/share/my_robot-description/package.dsv
[0.643s] -- Symlinking: /home/emon/development/ros2-beginners-level-2/ros2_ws/install/my_robot-description/share/ament_index/resource_index/packages/my_robot-description
[0.653s] -- Symlinking: /home/emon/development/ros2-beginners-level-2/ros2_ws/install/my_robot-description/share/my_robot-description/cmake/my_robot-descriptionConfig.cmake
[0.663s] -- Symlinking: /home/emon/development/ros2-beginners-level-2/ros2_ws/install/my_robot-description/share/my_robot-description/cmake/my_robot-descriptionConfig-version.cmake
[0.673s] -- Symlinking: /home/emon/development/ros2-beginners-level-2/ros2_ws/install/my_robot-description/share/my_robot-description/package.xml
[0.684s] Invoked command in '/home/emon/development/ros2-beginners-level-2/ros2_ws/build/my_robot-description' returned '0': CMAKE_PREFIX_PATH=${CMAKE_PREFIX_PATH}:/home/emon/development/ros2_begginers/install/my_py_pkg_project:/home/emon/development/ros2_begginers/install/my_py_pkg:/opt/ros/humble /usr/bin/cmake --install /home/emon/development/ros2-beginners-level-2/ros2_ws/build/my_robot-description
