[0.121s] Invoking command in '/home/emon/development/ros2-beginners-level-2/ros2_ws/build/my_robot-description': CMAKE_PREFIX_PATH=${CMAKE_PREFIX_PATH}:/home/emon/development/ros2_begginers/install/my_py_pkg_project:/home/emon/development/ros2_begginers/install/my_py_pkg:/opt/ros/humble /usr/bin/cmake /home/emon/development/ros2-beginners-level-2/ros2_ws/src/my_robot-description -DAMENT_CMAKE_SYMLINK_INSTALL=1 -DCMAKE_INSTALL_PREFIX=/home/emon/development/ros2-beginners-level-2/ros2_ws/install/my_robot-description
[0.143s] -- Found ament_cmake: 1.3.6 (/opt/ros/humble/share/ament_cmake/cmake)
[0.302s] -- Override CMake install command with custom implementation using symlinks instead of copying resources
[0.390s] -- Configuring done
[0.393s] -- Generating done
[0.394s] -- Build files have been written to: /home/emon/development/ros2-beginners-level-2/ros2_ws/build/my_robot-description
[0.397s] Invoked command in '/home/emon/development/ros2-beginners-level-2/ros2_ws/build/my_robot-description' returned '0': CMAKE_PREFIX_PATH=${CMAKE_PREFIX_PATH}:/home/emon/development/ros2_begginers/install/my_py_pkg_project:/home/emon/development/ros2_begginers/install/my_py_pkg:/opt/ros/humble /usr/bin/cmake /home/emon/development/ros2-beginners-level-2/ros2_ws/src/my_robot-description -DAMENT_CMAKE_SYMLINK_INSTALL=1 -DCMAKE_INSTALL_PREFIX=/home/emon/development/ros2-beginners-level-2/ros2_ws/install/my_robot-description
[0.399s] Invoking command in '/home/emon/development/ros2-beginners-level-2/ros2_ws/build/my_robot-description': CMAKE_PREFIX_PATH=${CMAKE_PREFIX_PATH}:/home/emon/development/ros2_begginers/install/my_py_pkg_project:/home/emon/development/ros2_begginers/install/my_py_pkg:/opt/ros/humble /usr/bin/cmake --build /home/emon/development/ros2-beginners-level-2/ros2_ws/build/my_robot-description -- -j8 -l8
[0.438s] Invoked command in '/home/emon/development/ros2-beginners-level-2/ros2_ws/build/my_robot-description' returned '0': CMAKE_PREFIX_PATH=${CMAKE_PREFIX_PATH}:/home/emon/development/ros2_begginers/install/my_py_pkg_project:/home/emon/development/ros2_begginers/install/my_py_pkg:/opt/ros/humble /usr/bin/cmake --build /home/emon/development/ros2-beginners-level-2/ros2_ws/build/my_robot-description -- -j8 -l8
[0.471s] Invoking command in '/home/emon/development/ros2-beginners-level-2/ros2_ws/build/my_robot-description': CMAKE_PREFIX_PATH=${CMAKE_PREFIX_PATH}:/home/emon/development/ros2_begginers/install/my_py_pkg_project:/home/emon/development/ros2_begginers/install/my_py_pkg:/opt/ros/humble /usr/bin/cmake --install /home/emon/development/ros2-beginners-level-2/ros2_ws/build/my_robot-description
[0.479s] -- Install configuration: ""
[0.480s] -- Execute custom install script
[0.480s] -- Up-to-date symlink: /home/emon/development/ros2-beginners-level-2/ros2_ws/install/my_robot-description/share/my_robot-description//urdf/common_properties.xacro
[0.480s] -- Symlinking: /home/emon/development/ros2-beginners-level-2/ros2_ws/install/my_robot-description/share/my_robot-description//urdf/mobile_base_gazebo.xacro
[0.490s] -- Up-to-date symlink: /home/emon/development/ros2-beginners-level-2/ros2_ws/install/my_robot-description/share/my_robot-description//urdf/robot-wheel.urdf.xacro
[0.490s] -- Up-to-date symlink: /home/emon/development/ros2-beginners-level-2/ros2_ws/install/my_robot-description/share/my_robot-description//launch/display.launch.py
[0.490s] -- Up-to-date symlink: /home/emon/development/ros2-beginners-level-2/ros2_ws/install/my_robot-description/share/my_robot-description//launch/display.launch.xml
[0.490s] -- Up-to-date symlink: /home/emon/development/ros2-beginners-level-2/ros2_ws/install/my_robot-description/share/my_robot-description//rviz/my_robot.rviz
[0.490s] -- Up-to-date symlink: /home/emon/development/ros2-beginners-level-2/ros2_ws/install/my_robot-description/share/ament_index/resource_index/package_run_dependencies/my_robot-description
[0.491s] -- Up-to-date symlink: /home/emon/development/ros2-beginners-level-2/ros2_ws/install/my_robot-description/share/ament_index/resource_index/parent_prefix_path/my_robot-description
[0.491s] -- Up-to-date symlink: /home/emon/development/ros2-beginners-level-2/ros2_ws/install/my_robot-description/share/my_robot-description/environment/ament_prefix_path.sh
[0.491s] -- Up-to-date symlink: /home/emon/development/ros2-beginners-level-2/ros2_ws/install/my_robot-description/share/my_robot-description/environment/ament_prefix_path.dsv
[0.491s] -- Up-to-date symlink: /home/emon/development/ros2-beginners-level-2/ros2_ws/install/my_robot-description/share/my_robot-description/environment/path.sh
[0.491s] -- Up-to-date symlink: /home/emon/development/ros2-beginners-level-2/ros2_ws/install/my_robot-description/share/my_robot-description/environment/path.dsv
[0.492s] -- Up-to-date symlink: /home/emon/development/ros2-beginners-level-2/ros2_ws/install/my_robot-description/share/my_robot-description/local_setup.bash
[0.492s] -- Up-to-date symlink: /home/emon/development/ros2-beginners-level-2/ros2_ws/install/my_robot-description/share/my_robot-description/local_setup.sh
[0.492s] -- Up-to-date symlink: /home/emon/development/ros2-beginners-level-2/ros2_ws/install/my_robot-description/share/my_robot-description/local_setup.zsh
[0.492s] -- Up-to-date symlink: /home/emon/development/ros2-beginners-level-2/ros2_ws/install/my_robot-description/share/my_robot-description/local_setup.dsv
[0.492s] -- Symlinking: /home/emon/development/ros2-beginners-level-2/ros2_ws/install/my_robot-description/share/my_robot-description/package.dsv
[0.502s] -- Up-to-date symlink: /home/emon/development/ros2-beginners-level-2/ros2_ws/install/my_robot-description/share/ament_index/resource_index/packages/my_robot-description
[0.502s] -- Up-to-date symlink: /home/emon/development/ros2-beginners-level-2/ros2_ws/install/my_robot-description/share/my_robot-description/cmake/my_robot-descriptionConfig.cmake
[0.502s] -- Up-to-date symlink: /home/emon/development/ros2-beginners-level-2/ros2_ws/install/my_robot-description/share/my_robot-description/cmake/my_robot-descriptionConfig-version.cmake
[0.502s] -- Up-to-date symlink: /home/emon/development/ros2-beginners-level-2/ros2_ws/install/my_robot-description/share/my_robot-description/package.xml
[0.504s] Invoked command in '/home/emon/development/ros2-beginners-level-2/ros2_ws/build/my_robot-description' returned '0': CMAKE_PREFIX_PATH=${CMAKE_PREFIX_PATH}:/home/emon/development/ros2_begginers/install/my_py_pkg_project:/home/emon/development/ros2_begginers/install/my_py_pkg:/opt/ros/humble /usr/bin/cmake --install /home/emon/development/ros2-beginners-level-2/ros2_ws/build/my_robot-description
