[0.008s] Invoking command in '/home/poridhi/development/ros2-beginners-level-2/my_bot/build/my_rover': CMAKE_PREFIX_PATH=${CMAKE_PREFIX_PATH}:/opt/ros/humble /usr/bin/cmake /home/poridhi/development/ros2-beginners-level-2/my_bot/src/my_rover -DCMAKE_INSTALL_PREFIX=/home/poridhi/development/ros2-beginners-level-2/my_bot/install/my_rover
[0.029s] -- Found ament_cmake: 1.3.8 (/opt/ros/humble/share/ament_cmake/cmake)
[0.113s] -- Override CMake install command with custom implementation using symlinks instead of copying resources
[0.172s] -- Configuring done
[0.174s] -- Generating done
[0.175s] -- Build files have been written to: /home/poridhi/development/ros2-beginners-level-2/my_bot/build/my_rover
[0.176s] Invoked command in '/home/poridhi/development/ros2-beginners-level-2/my_bot/build/my_rover' returned '0': CMAKE_PREFIX_PATH=${CMAKE_PREFIX_PATH}:/opt/ros/humble /usr/bin/cmake /home/poridhi/development/ros2-beginners-level-2/my_bot/src/my_rover -DCMAKE_INSTALL_PREFIX=/home/poridhi/development/ros2-beginners-level-2/my_bot/install/my_rover
[0.178s] Invoking command in '/home/poridhi/development/ros2-beginners-level-2/my_bot/build/my_rover': CMAKE_PREFIX_PATH=${CMAKE_PREFIX_PATH}:/opt/ros/humble /usr/bin/cmake --build /home/poridhi/development/ros2-beginners-level-2/my_bot/build/my_rover -- -j12 -l12
[0.200s] Invoked command in '/home/poridhi/development/ros2-beginners-level-2/my_bot/build/my_rover' returned '0': CMAKE_PREFIX_PATH=${CMAKE_PREFIX_PATH}:/opt/ros/humble /usr/bin/cmake --build /home/poridhi/development/ros2-beginners-level-2/my_bot/build/my_rover -- -j12 -l12
[0.218s] Invoking command in '/home/poridhi/development/ros2-beginners-level-2/my_bot/build/my_rover': CMAKE_PREFIX_PATH=${CMAKE_PREFIX_PATH}:/opt/ros/humble /usr/bin/cmake --install /home/poridhi/development/ros2-beginners-level-2/my_bot/build/my_rover
[0.222s] -- Install configuration: ""
[0.222s] -- Execute custom install script
[0.222s] -- Up-to-date symlink: /home/poridhi/development/ros2-beginners-level-2/my_bot/install/my_rover/share/my_rover//config/empty.yaml
[0.222s] -- Up-to-date symlink: /home/poridhi/development/ros2-beginners-level-2/my_bot/install/my_rover/share/my_rover//config/gazebo_params.yaml
[0.222s] -- Up-to-date symlink: /home/poridhi/development/ros2-beginners-level-2/my_bot/install/my_rover/share/my_rover//config/joystick.yaml
[0.222s] -- Up-to-date symlink: /home/poridhi/development/ros2-beginners-level-2/my_bot/install/my_rover/share/my_rover//config/twist_mux.yaml
[0.222s] -- Up-to-date symlink: /home/poridhi/development/ros2-beginners-level-2/my_bot/install/my_rover/share/my_rover//description/gazebo_control.xacro
[0.223s] -- Up-to-date symlink: /home/poridhi/development/ros2-beginners-level-2/my_bot/install/my_rover/share/my_rover//description/inertial_macros.xacro
[0.223s] -- Symlinking: /home/poridhi/development/ros2-beginners-level-2/my_bot/install/my_rover/share/my_rover//description/lidar.xacro
[0.228s] -- Up-to-date symlink: /home/poridhi/development/ros2-beginners-level-2/my_bot/install/my_rover/share/my_rover//description/robot.urdf.xacro
[0.228s] -- Up-to-date symlink: /home/poridhi/development/ros2-beginners-level-2/my_bot/install/my_rover/share/my_rover//description/robot_core.xacro
[0.228s] -- Up-to-date symlink: /home/poridhi/development/ros2-beginners-level-2/my_bot/install/my_rover/share/my_rover//launch/joystick.launch.py
[0.228s] -- Up-to-date symlink: /home/poridhi/development/ros2-beginners-level-2/my_bot/install/my_rover/share/my_rover//launch/launch_sim.launch.py
[0.228s] -- Up-to-date symlink: /home/poridhi/development/ros2-beginners-level-2/my_bot/install/my_rover/share/my_rover//launch/rsp.launch.py
[0.228s] -- Up-to-date symlink: /home/poridhi/development/ros2-beginners-level-2/my_bot/install/my_rover/share/my_rover//worlds/empty.world
[0.229s] -- Up-to-date symlink: /home/poridhi/development/ros2-beginners-level-2/my_bot/install/my_rover/share/my_rover//worlds/obstacle.world
[0.229s] -- Up-to-date symlink: /home/poridhi/development/ros2-beginners-level-2/my_bot/install/my_rover/share/ament_index/resource_index/package_run_dependencies/my_rover
[0.229s] -- Up-to-date symlink: /home/poridhi/development/ros2-beginners-level-2/my_bot/install/my_rover/share/ament_index/resource_index/parent_prefix_path/my_rover
[0.229s] -- Up-to-date symlink: /home/poridhi/development/ros2-beginners-level-2/my_bot/install/my_rover/share/my_rover/environment/ament_prefix_path.sh
[0.229s] -- Up-to-date symlink: /home/poridhi/development/ros2-beginners-level-2/my_bot/install/my_rover/share/my_rover/environment/ament_prefix_path.dsv
[0.229s] -- Up-to-date symlink: /home/poridhi/development/ros2-beginners-level-2/my_bot/install/my_rover/share/my_rover/environment/path.sh
[0.229s] -- Up-to-date symlink: /home/poridhi/development/ros2-beginners-level-2/my_bot/install/my_rover/share/my_rover/environment/path.dsv
[0.229s] -- Up-to-date symlink: /home/poridhi/development/ros2-beginners-level-2/my_bot/install/my_rover/share/my_rover/local_setup.bash
[0.230s] -- Up-to-date symlink: /home/poridhi/development/ros2-beginners-level-2/my_bot/install/my_rover/share/my_rover/local_setup.sh
[0.230s] -- Up-to-date symlink: /home/poridhi/development/ros2-beginners-level-2/my_bot/install/my_rover/share/my_rover/local_setup.zsh
[0.230s] -- Up-to-date symlink: /home/poridhi/development/ros2-beginners-level-2/my_bot/install/my_rover/share/my_rover/local_setup.dsv
[0.230s] -- Symlinking: /home/poridhi/development/ros2-beginners-level-2/my_bot/install/my_rover/share/my_rover/package.dsv
[0.236s] -- Up-to-date symlink: /home/poridhi/development/ros2-beginners-level-2/my_bot/install/my_rover/share/ament_index/resource_index/packages/my_rover
[0.236s] -- Up-to-date symlink: /home/poridhi/development/ros2-beginners-level-2/my_bot/install/my_rover/share/my_rover/cmake/my_roverConfig.cmake
[0.236s] -- Up-to-date symlink: /home/poridhi/development/ros2-beginners-level-2/my_bot/install/my_rover/share/my_rover/cmake/my_roverConfig-version.cmake
[0.237s] -- Up-to-date symlink: /home/poridhi/development/ros2-beginners-level-2/my_bot/install/my_rover/share/my_rover/package.xml
[0.238s] Invoked command in '/home/poridhi/development/ros2-beginners-level-2/my_bot/build/my_rover' returned '0': CMAKE_PREFIX_PATH=${CMAKE_PREFIX_PATH}:/opt/ros/humble /usr/bin/cmake --install /home/poridhi/development/ros2-beginners-level-2/my_bot/build/my_rover
