[0.005s] Invoking command in '/home/poridhi/development/ros2-beginners-level-2/my_bot/build/my_rover': CMAKE_PREFIX_PATH=/opt/ros/humble /usr/bin/cmake /home/poridhi/development/ros2-beginners-level-2/my_bot/src/my_rover -DAMENT_CMAKE_SYMLINK_INSTALL=1 -DCMAKE_INSTALL_PREFIX=/home/poridhi/development/ros2-beginners-level-2/my_bot/install/my_rover
[0.076s] -- The C compiler identification is GNU 11.4.0
[0.126s] -- The CXX compiler identification is GNU 11.4.0
[0.134s] -- Detecting C compiler ABI info
[0.177s] -- Detecting C compiler ABI info - done
[0.181s] -- Check for working C compiler: /usr/bin/cc - skipped
[0.182s] -- Detecting C compile features
[0.182s] -- Detecting C compile features - done
[0.184s] -- Detecting CXX compiler ABI info
[0.232s] -- Detecting CXX compiler ABI info - done
[0.236s] -- Check for working CXX compiler: /usr/bin/c++ - skipped
[0.236s] -- Detecting CXX compile features
[0.237s] -- Detecting CXX compile features - done
[0.240s] -- Found ament_cmake: 1.3.8 (/opt/ros/humble/share/ament_cmake/cmake)
[0.329s] -- Found Python3: /usr/bin/python3 (found version "3.10.12") found components: Interpreter 
[0.368s] -- Override CMake install command with custom implementation using symlinks instead of copying resources
[0.403s] -- Found ament_lint_auto: 0.12.10 (/opt/ros/humble/share/ament_lint_auto/cmake)
[0.468s] -- Added test 'flake8' to check Python code syntax and style conventions
[0.468s] -- Added test 'lint_cmake' to check CMake code style
[0.468s] -- Added test 'pep257' to check Python code against some of the docstring style conventions in PEP 257
[0.470s] -- Added test 'xmllint' to check XML markup files
[0.471s] -- Configuring done
[0.474s] -- Generating done
[0.474s] -- Build files have been written to: /home/poridhi/development/ros2-beginners-level-2/my_bot/build/my_rover
[0.479s] Invoked command in '/home/poridhi/development/ros2-beginners-level-2/my_bot/build/my_rover' returned '0': CMAKE_PREFIX_PATH=/opt/ros/humble /usr/bin/cmake /home/poridhi/development/ros2-beginners-level-2/my_bot/src/my_rover -DAMENT_CMAKE_SYMLINK_INSTALL=1 -DCMAKE_INSTALL_PREFIX=/home/poridhi/development/ros2-beginners-level-2/my_bot/install/my_rover
[0.480s] Invoking command in '/home/poridhi/development/ros2-beginners-level-2/my_bot/build/my_rover': CMAKE_PREFIX_PATH=/opt/ros/humble /usr/bin/cmake --build /home/poridhi/development/ros2-beginners-level-2/my_bot/build/my_rover -- -j12 -l12
[0.505s] Invoked command in '/home/poridhi/development/ros2-beginners-level-2/my_bot/build/my_rover' returned '0': CMAKE_PREFIX_PATH=/opt/ros/humble /usr/bin/cmake --build /home/poridhi/development/ros2-beginners-level-2/my_bot/build/my_rover -- -j12 -l12
[0.527s] Invoking command in '/home/poridhi/development/ros2-beginners-level-2/my_bot/build/my_rover': CMAKE_PREFIX_PATH=/opt/ros/humble /usr/bin/cmake --install /home/poridhi/development/ros2-beginners-level-2/my_bot/build/my_rover
[0.532s] -- Install configuration: ""
[0.532s] -- Execute custom install script
[0.532s] -- Symlinking: /home/poridhi/development/ros2-beginners-level-2/my_bot/install/my_rover/share/ament_index/resource_index/package_run_dependencies/my_rover
[0.537s] -- Symlinking: /home/poridhi/development/ros2-beginners-level-2/my_bot/install/my_rover/share/ament_index/resource_index/parent_prefix_path/my_rover
[0.544s] -- Symlinking: /home/poridhi/development/ros2-beginners-level-2/my_bot/install/my_rover/share/my_rover/environment/ament_prefix_path.sh
[0.549s] -- Symlinking: /home/poridhi/development/ros2-beginners-level-2/my_bot/install/my_rover/share/my_rover/environment/ament_prefix_path.dsv
[0.554s] -- Symlinking: /home/poridhi/development/ros2-beginners-level-2/my_bot/install/my_rover/share/my_rover/environment/path.sh
[0.560s] -- Symlinking: /home/poridhi/development/ros2-beginners-level-2/my_bot/install/my_rover/share/my_rover/environment/path.dsv
[0.565s] -- Symlinking: /home/poridhi/development/ros2-beginners-level-2/my_bot/install/my_rover/share/my_rover/local_setup.bash
[0.570s] -- Symlinking: /home/poridhi/development/ros2-beginners-level-2/my_bot/install/my_rover/share/my_rover/local_setup.sh
[0.575s] -- Symlinking: /home/poridhi/development/ros2-beginners-level-2/my_bot/install/my_rover/share/my_rover/local_setup.zsh
[0.581s] -- Symlinking: /home/poridhi/development/ros2-beginners-level-2/my_bot/install/my_rover/share/my_rover/local_setup.dsv
[0.586s] -- Symlinking: /home/poridhi/development/ros2-beginners-level-2/my_bot/install/my_rover/share/my_rover/package.dsv
[0.592s] -- Symlinking: /home/poridhi/development/ros2-beginners-level-2/my_bot/install/my_rover/share/ament_index/resource_index/packages/my_rover
[0.597s] -- Symlinking: /home/poridhi/development/ros2-beginners-level-2/my_bot/install/my_rover/share/my_rover/cmake/my_roverConfig.cmake
[0.602s] -- Symlinking: /home/poridhi/development/ros2-beginners-level-2/my_bot/install/my_rover/share/my_rover/cmake/my_roverConfig-version.cmake
[0.607s] -- Symlinking: /home/poridhi/development/ros2-beginners-level-2/my_bot/install/my_rover/share/my_rover/package.xml
[0.613s] Invoked command in '/home/poridhi/development/ros2-beginners-level-2/my_bot/build/my_rover' returned '0': CMAKE_PREFIX_PATH=/opt/ros/humble /usr/bin/cmake --install /home/poridhi/development/ros2-beginners-level-2/my_bot/build/my_rover
