[1.397s] DEBUG:colcon:Command line arguments: ['/usr/bin/colcon', 'build', '--symlink-install']
[1.397s] DEBUG:colcon:Parsed command line arguments: Namespace(log_base=None, log_level=None, verb_name='build', build_base='build', install_base='install', merge_install=False, symlink_install=True, test_result_base=None, continue_on_error=False, executor='parallel', parallel_workers=8, event_handlers=None, ignore_user_meta=False, metas=['./colcon.meta'], base_paths=['.'], packages_ignore=None, packages_ignore_regex=None, paths=None, packages_up_to=None, packages_up_to_regex=None, packages_above=None, packages_above_and_dependencies=None, packages_above_depth=None, packages_select_by_dep=None, packages_skip_by_dep=None, packages_skip_up_to=None, packages_select_build_failed=False, packages_skip_build_finished=False, packages_select_test_failures=False, packages_skip_test_passed=False, packages_select=None, packages_skip=None, packages_select_regex=None, packages_skip_regex=None, packages_start=None, packages_end=None, allow_overriding=[], cmake_args=None, cmake_target=None, cmake_target_skip_unavailable=False, cmake_clean_cache=False, cmake_clean_first=False, cmake_force_configure=False, ament_cmake_args=None, catkin_cmake_args=None, catkin_skip_building_tests=False, verb_parser=<colcon_defaults.argument_parser.defaults.DefaultArgumentsDecorator object at 0x7faa1f919ed0>, verb_extension=<colcon_core.verb.build.BuildVerb object at 0x7faa1fecf700>, main=<bound method BuildVerb.main of <colcon_core.verb.build.BuildVerb object at 0x7faa1fecf700>>)
[1.467s] Level 1:colcon.colcon_core.package_discovery:discover_packages(colcon_meta) check parameters
[1.467s] Level 1:colcon.colcon_core.package_discovery:discover_packages(recursive) check parameters
[1.467s] Level 1:colcon.colcon_core.package_discovery:discover_packages(ignore) check parameters
[1.467s] Level 1:colcon.colcon_core.package_discovery:discover_packages(path) check parameters
[1.467s] Level 1:colcon.colcon_core.package_discovery:discover_packages(colcon_meta) discover
[1.467s] Level 1:colcon.colcon_core.package_discovery:discover_packages(recursive) discover
[1.467s] INFO:colcon.colcon_core.package_discovery:Crawling recursively for packages in '/home/emon/development/ros2-beginners-level-2/ros2_ws'
[1.467s] Level 1:colcon.colcon_core.package_identification:_identify(.) by extensions ['ignore', 'ignore_ament_install']
[1.467s] Level 1:colcon.colcon_core.package_identification:_identify(.) by extension 'ignore'
[1.468s] Level 1:colcon.colcon_core.package_identification:_identify(.) by extension 'ignore_ament_install'
[1.468s] Level 1:colcon.colcon_core.package_identification:_identify(.) by extensions ['colcon_pkg']
[1.468s] Level 1:colcon.colcon_core.package_identification:_identify(.) by extension 'colcon_pkg'
[1.468s] Level 1:colcon.colcon_core.package_identification:_identify(.) by extensions ['colcon_meta']
[1.468s] Level 1:colcon.colcon_core.package_identification:_identify(.) by extension 'colcon_meta'
[1.468s] Level 1:colcon.colcon_core.package_identification:_identify(.) by extensions ['ros']
[1.468s] Level 1:colcon.colcon_core.package_identification:_identify(.) by extension 'ros'
[1.484s] Level 1:colcon.colcon_core.package_identification:_identify(.) by extensions ['cmake', 'python']
[1.484s] Level 1:colcon.colcon_core.package_identification:_identify(.) by extension 'cmake'
[1.484s] Level 1:colcon.colcon_core.package_identification:_identify(.) by extension 'python'
[1.484s] Level 1:colcon.colcon_core.package_identification:_identify(.) by extensions ['python_setup_py']
[1.484s] Level 1:colcon.colcon_core.package_identification:_identify(.) by extension 'python_setup_py'
[1.485s] Level 1:colcon.colcon_core.package_identification:_identify(build) by extensions ['ignore', 'ignore_ament_install']
[1.485s] Level 1:colcon.colcon_core.package_identification:_identify(build) by extension 'ignore'
[1.485s] Level 1:colcon.colcon_core.package_identification:_identify(build) ignored
[1.485s] Level 1:colcon.colcon_core.package_identification:_identify(install) by extensions ['ignore', 'ignore_ament_install']
[1.485s] Level 1:colcon.colcon_core.package_identification:_identify(install) by extension 'ignore'
[1.485s] Level 1:colcon.colcon_core.package_identification:_identify(install) ignored
[1.485s] Level 1:colcon.colcon_core.package_identification:_identify(log) by extensions ['ignore', 'ignore_ament_install']
[1.485s] Level 1:colcon.colcon_core.package_identification:_identify(log) by extension 'ignore'
[1.486s] Level 1:colcon.colcon_core.package_identification:_identify(log) ignored
[1.486s] Level 1:colcon.colcon_core.package_identification:_identify(src) by extensions ['ignore', 'ignore_ament_install']
[1.486s] Level 1:colcon.colcon_core.package_identification:_identify(src) by extension 'ignore'
[1.486s] Level 1:colcon.colcon_core.package_identification:_identify(src) by extension 'ignore_ament_install'
[1.486s] Level 1:colcon.colcon_core.package_identification:_identify(src) by extensions ['colcon_pkg']
[1.486s] Level 1:colcon.colcon_core.package_identification:_identify(src) by extension 'colcon_pkg'
[1.486s] Level 1:colcon.colcon_core.package_identification:_identify(src) by extensions ['colcon_meta']
[1.486s] Level 1:colcon.colcon_core.package_identification:_identify(src) by extension 'colcon_meta'
[1.486s] Level 1:colcon.colcon_core.package_identification:_identify(src) by extensions ['ros']
[1.486s] Level 1:colcon.colcon_core.package_identification:_identify(src) by extension 'ros'
[1.487s] Level 1:colcon.colcon_core.package_identification:_identify(src) by extensions ['cmake', 'python']
[1.487s] Level 1:colcon.colcon_core.package_identification:_identify(src) by extension 'cmake'
[1.487s] Level 1:colcon.colcon_core.package_identification:_identify(src) by extension 'python'
[1.487s] Level 1:colcon.colcon_core.package_identification:_identify(src) by extensions ['python_setup_py']
[1.487s] Level 1:colcon.colcon_core.package_identification:_identify(src) by extension 'python_setup_py'
[1.487s] Level 1:colcon.colcon_core.package_identification:_identify(src/my_robot-description) by extensions ['ignore', 'ignore_ament_install']
[1.487s] Level 1:colcon.colcon_core.package_identification:_identify(src/my_robot-description) by extension 'ignore'
[1.487s] Level 1:colcon.colcon_core.package_identification:_identify(src/my_robot-description) by extension 'ignore_ament_install'
[1.487s] Level 1:colcon.colcon_core.package_identification:_identify(src/my_robot-description) by extensions ['colcon_pkg']
[1.487s] Level 1:colcon.colcon_core.package_identification:_identify(src/my_robot-description) by extension 'colcon_pkg'
[1.487s] Level 1:colcon.colcon_core.package_identification:_identify(src/my_robot-description) by extensions ['colcon_meta']
[1.488s] Level 1:colcon.colcon_core.package_identification:_identify(src/my_robot-description) by extension 'colcon_meta'
[1.488s] Level 1:colcon.colcon_core.package_identification:_identify(src/my_robot-description) by extensions ['ros']
[1.488s] Level 1:colcon.colcon_core.package_identification:_identify(src/my_robot-description) by extension 'ros'
[1.492s] DEBUG:colcon.colcon_core.package_identification:Package 'src/my_robot-description' with type 'ros.ament_cmake' and name 'my_robot-description'
[1.492s] Level 1:colcon.colcon_core.package_identification:_identify(src/my_robot_bringup) by extensions ['ignore', 'ignore_ament_install']
[1.492s] Level 1:colcon.colcon_core.package_identification:_identify(src/my_robot_bringup) by extension 'ignore'
[1.493s] Level 1:colcon.colcon_core.package_identification:_identify(src/my_robot_bringup) by extension 'ignore_ament_install'
[1.493s] Level 1:colcon.colcon_core.package_identification:_identify(src/my_robot_bringup) by extensions ['colcon_pkg']
[1.493s] Level 1:colcon.colcon_core.package_identification:_identify(src/my_robot_bringup) by extension 'colcon_pkg'
[1.493s] Level 1:colcon.colcon_core.package_identification:_identify(src/my_robot_bringup) by extensions ['colcon_meta']
[1.493s] Level 1:colcon.colcon_core.package_identification:_identify(src/my_robot_bringup) by extension 'colcon_meta'
[1.493s] Level 1:colcon.colcon_core.package_identification:_identify(src/my_robot_bringup) by extensions ['ros']
[1.493s] Level 1:colcon.colcon_core.package_identification:_identify(src/my_robot_bringup) by extension 'ros'
[1.494s] DEBUG:colcon.colcon_core.package_identification:Package 'src/my_robot_bringup' with type 'ros.ament_cmake' and name 'my_robot_bringup'
[1.494s] Level 1:colcon.colcon_core.package_discovery:discover_packages(recursive) using defaults
[1.494s] Level 1:colcon.colcon_core.package_discovery:discover_packages(ignore) discover
[1.494s] Level 1:colcon.colcon_core.package_discovery:discover_packages(ignore) using defaults
[1.494s] Level 1:colcon.colcon_core.package_discovery:discover_packages(path) discover
[1.494s] Level 1:colcon.colcon_core.package_discovery:discover_packages(path) using defaults
[1.611s] Level 1:colcon.colcon_core.package_discovery:discover_packages(prefix_path) check parameters
[1.611s] Level 1:colcon.colcon_core.package_discovery:discover_packages(prefix_path) discover
[1.656s] DEBUG:colcon.colcon_installed_package_information.package_discovery:Found 1 installed packages in /home/emon/ros_ws/install
[1.690s] DEBUG:colcon.colcon_installed_package_information.package_discovery:Found 1 installed packages in /home/emon/development/ros2-beginners-level-2/ros2_ws/install
[1.725s] DEBUG:colcon.colcon_installed_package_information.package_discovery:Found 3 installed packages in /home/emon/development/ros2_begginers/install
[1.761s] DEBUG:colcon.colcon_installed_package_information.package_discovery:Found 466 installed packages in /opt/ros/humble
[1.763s] Level 1:colcon.colcon_core.package_discovery:discover_packages(prefix_path) using defaults
[1.960s] Level 5:colcon.colcon_core.verb:set package 'my_robot-description' build argument 'cmake_args' from command line to 'None'
[1.960s] Level 5:colcon.colcon_core.verb:set package 'my_robot-description' build argument 'cmake_target' from command line to 'None'
[1.960s] Level 5:colcon.colcon_core.verb:set package 'my_robot-description' build argument 'cmake_target_skip_unavailable' from command line to 'False'
[1.960s] Level 5:colcon.colcon_core.verb:set package 'my_robot-description' build argument 'cmake_clean_cache' from command line to 'False'
[1.960s] Level 5:colcon.colcon_core.verb:set package 'my_robot-description' build argument 'cmake_clean_first' from command line to 'False'
[1.960s] Level 5:colcon.colcon_core.verb:set package 'my_robot-description' build argument 'cmake_force_configure' from command line to 'False'
[1.960s] Level 5:colcon.colcon_core.verb:set package 'my_robot-description' build argument 'ament_cmake_args' from command line to 'None'
[1.960s] Level 5:colcon.colcon_core.verb:set package 'my_robot-description' build argument 'catkin_cmake_args' from command line to 'None'
[1.960s] Level 5:colcon.colcon_core.verb:set package 'my_robot-description' build argument 'catkin_skip_building_tests' from command line to 'False'
[1.960s] DEBUG:colcon.colcon_core.verb:Building package 'my_robot-description' with the following arguments: {'ament_cmake_args': None, 'build_base': '/home/emon/development/ros2-beginners-level-2/ros2_ws/build/my_robot-description', 'catkin_cmake_args': None, 'catkin_skip_building_tests': False, 'cmake_args': None, 'cmake_clean_cache': False, 'cmake_clean_first': False, 'cmake_force_configure': False, 'cmake_target': None, 'cmake_target_skip_unavailable': False, 'install_base': '/home/emon/development/ros2-beginners-level-2/ros2_ws/install/my_robot-description', 'merge_install': False, 'path': '/home/emon/development/ros2-beginners-level-2/ros2_ws/src/my_robot-description', 'symlink_install': True, 'test_result_base': None}
[1.979s] Level 5:colcon.colcon_core.verb:set package 'my_robot_bringup' build argument 'cmake_args' from command line to 'None'
[1.979s] Level 5:colcon.colcon_core.verb:set package 'my_robot_bringup' build argument 'cmake_target' from command line to 'None'
[1.979s] Level 5:colcon.colcon_core.verb:set package 'my_robot_bringup' build argument 'cmake_target_skip_unavailable' from command line to 'False'
[1.979s] Level 5:colcon.colcon_core.verb:set package 'my_robot_bringup' build argument 'cmake_clean_cache' from command line to 'False'
[1.979s] Level 5:colcon.colcon_core.verb:set package 'my_robot_bringup' build argument 'cmake_clean_first' from command line to 'False'
[1.979s] Level 5:colcon.colcon_core.verb:set package 'my_robot_bringup' build argument 'cmake_force_configure' from command line to 'False'
[1.979s] Level 5:colcon.colcon_core.verb:set package 'my_robot_bringup' build argument 'ament_cmake_args' from command line to 'None'
[1.979s] Level 5:colcon.colcon_core.verb:set package 'my_robot_bringup' build argument 'catkin_cmake_args' from command line to 'None'
[1.979s] Level 5:colcon.colcon_core.verb:set package 'my_robot_bringup' build argument 'catkin_skip_building_tests' from command line to 'False'
[1.979s] DEBUG:colcon.colcon_core.verb:Building package 'my_robot_bringup' with the following arguments: {'ament_cmake_args': None, 'build_base': '/home/emon/development/ros2-beginners-level-2/ros2_ws/build/my_robot_bringup', 'catkin_cmake_args': None, 'catkin_skip_building_tests': False, 'cmake_args': None, 'cmake_clean_cache': False, 'cmake_clean_first': False, 'cmake_force_configure': False, 'cmake_target': None, 'cmake_target_skip_unavailable': False, 'install_base': '/home/emon/development/ros2-beginners-level-2/ros2_ws/install/my_robot_bringup', 'merge_install': False, 'path': '/home/emon/development/ros2-beginners-level-2/ros2_ws/src/my_robot_bringup', 'symlink_install': True, 'test_result_base': None}
[1.997s] INFO:colcon.colcon_core.executor:Executing jobs using 'parallel' executor
[2.019s] DEBUG:colcon.colcon_parallel_executor.executor.parallel:run_until_complete
[2.019s] INFO:colcon.colcon_ros.task.ament_cmake.build:Building ROS package in '/home/emon/development/ros2-beginners-level-2/ros2_ws/src/my_robot-description' with build type 'ament_cmake'
[2.020s] INFO:colcon.colcon_cmake.task.cmake.build:Building CMake package in '/home/emon/development/ros2-beginners-level-2/ros2_ws/src/my_robot-description'
[2.045s] INFO:colcon.colcon_core.plugin_system:Skipping extension 'colcon_core.shell.bat': Not used on non-Windows systems
[2.045s] INFO:colcon.colcon_core.shell:Skip shell extension 'powershell' for command environment: Not usable outside of PowerShell
[2.045s] DEBUG:colcon.colcon_core.shell:Skip shell extension 'dsv' for command environment
[2.150s] INFO:colcon.colcon_ros.task.ament_cmake.build:Building ROS package in '/home/emon/development/ros2-beginners-level-2/ros2_ws/src/my_robot_bringup' with build type 'ament_cmake'
[2.150s] INFO:colcon.colcon_cmake.task.cmake.build:Building CMake package in '/home/emon/development/ros2-beginners-level-2/ros2_ws/src/my_robot_bringup'
[2.169s] INFO:colcon.colcon_core.shell:Skip shell extension 'powershell' for command environment: Not usable outside of PowerShell
[2.169s] DEBUG:colcon.colcon_core.shell:Skip shell extension 'dsv' for command environment
[2.281s] DEBUG:colcon.colcon_core.event_handler.log_command:Invoking command in '/home/emon/development/ros2-beginners-level-2/ros2_ws/build/my_robot-description': CMAKE_PREFIX_PATH=${CMAKE_PREFIX_PATH}:/home/emon/development/ros2_begginers/install/my_py_pkg_project:/home/emon/development/ros2_begginers/install/my_py_pkg:/opt/ros/humble /usr/bin/cmake --build /home/emon/development/ros2-beginners-level-2/ros2_ws/build/my_robot-description -- -j8 -l8
[2.285s] DEBUG:colcon.colcon_core.event_handler.log_command:Invoking command in '/home/emon/development/ros2-beginners-level-2/ros2_ws/build/my_robot_bringup': CMAKE_PREFIX_PATH=${CMAKE_PREFIX_PATH}:/home/emon/development/ros2_begginers/install/my_py_pkg_project:/home/emon/development/ros2_begginers/install/my_py_pkg:/opt/ros/humble /usr/bin/cmake /home/emon/development/ros2-beginners-level-2/ros2_ws/src/my_robot_bringup -DAMENT_CMAKE_SYMLINK_INSTALL=1 -DCMAKE_INSTALL_PREFIX=/home/emon/development/ros2-beginners-level-2/ros2_ws/install/my_robot_bringup
[2.336s] DEBUG:colcon.colcon_core.event_handler.log_command:Invoked command in '/home/emon/development/ros2-beginners-level-2/ros2_ws/build/my_robot-description' returned '0': CMAKE_PREFIX_PATH=${CMAKE_PREFIX_PATH}:/home/emon/development/ros2_begginers/install/my_py_pkg_project:/home/emon/development/ros2_begginers/install/my_py_pkg:/opt/ros/humble /usr/bin/cmake --build /home/emon/development/ros2-beginners-level-2/ros2_ws/build/my_robot-description -- -j8 -l8
[2.370s] DEBUG:colcon.colcon_core.event_handler.log_command:Invoking command in '/home/emon/development/ros2-beginners-level-2/ros2_ws/build/my_robot-description': CMAKE_PREFIX_PATH=${CMAKE_PREFIX_PATH}:/home/emon/development/ros2_begginers/install/my_py_pkg_project:/home/emon/development/ros2_begginers/install/my_py_pkg:/opt/ros/humble /usr/bin/cmake --install /home/emon/development/ros2-beginners-level-2/ros2_ws/build/my_robot-description
[2.396s] Level 1:colcon.colcon_core.environment:create_environment_scripts_only(my_robot-description)
[2.397s] DEBUG:colcon.colcon_core.event_handler.log_command:Invoked command in '/home/emon/development/ros2-beginners-level-2/ros2_ws/build/my_robot-description' returned '0': CMAKE_PREFIX_PATH=${CMAKE_PREFIX_PATH}:/home/emon/development/ros2_begginers/install/my_py_pkg_project:/home/emon/development/ros2_begginers/install/my_py_pkg:/opt/ros/humble /usr/bin/cmake --install /home/emon/development/ros2-beginners-level-2/ros2_ws/build/my_robot-description
[2.428s] Level 1:colcon.colcon_core.environment:checking '/home/emon/development/ros2-beginners-level-2/ros2_ws/install/my_robot-description' for CMake module files
[2.428s] Level 1:colcon.colcon_core.environment:checking '/home/emon/development/ros2-beginners-level-2/ros2_ws/install/my_robot-description' for CMake config files
[2.429s] Level 1:colcon.colcon_core.shell:create_environment_hook('my_robot-description', 'cmake_prefix_path')
[2.459s] INFO:colcon.colcon_core.shell:Creating environment hook '/home/emon/development/ros2-beginners-level-2/ros2_ws/install/my_robot-description/share/my_robot-description/hook/cmake_prefix_path.ps1'
[2.460s] INFO:colcon.colcon_core.shell:Creating environment descriptor '/home/emon/development/ros2-beginners-level-2/ros2_ws/install/my_robot-description/share/my_robot-description/hook/cmake_prefix_path.dsv'
[2.460s] INFO:colcon.colcon_core.shell:Creating environment hook '/home/emon/development/ros2-beginners-level-2/ros2_ws/install/my_robot-description/share/my_robot-description/hook/cmake_prefix_path.sh'
[2.462s] Level 1:colcon.colcon_core.environment:checking '/home/emon/development/ros2-beginners-level-2/ros2_ws/install/my_robot-description/bin'
[2.462s] Level 1:colcon.colcon_core.environment:checking '/home/emon/development/ros2-beginners-level-2/ros2_ws/install/my_robot-description/lib/pkgconfig/my_robot-description.pc'
[2.462s] Level 1:colcon.colcon_core.environment:checking '/home/emon/development/ros2-beginners-level-2/ros2_ws/install/my_robot-description/lib/python3.10/site-packages'
[2.462s] Level 1:colcon.colcon_core.environment:checking '/home/emon/development/ros2-beginners-level-2/ros2_ws/install/my_robot-description/bin'
[2.482s] INFO:colcon.colcon_core.shell:Creating package script '/home/emon/development/ros2-beginners-level-2/ros2_ws/install/my_robot-description/share/my_robot-description/package.ps1'
[2.483s] INFO:colcon.colcon_core.shell:Creating package descriptor '/home/emon/development/ros2-beginners-level-2/ros2_ws/install/my_robot-description/share/my_robot-description/package.dsv'
[2.484s] INFO:colcon.colcon_core.shell:Creating package script '/home/emon/development/ros2-beginners-level-2/ros2_ws/install/my_robot-description/share/my_robot-description/package.sh'
[2.484s] INFO:colcon.colcon_core.shell:Creating package script '/home/emon/development/ros2-beginners-level-2/ros2_ws/install/my_robot-description/share/my_robot-description/package.bash'
[2.485s] INFO:colcon.colcon_core.shell:Creating package script '/home/emon/development/ros2-beginners-level-2/ros2_ws/install/my_robot-description/share/my_robot-description/package.zsh'
[2.486s] Level 1:colcon.colcon_core.environment:create_file_with_runtime_dependencies(/home/emon/development/ros2-beginners-level-2/ros2_ws/install/my_robot-description/share/colcon-core/packages/my_robot-description)
[2.530s] Level 1:colcon.colcon_core.environment:create_environment_scripts_only(my_robot-description)
[2.550s] Level 1:colcon.colcon_core.environment:checking '/home/emon/development/ros2-beginners-level-2/ros2_ws/install/my_robot-description' for CMake module files
[2.551s] Level 1:colcon.colcon_core.environment:checking '/home/emon/development/ros2-beginners-level-2/ros2_ws/install/my_robot-description' for CMake config files
[2.551s] Level 1:colcon.colcon_core.shell:create_environment_hook('my_robot-description', 'cmake_prefix_path')
[2.570s] INFO:colcon.colcon_core.shell:Creating environment hook '/home/emon/development/ros2-beginners-level-2/ros2_ws/install/my_robot-description/share/my_robot-description/hook/cmake_prefix_path.ps1'
[2.570s] INFO:colcon.colcon_core.shell:Creating environment descriptor '/home/emon/development/ros2-beginners-level-2/ros2_ws/install/my_robot-description/share/my_robot-description/hook/cmake_prefix_path.dsv'
[2.571s] INFO:colcon.colcon_core.shell:Creating environment hook '/home/emon/development/ros2-beginners-level-2/ros2_ws/install/my_robot-description/share/my_robot-description/hook/cmake_prefix_path.sh'
[2.571s] Level 1:colcon.colcon_core.environment:checking '/home/emon/development/ros2-beginners-level-2/ros2_ws/install/my_robot-description/bin'
[2.571s] Level 1:colcon.colcon_core.environment:checking '/home/emon/development/ros2-beginners-level-2/ros2_ws/install/my_robot-description/lib/pkgconfig/my_robot-description.pc'
[2.572s] Level 1:colcon.colcon_core.environment:checking '/home/emon/development/ros2-beginners-level-2/ros2_ws/install/my_robot-description/lib/python3.10/site-packages'
[2.572s] Level 1:colcon.colcon_core.environment:checking '/home/emon/development/ros2-beginners-level-2/ros2_ws/install/my_robot-description/bin'
[2.591s] INFO:colcon.colcon_core.shell:Creating package script '/home/emon/development/ros2-beginners-level-2/ros2_ws/install/my_robot-description/share/my_robot-description/package.ps1'
[2.592s] INFO:colcon.colcon_core.shell:Creating package descriptor '/home/emon/development/ros2-beginners-level-2/ros2_ws/install/my_robot-description/share/my_robot-description/package.dsv'
[2.593s] INFO:colcon.colcon_core.shell:Creating package script '/home/emon/development/ros2-beginners-level-2/ros2_ws/install/my_robot-description/share/my_robot-description/package.sh'
[2.593s] INFO:colcon.colcon_core.shell:Creating package script '/home/emon/development/ros2-beginners-level-2/ros2_ws/install/my_robot-description/share/my_robot-description/package.bash'
[2.593s] INFO:colcon.colcon_core.shell:Creating package script '/home/emon/development/ros2-beginners-level-2/ros2_ws/install/my_robot-description/share/my_robot-description/package.zsh'
[2.594s] Level 1:colcon.colcon_core.environment:create_file_with_runtime_dependencies(/home/emon/development/ros2-beginners-level-2/ros2_ws/install/my_robot-description/share/colcon-core/packages/my_robot-description)
[3.149s] DEBUG:colcon.colcon_core.event_handler.log_command:Invoked command in '/home/emon/development/ros2-beginners-level-2/ros2_ws/build/my_robot_bringup' returned '0': CMAKE_PREFIX_PATH=${CMAKE_PREFIX_PATH}:/home/emon/development/ros2_begginers/install/my_py_pkg_project:/home/emon/development/ros2_begginers/install/my_py_pkg:/opt/ros/humble /usr/bin/cmake /home/emon/development/ros2-beginners-level-2/ros2_ws/src/my_robot_bringup -DAMENT_CMAKE_SYMLINK_INSTALL=1 -DCMAKE_INSTALL_PREFIX=/home/emon/development/ros2-beginners-level-2/ros2_ws/install/my_robot_bringup
[3.151s] DEBUG:colcon.colcon_core.event_handler.log_command:Invoking command in '/home/emon/development/ros2-beginners-level-2/ros2_ws/build/my_robot_bringup': CMAKE_PREFIX_PATH=${CMAKE_PREFIX_PATH}:/home/emon/development/ros2_begginers/install/my_py_pkg_project:/home/emon/development/ros2_begginers/install/my_py_pkg:/opt/ros/humble /usr/bin/cmake --build /home/emon/development/ros2-beginners-level-2/ros2_ws/build/my_robot_bringup -- -j8 -l8
[3.193s] DEBUG:colcon.colcon_core.event_handler.log_command:Invoked command in '/home/emon/development/ros2-beginners-level-2/ros2_ws/build/my_robot_bringup' returned '0': CMAKE_PREFIX_PATH=${CMAKE_PREFIX_PATH}:/home/emon/development/ros2_begginers/install/my_py_pkg_project:/home/emon/development/ros2_begginers/install/my_py_pkg:/opt/ros/humble /usr/bin/cmake --build /home/emon/development/ros2-beginners-level-2/ros2_ws/build/my_robot_bringup -- -j8 -l8
[3.222s] DEBUG:colcon.colcon_core.event_handler.log_command:Invoking command in '/home/emon/development/ros2-beginners-level-2/ros2_ws/build/my_robot_bringup': CMAKE_PREFIX_PATH=${CMAKE_PREFIX_PATH}:/home/emon/development/ros2_begginers/install/my_py_pkg_project:/home/emon/development/ros2_begginers/install/my_py_pkg:/opt/ros/humble /usr/bin/cmake --install /home/emon/development/ros2-beginners-level-2/ros2_ws/build/my_robot_bringup
[3.385s] Level 1:colcon.colcon_core.environment:create_environment_scripts_only(my_robot_bringup)
[3.386s] DEBUG:colcon.colcon_core.event_handler.log_command:Invoked command in '/home/emon/development/ros2-beginners-level-2/ros2_ws/build/my_robot_bringup' returned '0': CMAKE_PREFIX_PATH=${CMAKE_PREFIX_PATH}:/home/emon/development/ros2_begginers/install/my_py_pkg_project:/home/emon/development/ros2_begginers/install/my_py_pkg:/opt/ros/humble /usr/bin/cmake --install /home/emon/development/ros2-beginners-level-2/ros2_ws/build/my_robot_bringup
[3.408s] Level 1:colcon.colcon_core.environment:checking '/home/emon/development/ros2-beginners-level-2/ros2_ws/install/my_robot_bringup' for CMake module files
[3.409s] Level 1:colcon.colcon_core.environment:checking '/home/emon/development/ros2-beginners-level-2/ros2_ws/install/my_robot_bringup' for CMake config files
[3.409s] Level 1:colcon.colcon_core.shell:create_environment_hook('my_robot_bringup', 'cmake_prefix_path')
[3.429s] INFO:colcon.colcon_core.shell:Creating environment hook '/home/emon/development/ros2-beginners-level-2/ros2_ws/install/my_robot_bringup/share/my_robot_bringup/hook/cmake_prefix_path.ps1'
[3.430s] INFO:colcon.colcon_core.shell:Creating environment descriptor '/home/emon/development/ros2-beginners-level-2/ros2_ws/install/my_robot_bringup/share/my_robot_bringup/hook/cmake_prefix_path.dsv'
[3.430s] INFO:colcon.colcon_core.shell:Creating environment hook '/home/emon/development/ros2-beginners-level-2/ros2_ws/install/my_robot_bringup/share/my_robot_bringup/hook/cmake_prefix_path.sh'
[3.430s] Level 1:colcon.colcon_core.environment:checking '/home/emon/development/ros2-beginners-level-2/ros2_ws/install/my_robot_bringup/bin'
[3.430s] Level 1:colcon.colcon_core.environment:checking '/home/emon/development/ros2-beginners-level-2/ros2_ws/install/my_robot_bringup/lib/pkgconfig/my_robot_bringup.pc'
[3.431s] Level 1:colcon.colcon_core.environment:checking '/home/emon/development/ros2-beginners-level-2/ros2_ws/install/my_robot_bringup/lib/python3.10/site-packages'
[3.431s] Level 1:colcon.colcon_core.environment:checking '/home/emon/development/ros2-beginners-level-2/ros2_ws/install/my_robot_bringup/bin'
[3.450s] INFO:colcon.colcon_core.shell:Creating package script '/home/emon/development/ros2-beginners-level-2/ros2_ws/install/my_robot_bringup/share/my_robot_bringup/package.ps1'
[3.451s] INFO:colcon.colcon_core.shell:Creating package descriptor '/home/emon/development/ros2-beginners-level-2/ros2_ws/install/my_robot_bringup/share/my_robot_bringup/package.dsv'
[3.451s] INFO:colcon.colcon_core.shell:Creating package script '/home/emon/development/ros2-beginners-level-2/ros2_ws/install/my_robot_bringup/share/my_robot_bringup/package.sh'
[3.451s] INFO:colcon.colcon_core.shell:Creating package script '/home/emon/development/ros2-beginners-level-2/ros2_ws/install/my_robot_bringup/share/my_robot_bringup/package.bash'
[3.452s] INFO:colcon.colcon_core.shell:Creating package script '/home/emon/development/ros2-beginners-level-2/ros2_ws/install/my_robot_bringup/share/my_robot_bringup/package.zsh'
[3.452s] Level 1:colcon.colcon_core.environment:create_file_with_runtime_dependencies(/home/emon/development/ros2-beginners-level-2/ros2_ws/install/my_robot_bringup/share/colcon-core/packages/my_robot_bringup)
[3.495s] Level 1:colcon.colcon_core.environment:create_environment_scripts_only(my_robot_bringup)
[3.513s] Level 1:colcon.colcon_core.environment:checking '/home/emon/development/ros2-beginners-level-2/ros2_ws/install/my_robot_bringup' for CMake module files
[3.514s] Level 1:colcon.colcon_core.environment:checking '/home/emon/development/ros2-beginners-level-2/ros2_ws/install/my_robot_bringup' for CMake config files
[3.514s] Level 1:colcon.colcon_core.shell:create_environment_hook('my_robot_bringup', 'cmake_prefix_path')
[3.533s] INFO:colcon.colcon_core.shell:Creating environment hook '/home/emon/development/ros2-beginners-level-2/ros2_ws/install/my_robot_bringup/share/my_robot_bringup/hook/cmake_prefix_path.ps1'
[3.533s] INFO:colcon.colcon_core.shell:Creating environment descriptor '/home/emon/development/ros2-beginners-level-2/ros2_ws/install/my_robot_bringup/share/my_robot_bringup/hook/cmake_prefix_path.dsv'
[3.533s] INFO:colcon.colcon_core.shell:Creating environment hook '/home/emon/development/ros2-beginners-level-2/ros2_ws/install/my_robot_bringup/share/my_robot_bringup/hook/cmake_prefix_path.sh'
[3.534s] Level 1:colcon.colcon_core.environment:checking '/home/emon/development/ros2-beginners-level-2/ros2_ws/install/my_robot_bringup/bin'
[3.534s] Level 1:colcon.colcon_core.environment:checking '/home/emon/development/ros2-beginners-level-2/ros2_ws/install/my_robot_bringup/lib/pkgconfig/my_robot_bringup.pc'
[3.534s] Level 1:colcon.colcon_core.environment:checking '/home/emon/development/ros2-beginners-level-2/ros2_ws/install/my_robot_bringup/lib/python3.10/site-packages'
[3.534s] Level 1:colcon.colcon_core.environment:checking '/home/emon/development/ros2-beginners-level-2/ros2_ws/install/my_robot_bringup/bin'
[3.553s] INFO:colcon.colcon_core.shell:Creating package script '/home/emon/development/ros2-beginners-level-2/ros2_ws/install/my_robot_bringup/share/my_robot_bringup/package.ps1'
[3.553s] INFO:colcon.colcon_core.shell:Creating package descriptor '/home/emon/development/ros2-beginners-level-2/ros2_ws/install/my_robot_bringup/share/my_robot_bringup/package.dsv'
[3.554s] INFO:colcon.colcon_core.shell:Creating package script '/home/emon/development/ros2-beginners-level-2/ros2_ws/install/my_robot_bringup/share/my_robot_bringup/package.sh'
[3.554s] INFO:colcon.colcon_core.shell:Creating package script '/home/emon/development/ros2-beginners-level-2/ros2_ws/install/my_robot_bringup/share/my_robot_bringup/package.bash'
[3.555s] INFO:colcon.colcon_core.shell:Creating package script '/home/emon/development/ros2-beginners-level-2/ros2_ws/install/my_robot_bringup/share/my_robot_bringup/package.zsh'
[3.555s] Level 1:colcon.colcon_core.environment:create_file_with_runtime_dependencies(/home/emon/development/ros2-beginners-level-2/ros2_ws/install/my_robot_bringup/share/colcon-core/packages/my_robot_bringup)
[3.555s] DEBUG:colcon.colcon_parallel_executor.executor.parallel:closing loop
[3.556s] DEBUG:colcon.colcon_parallel_executor.executor.parallel:loop closed
[3.556s] DEBUG:colcon.colcon_parallel_executor.executor.parallel:run_until_complete finished with '0'
[3.556s] DEBUG:colcon.colcon_core.event_reactor:joining thread
[3.584s] INFO:colcon.colcon_core.plugin_system:Skipping extension 'colcon_notification.desktop_notification.terminal_notifier': Not used on non-Darwin systems
[3.584s] INFO:colcon.colcon_core.plugin_system:Skipping extension 'colcon_notification.desktop_notification.win32': Not used on non-Windows systems
[3.584s] INFO:colcon.colcon_notification.desktop_notification:Sending desktop notification using 'notify2'
[3.614s] DEBUG:colcon.colcon_core.event_reactor:joined thread
[3.635s] INFO:colcon.colcon_core.shell:Creating prefix script '/home/emon/development/ros2-beginners-level-2/ros2_ws/install/local_setup.ps1'
[3.637s] INFO:colcon.colcon_core.shell:Creating prefix util module '/home/emon/development/ros2-beginners-level-2/ros2_ws/install/_local_setup_util_ps1.py'
[3.639s] INFO:colcon.colcon_core.shell:Creating prefix chain script '/home/emon/development/ros2-beginners-level-2/ros2_ws/install/setup.ps1'
[3.660s] INFO:colcon.colcon_core.shell:Creating prefix script '/home/emon/development/ros2-beginners-level-2/ros2_ws/install/local_setup.sh'
[3.661s] INFO:colcon.colcon_core.shell:Creating prefix util module '/home/emon/development/ros2-beginners-level-2/ros2_ws/install/_local_setup_util_sh.py'
[3.661s] INFO:colcon.colcon_core.shell:Creating prefix chain script '/home/emon/development/ros2-beginners-level-2/ros2_ws/install/setup.sh'
[3.682s] INFO:colcon.colcon_core.shell:Creating prefix script '/home/emon/development/ros2-beginners-level-2/ros2_ws/install/local_setup.bash'
[3.683s] INFO:colcon.colcon_core.shell:Creating prefix chain script '/home/emon/development/ros2-beginners-level-2/ros2_ws/install/setup.bash'
[3.703s] INFO:colcon.colcon_core.shell:Creating prefix script '/home/emon/development/ros2-beginners-level-2/ros2_ws/install/local_setup.zsh'
[3.704s] INFO:colcon.colcon_core.shell:Creating prefix chain script '/home/emon/development/ros2-beginners-level-2/ros2_ws/install/setup.zsh'
